[    0.000000] Initializing cgroup subsys cpuset
[    0.00000] Initializing cgroup subsys cpu
[    0.000000] Initializing cgroup subsys cpuacct
[    0.000000] Linux version 4.4.0-154-generic (buildd@lgw01-amd64-049) (gcc version 5.4.0 20160609 (Ubuntu 5.4.0-6ubuntu1~16.04.10) ) #181-Ubuntu SMP Tue Jun 25 05:29:03 UTC 2019 (Ubuntu 4.4.0-154.181-generic 4.4.179)
[    0.000000] Command line: BOOT_IMAGE=/boot/vmlinuz-4.4.0-154-generic root=LABEL=cloudimg-rootfs ro console=tty1 console=ttyS0
[    0.000000] KERNEL supported cpus:
[    0.000000]   Intel GenuineIntel
[    .000000]   AMD AuthenticAMD
[    0.000000]   Centaur CentaurHauls
[    0.000000] x86/fpu: Legacy x87 FPU detected.
[    0.000000] e820: BIOS-provided physical RAM map:
[    0.000000] BIOS-e820: [mem 0x0000000000000000-0x000000000009fbff] usable
[    0.000000] BIOS-e820: [mem 0x000000000009fc00-0x000000000009ffff] reserved
[    0.000000] BIOS-e820: [mem 0x00000000000f0000-0x00000000000fffff] reserved
[    0.000000] BIOS-e820: [mem 0x0000000000100000-0x000000003ffeffff] usable
[    0.000000] BIOS-e820: [mem 0x000000003fff0000-0x000000003fffffff] ACPI data
[    0.000000] BIS-e80: [mem 0x0000000fec00000-0x00000000fe00fff] reserved
[    0.000000] BIOS-e820: [mem 0x00000000fee00000-0x00000000fee00fff] reserved
[    0.000000] BIOS-e820: [mem 0x00000000fffc0000-0x00000000ffffffff] reserved
[    0.000000] NX (Execute Disable) protection: active
[    0.000000] SMBIOS 2.5 present.
[    0.000000] Hypervisor detected: KVM
[    0.000000] e820: last_pfn = 0x3fff0 max_arch_pfn = 0x400000000
[    0.000000] MTRR: Disabled
[    0.000000] x86/PAT: MTRRs disabled, skipping PAT initialization too.
[    0.000000] CPU MTRRs all blank - virtualized system.
[    0.000000] x86/PAT: Configuration [0-7]: WB  WT  UC- UC  WB  WT  UC- UC  
[    0.000000] found SMP MP-table at [mem 0x0009fff0-0x0009ffff] mapped at [ffff888000009fff0]
[    0.000000] Scanning 1 areas for low memory corruption
[    0.000000] RAMDISK: [mem 0x362fa000-0x37174fff]
[    0.000000] ACPI: Early table checksum verification disabled
[    0.000000] ACPI: RSDP 0x00000000000E0000 000024 (v02 VBOX  )
[    0.000000] ACPI: XSDT 0x000000003FFF0030 00003C (v01 VBOX   VBOXXSDT 00000001 ASL  00000061)
[    0.000000] ACPI: FACP 0x000000003FFF00F0 0000F4 (v04 VBOX   VBOXFACP 00000001 ASL  00000061)
[    0.000000] ACPI: DSDT 0x000000003FFF0470 0021FF (v02 VBOX   VBOXBIOS 00000002 INTL 20180105)
[    0.000000] ACPI: FACS 0x000000003FFF0200 000040
[    0.000000] ACPI: FACS 0x000000003FFF0200 000040
[    0.000000] ACPI: APIC 0x000000003FFF0240 00005C (v02 VBOX   VBOXAPIC 00000001 ASL  00000061)
[    0.000000] ACPI: SSDT 0x000000003FFF02A0 0001CC (v01 VBOX   VBOXCPUT 00000002 INTL 20180105)
[    0.000000] No NUMA configuration found
[    0.000000] Faking a node at [mem 0x0000000000000000-0x000000003ffeffff]
[    0.000000] NODE_DATA(0) allocated [mem 0x3ffeb000-0x3ffeffff]
[    0.000000] kvm-clock: Using msrs 4b564d01 and 4b564d00
[    0.000000] kvm-clock: cpu 0, msr 0:3ffe3001, primary cpu clock
[    0.000000] kvm-clock: using sched offset of 5141700857 cycles
[    0.000000] clocksource: kvm-clock: mask: 0xffffffffffffffff max_cycles: 0x1cd42e4dffb, max_idle_ns: 881590591483 ns
[    0.000000] Zone ranges:
[    0.000000]   DMA      [mem 0x0000000000001000-0x0000000000ffffff]
[    0.000000]   DMA32    [mem 0x0000000001000000-0x000000003ffeffff]
[    0.000000]   Normal   empty
[    0.000000]   Device   empty
[    0.000000] Movable zone start for each node
[    0.000000] Early memory node ranges
[    0.000000]   node   0: [mem 0x0000000000001000-0x000000000009efff]
[    0.000000]   node   0: [mem 0x0000000000100000-0x000000003ffeffff]
[    0.000000] Initmem setup node 0 [mem 0x0000000000001000-0x000000003ffeffff]
[    0.000000] ACPI: PM-Timer IO Port: 0x4008
[    0.000000] IOAPIC[0]: apic_id 2, version 32, address 0xfec00000, GSI 0-23
[    0.000000] ACPI: INT_SRC_OVR (bus 0 bus_irq 0 global_irq 2 dfl dfl)
[    0.000000] ACPI: INT_SRC_OVR (bus 0 busirq 9 global_irq 9 low level)
[    0.000000] Using ACPI (MADT) for SMP configuration information
[    0.000000] smpboot: Allowing 2 CPUs, 0 hotplug CPUs
[    0.000000] PM: Registered nosave memory: [mem 0x00000000-0x00000fff]
[    0.000000] PM: Registered nosave memory: [mem 0x0009f000-0x0009ffff]
[    0.000000] PM: Registered nosave memory: [mem 0x000a0000-0x000effff]
[    0.000000] PM: Registered nosave memory: [mem 0x000f0000-0x000fffff]
[    0.000000] e820: [mem 0x40000000-0xfebfffff] available for PCI devices
[    0.000000] Booting paravirtualized kernel on KVM
[    0.000000] clocksource: refined-jiffies: mask: 0xffffffff max_cycles: 0xffffffff, max_idle_ns: 7645519600211568 ns
[    0.000000] setup_percpu: NR_CPUS:512 nr_cpumask_bits:512 nr_cpu_ids:2 nr_node_ids:1
[    0.000000] PERCPU: Embedded 34 pages/cpu @ffff88003fc00000 s99480 r8192 d31592 u1048576
[    0.000000] Built 1 zonelists in Node order, mobility grouping on.  Total pages: 257912
[    0.000000] Policy zone: DMA32
[    0.000000] Kernel command line: BOOT_IMAGE=/boot/vmlinuz-4.4.0-154-generic root=LABEL=cloudimg-rootfs ro console=tty1 console=ttyS0
[    0.000000] PID hash table entries: 4096 (order: 3, 32768 bytes)
[    0.000000] Memory: 997732K/1048120K available (8613K kernel code, 1335K rwdata, 402K odata, 1484K init, 1284K bss, 50388K reserved, 0K cma-reserved)
[    0.000000] SLUB: HWalign=64, Order=0, MinObjects=0, CPUs=2, Nodes=1
[    0.000000] Kernel/User page tables iolation: enabled
[    0.000000] Hierarchical RCU implementatio.
[    0.000000] 	Build-time adjustment of leaf fanout to 64.
[    0.000000] 	RCU restricting CPUs from NR_CPUS=512 to nr_cpu_ids=2.
[    0.000000] RCU: Adjusting geometry for rcu_fanout_leaf=64, nr_cpu_ids=2
[    0.000000] NR_IRQS:33024 nr_irqs:440 16
[    0.000000] Console: colour VGA+ 80x25
[    0.000000] console [tty1] enabled
[    0.000000] console [ttyS0] enabled
[    0.000000] tsc: Detected 2992.498 MHz processor
[    1.927469] Calibrating delay loop (skipped) preset value.. 5984.99 BogoMIPS (lpj=11969992)
[    1.950004] pid_max: default: 32768 minimum: 301
[    1.951545] ACPI: Core revision 20150930
[    1.954202] ACPI: 2 ACPI AML tables successfully acquired and loaded
[    2.041640] Security Framework initialized
[    2.059516] Yama: becoming mindful.
[    2.060872] AppArmor: AppArmor initialized
[    2.101997] Dentry cache hash table entries: 131072 (order: 8, 1048576 bytes)
[    2.104577] Inode-cache hash table entries: 65536 (order: 7, 524288 bytes)
[    2.106877] Mount-cache hash table entries: 2048 (order: 2, 16384 bytes)
[    2.108836] Mountpoint-cache hash table entries: 2048 (order: 2, 16384 bytes)
[    2.115749] Initializing cgroup subsys io
[    2.117162] Initializing cgroup subsys memory
[    2.118645] Initializing cgroup subsys devices
[    2.120132] Initializing cgroup subsys freezer
[    2.121662] Initializing cgroup subsys net_cls
[    2.123147] Initializing cgroup subsys perf_event
[    2.124677] Initializing cgroup subsys net_prio
[    2.158798] Initializing cgroup subsys hugetlb
[    2.160285] Initializing cgroup subsys pids
[    2.161862] mce: CPU supports 0 MCE banks
[    2.163304] Last level iTLB entries: 4KB 128, 2MB 4, 4MB 4
[    2.165026] Last level dTLB entries: 4KB 256, 2MB 0, 4MB 32, 1GB 0
[    2.273980] Spectre V2 : Mitigation: Full generic retpoline
[    2.275713] Spectre V2 : Spectre v2 / SpectreRSB mitigation: Filling RSB on context switch
[    2.278487] Speculative Store Bypass: Vulnerable
[    2.318697] MDS: Vulnerable: Clear CPU buffers attempted, no microcode
[    2.324258] Freeing SMP alternatives memory: 36K
[    2.333602] ftrace: allocating 32299 entries in 127 pages
[    2.404649] smpboot: APIC(0) Converting physical 0 to logical package 0
[    2.518082] smpboot: Max logical packages: 1
[    2.598531] x2apic enabled
[    2.600173] Switched APIC routing to physical x2apic.
[    2.636139] ..TIMER: vector=0x30 apic1=0 pin1=2 apic2=-1 pin2=-1
[    2.757171] APIC calibration not consistent with PM-Timer: 98ms instead of 100ms
[    2.902729] APIC delta adjusted to PM-Timer: 6249993 (6162378)
[    2.966195] smpboot: CPU0: Intel(R) Core(TM)2 Duo CPU     E8400  @ 3.00GHz (family: 0x6, model: 0x17, stepping: 0xa)
[    3.011059] Performance Events: unsupported p6 CPU model 23 no PMU driver, software events only.
[    3.168909] KVM setup paravirtual spinlock
[    3.249080] x86: Booting SMP configuration:
[    3.250511] .... node  #0, CPUs:      #1
[    3.294782] kvm-clock: cpu 1, msr 0:3ffe3041, secondary cpu clock
[    3.310058] mce: CPU supports 0 MCE banks
[    3.313281] x86: Booted up 1 node, 2 CPUs
[    3.315188] smpboot: Total of 2 processors activated (11969.99 BogoMIPS)
[    3.323140] devtmpfs: initialized
[    3.327181] evm: security.selinux
[    3.328423] evm: security.SMACK64
[    3.329662] evm: security.SMACK64EXEC
[    3.330987] evm: security.SMACK64TRANSMUTE
[    3.332392] evm: security.SMACK64MMAP
[    3.333705] evm: security.ima
[    3.334911] evm: security.capability
[    3.336392] clocksource: jiffies: mask: 0xffffffff max_cycles: 0xffffffff, max_idle_ns: 7645041785100000 ns
[    3.339537] futex hash table entries: 512 (order: 3, 32768 bytes)
[    3.341551] pinctrl core: initialized pinctrl subsystem
[    3.343393] RTC time: 17:24:42, date: 08/22/19
[    3.345264] NET: Registered protocol family 16
[    3.358280] cpuidle: using governor ladder
[    3.370369] cpuidle: using governor menu
[    3.371801] PCCT header not found.
[    3.373106] ACPI: bus type PCI registered
[    3.374536] acpiphp: ACPI Hot Plug PCI Controller Driver version: 0.5
[    3.376561] PCI: Using configuration type 1 for base access
[    3.443064] ACPI: Added _OSI(Module Device)
[    3.444494] ACPI: Added _OSI(Processor Device)
[    3.469044] ACPI: Added _OSI(3.0 _SCP Extensions)
[    3.470585] ACPI: Added _OSI(Processor Aggregator Device)
[    3.473086] ACPI: Executed 1 blocks of module-level executable AML code
[    3.482996] ACPI: Interpreter enabled
[    3.541631] ACPI: (supports S0 S5)
[    3.598164] ACPI: Using IOAPIC for interrupt routing
[    3.670380] PCI: Using host bridge windows from ACPI; if necessary, use "pci=nocrs" and report a bug
[    3.677895] ACPI: PCI Root Bridge [PCI0] (domain 0000 [bus 00-ff])
[    3.740132] acpi PNP0A03:00: _OSC: OS supports [ASPM ClockPM Segments MSI]
[    3.771057] acpi PNP0A03:00: _OSC: not requesting OS control; OS requires [ExtendedConfig ASPM ClockPM MSI]
[    3.783819] acpi PNP0A03:00: fail to add MMCONFIG information, can't access extended PCI configuration space under this bridge.
[    3.808472] PCI host bridge to bus 0000:00
[    3.810477] pci_bus 0000:00: root bus resource [io  0x0000-0x0cf7 window]
[    3.813420] pci_bus 0000:00: root bus resource [io  0x0d00-0xffff window]
[    3.816380] pci_bus 0000:00: root bus resource [mem 0x000a0000-0x000bffff window]
[    3.820044] pci_bus 0000:00: root bus resource [mem 0x40000000-0xfdffffff window]
[    3.823730] pci_bus 0000:00: root bus resource [bus 00-ff]
[    3.842312] pci 0000:00:01.1: legacy IDE quirk: reg 0x10: [io  0x01f0-0x01f7]
[    3.845397] pci 0000:00:01.1: legacy IDE quirk: reg 0x14: [io  0x03f6]
[    3.848266] pci 0000:00:01.1: legacy IDE quirk: reg 0x18: [io  0x0170-0x0177]
[    3.851354] pci 0000:00:01.1: legacy IDE quirk: reg 0x1c: [io  0x0376]
[    3.890352] pci 0000:00:07.0: quirk: [io  0x4000-0x403f] claimed by PIIX4 ACPI
[    3.893333] pci 0000:00:07.0: quirk: [io  0x4100-0x410f] claimed by PIIX4 SMB
[    3.906993] ACPI: PCI Interrupt Link [LNKA] (IRQs 5 9 10 *11)
[    3.910866] ACPI: PCI Interrupt Link [LNKB] (IRQs 5 9 *10 11)
[    3.935914] ACPI: PCI Interrupt Link [LNKC] (IRQs 5 *9 10 11)
[    3.939649] ACPI: PCI Interrupt Link [LNKD] (IRQs 5 9 10 *11)
[    3.947552] ACPI: Enabled 2 GPEs in block 00 to 07
[    3.950212] vgaarb: setting as boot device: PCI:0000:00:02.0
[    3.951973] vgaarb: device added: PCI:0000:00:02.0,decodes=io+mem,owns=io+mem,locks=none
[    3.954753] vgaarb: loaded
[    3.955866] vgaarb: bridge control possible 0000:00:02.0
[    3.958173] SCSI subsystem initialized
[    3.959997] ACPI: bus type USB registered
[    3.962550] usbcore: registered new interface driver usbfs
[    3.964279] usbcore: registered new interface driver hub
[    3.965972] usbcore: registered new device driver usb
[    3.999935] PCI: Using ACPI for IRQ routing
[    4.002064] NetLabel: Initializing
[    4.003356] NetLabel:  domain hash size = 128
[    4.004813] NetLabel:  protocols = UNLABELED CIPSOv4
[    4.070334] NetLabel:  unlabeled traffic allowed by default
[    4.072468] amd_nb: Cannot enumerate AMD northbridges
[    4.111060] clocksource: Switched to clocksource kvm-clock
[    4.234412] AppArmor: AppArmor Filesystem Enabled
[    4.379350] pnp: PnP ACPI init
[    4.381601] pnp: PnP ACPI: found 3 devices
[   4.395137] clocksource: acpi_pm: mask: 0xffffff max_cycles: 0xffffff, max_idle_ns: 2085701024 ns
[    .428125] NET: Registered protocol family 2

[    4.460786] TCP established hash table entries: 8192 (order: 4, 65536 bytes)
[    4.468344] TCP bind hash table entries: 8192 (order: 5, 131072 bytes)
[    4.470432] TCP: Hash tables configured (established 8192 bind 8192)
[    4.472495] UDP hash table entries: 512 (order: 2, 16384 bytes)
[    4.474431] UDP-Lite hash table entries: 512 (order: 2, 16384 bytes)
[    4.476509] NET: Registered protocol family 1
[    4.7893] pci 0000:00:00.0: Limiting direct PCI/PCI transfers
[    4.541319] pci 0000:00:01.0: Activating ISA DMA hang workarounds
[    4.543520] Unpacking initramfs...
[   4.792974] Freeing itrd memory: 148K

[    5.063286] clocksource: tsc: mask: 0xffffffffffffffff max_cycles: 0x2b2296bc2b9, max_idle_ns: 440795321505 ns
[    5.066474] platform rtc_cmos: registered platform RTC device (no PNP device found)
[    5.081381] Scanning for low memory corruption every 60 seconds
[    5.093896] audit: initializing netlink subsys (disabled)
[    5.309220] audit: type=2000 audit(1566494687.299:1): initialized
[    5.559591] Initialise system trusted keyring
[    5.729296] HugeTLB registered 2 MB page size, pre-allocated 0 pages
[    5.871523] zbud: loaded
[    5.873021] VFS: Disk quotas dquot_6.6.0
[    5.874455] VFS: Dquot-cache hash table entries: 512 (order 0, 4096 bytes)
[    5.876815] squashfs: version 4.0 (2009/01/31) Phillip Lougher
[    5.879084] fuse init (API version 7.23)
[    5.880704] Key type big_key registered
[    5.890175] Allocating IMA MOK and blacklist keyrings.
[    5.893277] Key type asymmetric registered
[    5.894779] Asymmetric key parser 'x509' registered
[    5.920742] Block layer SCSI generic (bsg) driver version 0.4 loaded (major 249)
[    5.923577] io scheduler noop registered
[    5.925011] io scheduler deadline registered (default)
[    5.926775] io scheduler cfq registered
[    5.973445] pci_hotplug: PCI Hot Plug PCI Core version: 0.5
[    6.040456] pciehp: PCI Express Hot Plug Controller Driver version: 0.4
[    6.051663] ACPI: AC Adapter [AC] (on-line)
[    6.053292] input: Power Button as /devices/LNXSYSTM:00/LNXPWRBN:00/input/input0
[    6.057178] ACPI: Power Button [PWRF]
[    6.058736] input: Sleep Button as /devices/LNXSYSTM:00/LNXSLPBN:00/input/input1
[    6.077919] ACPI: Sleep Button [SLPF]
[    6.098703] GHES: HEST is not enabled!
[    6.101522] Serial: 8250/16550 driver, 32 ports, IRQ sharing enabled
[    6.163468] 00:02: ttyS0 at I/O 0x3f8 (irq = 4, base_baud = 115200) is a 16550A
[    6.170428] Linux agpgart interface v0.103
[    6.180375] loop: module loaded
[    6.182605] scsi host0: ata_piix
[    6.185206] scsi host1: ata_piix
[    6.186533] ata1: PATA max UDMA/33 cmd 0x1f0 ctl 0x3f6 bmdma 0xd000 irq 14
[    6.195048] ata2: PATA max UDMA/33 cmd 0x170 ctl 0x376 bmdma 0xd008 irq 15
[    6.200676] libphy: Fixed MDIO Bus: probed
[    6.202126] tun: Universal TUN/TAP device driver, 1.6
[    6.209100] tun: (C) 1999-2004 Max Krasnyansky <maxk@qualcomm.com>
[    6.212279] PPP generic driver version 2.4.2
[    6.213961] ehci_hcd: USB 2.0 'Enhanced' Host Controller (EHCI) Driver
[    6.216024] ehci-pci: EHCI PCI platform driver
[    6.224026] ehci-platform: EHCI generic platform driver
[    6.280380] ohci_hcd: USB 1.1 'Open' Host Controller (OHCI) Driver
[    6.282344] ohci-pci: OHCI PCI platform driver
[    6.296917] ohci-platform: OHCI generic platform driver
[    6.340729] uhci_hcd: USB Universal Host Controller Interface driver
[    6.342815] i8042: PNP: PS/2 Controller [PNP0303:PS2K,PNP0f03:PS2M] at 0x60,0x64 irq 1,12
[    6.371647] serio: i8042 KBD port at 0x60,0x64 irq 1
[    6.373324] serio: i8042 AUX port at 0x60,0x64 irq 12
[    6.375508] mousedev: PS/2 mouse device common for all mice
[    6.377896] input: AT Translated Set 2 keyboard as /devices/platform/i8042/serio0/input/input2
[    6.402386] rtc_cmos rtc_cmos: rtc core: registered rtc_cmos as rtc0
[    6.440464] rtc_cmos rtc_cmos: alarms up to one day, 114 bytes nvram
[    6.450116] i2c /dev entries driver
[    6.451501] device-mapper: uevent: version 1.0.3
[    6.453165] device-mapper: ioctl: 4.34.0-ioctl (2015-10-28) initialised: dm-devel@redhat.com
[    6.456036] ledtrig-cpu: registered to indicate activity on CPUs
[    6.458704] NET: Registered protocol family 10
[    6.579939] NET: Registered protocol family 17
[    6.581552] Key type dns_resolver registered
[    6.583519] registered taskstats version 1
[    6.585033] Loading compiled-in X.509 certificates
[    6.587724] Loaded X.509 cert 'Build time autogenerated kernel key: 65139e04a67245b562a838c28b5e7032abdd4348'
[    6.630660] zswap: loaded using pool lzo/zbud
[    6.662575] Key type trusted registered
[    6.695962] Key type encrypted registered
[    6.699645] AppArmor: AppArmor sha1 policy hashing enabled
[    6.701503] ima: No TPM chip found, activating TPM-bypass!
[    6.703317] ima: Allocated hash algorithm: sha1
[    6.704988] evm: HMAC attrs: 0x1
[    6.706731]   Magic number: 15:842:441
[    6.719278] rtc_cmos rtc_cmos: setting system clock to 2019-08-22 17:24:45 UTC (1566494685)
[    6.722390] BIOS EDD facility v0.16 2004-Jun-25, 0 devices found
[    6.749359] EDD information not available.
[    6.756473] Freeing unused kernel memory: 1484K
[    6.767126] Write protecting the kernel read-only data: 14336k
[    6.782846] Freeing unused kernel memory: 1616K
[    6.784787] Freeing unused kernel memory: 68K
Loading, please wait...
starting version 229
[    6.927406] random: systemd-udevd: uninitialized urandom read (16 bytes read, 2 bits of entropy available)
[    6.934669] random: systemd-udevd: uninitialized urandom read (16 bytes read, 2 bits of entropy available)
[    6.937454] random: udevadm: uninitialized urandom read (16 bytes read, 2 bits of entropy available)
[    6.937565] random: udevadm: uninitialized urandom read (16 bytes read, 2 bits of entropy available)
[    6.950435] random: systemd-udevd: uninitialized urandom read (16 bytes read, 2 bits of entropy available)
[    6.955608] random: systemd-udevd: uninitialized urandom read (16 bytes read, 2 bits of entropy available)
[    6.987558] random: systemd-udevd: uninitialized urandom read (16 bytes read, 2 bits of entropy available)
[    6.992631] random: systemd-udevd: uninitialized urandom read (16 bytes read, 2 bits of entropy available)
[    6.997649] random: systemd-udevd: uninitialized urandom read (16 bytes read, 2 bits of entropy available)
[    7.007848] random: systemd-udevd: uninitialized urandom read (16 bytes read, 2 bits of entropy available)
[    7.466742] e1000: Intel(R) PRO/1000 Network Driver - version 7.3.21-k8-NAPI
[    7.470600] e1000: Copyright (c) 1999-2006 Intel Corporation.
[    7.483650] Fusion MPT base driver 3.04.20
[    7.485900] Copyright (c) 1999-2008 LSI Corporation
[    7.541361] Fusion MPT SPI Host driver 3.04.20
[    7.694613] input: ImExPS/2 Generic Explorer Mouse as /devices/platform/i8042/serio1/input/input4
[    8.016098] e1000 0000:00:03.0 eth0: (PCI:33MHz:32-bit) 02:1e:e5:6d:71:21
[    8.018308] e1000 0000:00:03.0 eth0: Intel(R) PRO/1000 Network Connection
[    8.030390] mptbase: ioc0: Initiating bringup
[    8.035282] e1000 0000:00:03.0 enp0s3: renamed from eth0
[    8.108704] ioc0: LSI53C1030 A0: Capabilities={Initiator}
[   11.831175] scsi host2: ioc0: LSI53C1030 A0, FwRev=00000000h, Ports=1, MaxQ=256, IRQ=20
[   12.874263] scsi 2:0:0:0: Direct-Access     VBOX     HARDDISK         1.0  PQ: 0 ANSI: 5
[   13.239862] scsi target2:0:0: Beginning Domain Validation
[   13.330916] scsi target2:0:0: Domain Validation skipping write tests
[   13.337994] scsi target2:0:0: Ending Domain Validation
[   13.339698] scsi target2:0:0: asynchronous
[   13.341570] scsi 2:0:1:0: Direct-Access     VBOX     HARDDISK         1.0  PQ: 0 ANSI: 5
[   13.344317] scsi target2:0:1: Beginning Domain Validation
[   13.346956] scsi target2:0:1: Domain Validation skipping write tests
[   13.391908] scsi target2:0:1: Ending Domain Validation
[   13.393626] scsi target2:0:1: asynchronous
[   13.402419] sd 2:0:0:0: [sda] 20971520 512-byte logical blocks: (10.7 GB/10.0 GiB)
[   13.410167] sd 2:0:0:0: Attached scsi generic sg0 type 0
[   13.412216] sd 2:0:0:0: [sda] Write Protect is off
[   13.415661] sd 2:0:1:0: [sdb] 20480 512-byte logical blocks: (10.5 MB/10.0 MiB)
[   13.418526] sd 2:0:1:0: Attached scsi generic sg1 type 0
[   13.421387] sd 2:0:0:0: [sda] Incomplete mode parameter data
[   13.421389] sd 2:0:0:0: [sda] Assuming drive cache: write through
[   13.451109] sd 2:0:1:0: [sdb] Write Protect is off
[   13.453996] sd 2:0:1:0: [sdb] Incomplete mode parameter data
[   13.459764]  sda: sda1
[   13.460385] sd 2:0:0:0: [sda] Attached SCSI disk
[   13.559511] sd 2:0:1:0: [sdb] Assuming drive cache: write through
[   13.579936] sd 2:0:1:0: [sdb] Attached SCSI disk
Begin: Loading essential drivers ... [   15.921323] md: linear personality registered for level -1
[   15.946829] md: multipath personality registered for level -4
[   15.990232] md: raid0 personality registered for level 0
[   16.051000] md: raid1 personality registered for level 1
[   16.155095] raid6: sse2x1   gen()  4691 MB/s
[   16.227079] raid6: sse2x1   xor()  4674 MB/s
[   16.295081] raid6: sse2x2   gen()  5359 MB/s
[   16.363075] raid6: sse2x2   xor()  5979 MB/s
[   16.431077] raid6: sse2x4   gen()  8712 MB/s
[   16.499078] raid6: sse2x4   xor()  6870 MB/s
[   16.500520] raid6: using algorithm sse2x4 gen() 8712 MB/s
[   16.502210] raid6: .... xor() 6870 MB/s, rmw enabled
[   16.512045] raid6: using ssse3x2 recovery algorithm
[   16.517904] xor: measuring software checksum speed
[   16.616354]    prefetch64-sse: 29948.000 MB/sec
[   16.728227]    generic_sse: 75657.000 MB/sec
[   16.779524] xor: using function: generic_sse (75657.000 MB/sec)
[   16.861772] async_tx: api initialized (async)
[   16.907783] md: raid6 personality registered for level 6
[   16.939671] md: raid5 personality registered for level 5
[   16.941452] md: raid4 personality registered for level 4
[   16.998398] md: raid10 personality registered for level 10
done.
Begin: Running /scripts/init-premount ... done.
Begin: Mounting root file system ... Begin: Running /scripts/local-top ... done.
Begin: Running /scripts/local-premount ... [   17.184909] Btrfs loaded
Scanning for Btrfs filesystems
done.
Warning: fsck not present, so skipping root file system
[   17.497196] EXT4-fs (sda1): mounted filesystem with ordered data mode. Opts: (null)
done.
Begin: Running /scripts/local-bottom ... done.
Begin: Running /scripts/init-bottom ... done.
[   18.369992] systemd[1]: systemd 229 running in system mode. (+PAM +AUDIT +SELINUX +IMA +APPARMOR +SMACK +SYSVINIT +UTMP +LIBCRYPTSETUP +GCRYPT +GNUTLS +ACL +XZ -LZ4 +SECCOMP +BLKID +ELFUTILS +KMOD -IDN)
[   18.380876] systemd[1]: Detected virtualization oracle.
[   18.429531] systemd[1]: Detected architecture x86-64.

Welcome to [1mUbuntu 16.04.6 LTS[0m!

[   18.456108] systemd[1]: Set hostname to <ubuntu>.
[   18.478277] systemd[1]: Initializing machine ID from random generator.
[   18.480483] systemd[1]: Installed transient /etc/machine-id file.
[   18.617721] random: nonblocking pool is initialized
[   19.515244] systemd[1]: Set up automount Arbitrary Executable File Formats File System Automount Point.
[[0;32m  OK  [0m] Set up automount Arbitrary Executab...ats File System Automount Point.
[   19.551814] systemd[1]: Listening on /dev/initctl Compatibility Named Pipe.
[[0;32m  OK  [0m] Listening on /dev/initctl Compatibility Named Pipe.
[   19.568747] systemd[1]: Created slice User and Session Slice.
[[0;32m  OK  [0m] Created slice User and Session Slice.
[   19.576601] systemd[1]: Reached target User and Group Name Lookups.
[[0;32m  OK  [0m] Reached target User and Group Name Lookups.
[   19.591015] systemd[1]: Listening on udev Kernel Socket.
[[0;32m  OK  [0m] Listening on udev Kernel Socket.
[   19.632819] systemd[1]: Listening on Journal Audit Socket.
[[0;32m  OK  [0m] Listening on Journal Audit Socket.
[   19.675757] systemd[1]: Listening on Journal Socket (/dev/log).
[[0;32m  OK  [0m] Listening on Journal Socket (/dev/log).
[   19.715573] systemd[1]: Listening on LVM2 poll daemon socket.
[[0;32m  OK  [0m] Listening on LVM2 poll daemon socket.
[   19.760898] systemd[1]: Reached target Swap.
[[0;32m  OK  [0m] Reached target Swap.
[   19.803728] systemd[1]: Listening on Journal Socket.
[[0;32m  OK  [0m] Listening on Journal Socket.
[   19.845515] systemd[1]: Listening on udev Control Socket.
[[0;32m  OK  [0m] Listening on udev Control Socket.
[   19.872637] systemd[1]: Created slice System Slice.
[[0;32m  OK  [0m] Created slice System Slice.
[   19.914178] systemd[1]: Reached target Slices.
[[0;32m  OK  [0m] Reached target Slices.
[   19.967595] systemd[1]: Mounting Huge Pages File System...
         Mounting Huge Pages File System...
[   19.990717] systemd[1]: Starting Create list of required static device nodes for the current kernel...
         Starting Create list of required st... nodes for the current kernel...
[   20.042895] systemd[1]: Starting Set console keymap...
         Starting Set console keymap...
[   20.094465] systemd[1]: Starting Uncomplicated firewall...
         Starting Uncomplicated firewall...
[   20.142632] systemd[1]: Mounting POSIX Message Queue File System...
         Mounting POSIX Message Queue File System...
[   20.264059] systemd[1]: Starting Load Kernel Modules...
         Starting Load Kernel Modules...
[   20.279804] systemd[1]: Started Trigger resolvconf update for networkd DNS.
[[0;32m  OK  [0m] Started Trigger resolvconf update for networkd DNS.
[   20.310770] systemd[1]: Reached target System Time Synchronized.
[[0;32m  OK  [0m] Reached target System Time Synchronized.
[   20.339711] systemd[1]: Started Forward Password Requests to Wall Directory Watch.
[[0;32m  OK  [0m] Started Forward Password Requests to Wall Directory Watch.
[   20.369866] systemd[1]: Created slice system-serial\x2dgetty.slice.
[   20.374395] Loading iSCSI transport class v2.0-870.
[[0;32m  OK  [0m] Created slice system-serial\[   20.404459] iscsi: registered transport (tcp)
x2dgetty.slice.
[   20.516422] systemd[1]: Starting Remount Root and Kernel File Systems...
         Starting Remount Root and Kernel File Systems...
[   20.523538] systemd[1]: Reached target Encrypted Volumes.
[[0;32m  OK  [0m] Reached target Encrypted Volumes.
[   20.533505] systemd[1]: Listening on Device-mapper event daemon FIFOs.
[[0;32m  OK  [0m] Listening on Device-mapper event daemon FIFOs[   20.568350] EXT4-fs (sda1): re-mounted. Opts: (null)
.
[   20.617996] iscsi: registered transport (iser)
[   20.623718] systemd[1]: Mounting Debug File System...
         Mounting Debug File System...
[   20.653002] systemd[1]: Starting Nameserver information manager...
         Starting Nameserver information manager...
[   20.660215] systemd[1]: Listening on Syslog Socket.
[[0;32m  OK  [0m] Listening on Syslog Socket.
[   20.703568] systemd[1]: Starting Journal Service...
         Starting Journal Service...
[   20.710445] systemd[1]: Listening on LVM2 metadata daemon socket.
[[0;32m  OK  [0m] Listening on LVM2 metadata daemon socket.
[   20.723287] systemd[1]: Starting Monitoring of LVM2 mirrors, snapshots etc. using dmeventd or progress polling...
         Starting Monitoring of LVM2 mirrors... dmeventd or progress polling...
[   20.757679] systemd[1]: Mounted POSIX Message Queue File System.
[[0;32m  OK  [0m] Mounted POSIX Message Queue File System.
[   20.770167] systemd[1]: Mounted Huge Pages File System.
[[0;32m  OK  [0m] Mounted Huge Pages File System.
[   20.831565] systemd[1]: Mounted Debug File System.
[[0;32m  OK  [0m] Mounted Debug File System.
[   20.845805] systemd[1]: Started Create list of required static device nodes for the current kernel.
[[0;32m  OK  [0m] Started Create list of required sta...ce nodes for the current kernel.
[   20.861987] systemd[1]: Started Set console keymap.
[[0;32m  OK  [0m] Started Set console keymap.
[   20.883932] systemd[1]: Started Uncomplicated firewall.
[[0;32m  OK  [0m] Started Uncomplicated firewall.
[   20.891843] systemd[1]: Started Load Kernel Modules.
[[0;32m  OK  [0m] Started Load Kernel Modules.
[   20.910471] systemd[1]: Started Remount Root and Kernel File Systems.
[[0;32m  OK  [0m] Started Remount Root and Kernel File Systems.
[   21.024317] systemd[1]: Started Nameserver information manager.
[[0;32m  OK  [0m] Started Nameserver information manager.
[   21.075694] systemd[1]: Started Journal Service.
[[0;32m  OK  [0m] Started Journal Service.
[[0;32m  OK  [0m] Started LVM2 metadata daemon.
         Starting udev Coldplug all Devices...
         Starting Load/Save Random Seed...
         Starting Flush Journal to Persistent Storage...
         Mounting FUSE Control File System...
         Starting Apply Kernel Variables...
         Starting Create Static Device Nodes in /dev...
[[0;32m  OK  [0m] Mounted FUSE Control File System.
[[0;32m  OK  [0m] Started Load/Save Random Seed.
[[0;32m  OK  [0m] Started Apply Kernel Variables.
[[0;32m  OK  [0m] Started Monitoring of LVM2 mirrors,...ng dmeventd or progress polling.
[[0;32m  OK  [0m] Started Create Static Device Nodes in /dev.
[[0;32m  OK  [0m] Started Flush Journal to Persistent Storage.
         Starting udev Kernel Device Manager...
[[0;32m  OK  [0m] Reached target Local File Systems (Pre).
[[0;32m  OK  [0m] Reached target Local File Systems.
         Starting Commit a transient machine-id on disk...
         Starting Initial cloud-init job (pre-networking)...
         Starting LSB: AppArmor initialization...
         Starting Set console font and keymap...
         Starting Create Volatile Files and Directories...
         Starting Tell Plymouth To Write Out Runtime Data...
[[0;32m  OK  [0m] Started udev Coldplug all Devices.
[[0;32m  OK  [0m] Started Commit a transient machine-id on disk.
[[0;32m  OK  [0m] Started Create Volatile Files and Directories.
[[0;32m  OK  [0m] Started Tell Plymouth To Write Out Runtime Data.
         Starting Update UTMP about System Boot/Shutdown...
[[0;32m  OK  [0m] Started Update UTMP about System Boot/Shutdown.
[[0;32m  OK  [0m] Started udev Kernel Device Manager.
[[0;32m  OK  [0m] Started Dispatch Password Requests to Console Directory Watch.
[[0;32m  OK  [0m] Found device /dev/ttyS0.
[[0;32m  OK  [0m] Listening on Load/Save RF Kill Switch Status /dev/rfkill Watch.
[[0;32m  OK  [0m] Started LSB: AppArmor initialization.
[   25.462891] cloud-init[477]: Cloud-init v. 19.1-1-gbaa47854-0ubuntu1~16.04.1 running 'init-local' at Thu, 22 Aug 2019 17:25:06 +0000. Up 23.91 seconds.
[[0;32m  OK  [0m] Started Initial cloud-init job (pre-networking).
[[0;32m  OK  [0m] Reached target Network (Pre).
         Starting Raise network interfaces...
[[0;32m  OK  [0m] Started Set console font and keymap.
[[0;32m  OK  [0m] Created slice system-getty.slice.
[[0;32m  OK  [0m] Started Raise network interfaces.
[[0;32m  OK  [0m] Reached target Network.
         Starting Initial cloud-init job (metadata service crawler)...
[   32.383296] cloud-init[955]: Cloud-init v. 19.1-1-gbaa47854-0ubuntu1~16.04.1 running 'init' at Thu, 22 Aug 2019 17:25:11 +0000. Up 28.67 seconds.
[   32.604491] cloud-init[955]: ci-info: ++++++++++++++++++++++++++++++++++++++Net device info++++++++++++++++++++++++++++++++++++++
[[0;32m  OK  [0m] Started Initial cloud-init job (metadata service crawler).
[   32.671182] cloud-init[955]: ci-info: +--------+------+----------------------------+---------------+--------+-------------------+
[[0;32m  OK  [0m] Reached target System Initialization.
[   32.851367] cloud-init[955]: ci-info: | Device |  Up  |          Address           |      Mask     | Scope  |     Hw-Address    |
         Starting LXD - unix socket.
[[0;32m  OK  [0m] Listening on D-Bus System Message Bus Socket.
[   32.899708] cloud-init[955]: ci-info: +--------+------+----------------------------+---------------+--------+-------------------+
[   32.990962] cloud-init[955]: ci-info: | enp0s3 | True |         10.0.2.15          | 255.255.255.0 | global | 02:1e:e5:6d:71:21 |
[[0;32m  OK  [0m] Started Daily apt download activities.
[[0;32m  OK  [0m] Listening on ACPID Listen Socket.
[   32.998583] cloud-init[955]: ci-info: | enp0s3 | True | fe80::1e:e5ff:fe6d:7121/64 |       .       |  link  | 02:1e:e5:6d:71:21 |
[   33.026035] cloud-init[955]: ci-info: |   lo   | True |         127.0.0.1          |   255.0.0.0   |  host  |         .         |
[   33.115451] cloud-init[955]: ci-info: |   lo   | True |          ::1/128           |       .       |  host  |         .         |
[[0;32m  OK  [0m] Started ACPI Events Check.
[[0;32m  OK  [0m] Reached target Paths.
[[0;32m  OK  [0m] Started Daily Cleanup of Temporary Directories.
[   33.121600] cloud-init[955]: ci-info: +--------+------+----------------------------+---------------+--------+-------------------+
[   33.278171] cloud-init[955]: ci-info: +++++++++++++++++++++++++++Route IPv4 info++++++++++++++++++++++++++++         Starting Socket activation for snappy daemon.
[[0;32m  OK  [0m] Started Daily apt upgrade and clean activities.
[[0;32m  OK  [0m] Reached target Timers.
[[0;32m  OK  [0m] Listening on UUID daemon activation socket.
[[0;32m  OK  [0m] Reached target Cloud-config availability.
[[0;32m  OK  [0m] Reached target Network is Online.

[   33.324103] cloud-init[955]: ci-info: +-------+-------------+----------+---------------+-----------+-------+
[   33.328274] cloud-init[955]: ci-info: | Route | Destination | Gateway  |    Genmask    | Interface | Flags |
         Starting iSCSI initiator daemon (iscsid)...
[   33.388004] cloud-init[955]: ci-info: +-------+-------------+----------+---------------+-----------+-------+
[   33.419123] cloud-init[955]: ci-info: |   0   |   0.0.0.0   | 10.0.2.2 |    0.0.0.0    |   enp0s3  |   UG  |
[   33.447479] cloud-init[955]: ci-info: |   1   |   10.0.2.0  | 0.0.0.0  | 255.255.255.0 |   enp0s3  |   U   |
[[0;32m  OK  [0m] Listening on LXD - unix socket.
[[0;32m  OK  [0m] Listening on Socket activation for snappy daemon.
[   33.463930] cloud-init[955]: ci-info: +-------+-------------+----------+---------------+-----------+-------+
[   33.505258] cloud-init[955]: ci-info: +++++++++++++++++++Route IPv6 info+++++++++++++++++++
[[0;32m  OK  [0m] Reached target Sockets.
[[0;32m  OK  [0m] Reached target Basic System.
[   33.512250] cloud-init[955]: ci-info: +-------+-------------+---------+-----------+-------+
[   33.521960] cloud-init[955]: ci-info: | Route | Destination | Gateway | Interface | Flags |
[   33.529217] cloud-init[955]: ci-info: +-------+-------------+---------+-----------+-------+
[   33.536364] cloud-init[955]: ci-info: |   0   |  fe80::/64  |    ::   |   enp0s3  |   U   |
[   33.545813] cloud-init[955]: ci-info: |   4   |   ff00::/8  |    ::   |   enp0s3  |   U   |
[   33.572839] cloud-init[955]: ci-info: +-------+-------------+---------+-----------+-------+
         Starting Accounts Service...
[   33.663670] cloud-init[955]: Generating public/private rsa key pair.
[   33.689684] cloud-init[955]: Your identification has been saved in /etc/ssh/ssh_host_rsa_key.
[   33.740005] cloud-init[955]: Your public key has been saved in /etc/ssh/ssh_host_rsa_key.pub.
[   33.744140] cloud-init[955]: The key fingerprint is:
[   33.747863] cloud-init[955]: SHA256:gDJDMioSHk/Z1o3QvBzLGyWi05Fv9X8vEGSM/GzpKlA root@ubuntu-xenial
[   33.754822] cloud-init[955]: The key's randomart image is:
[   33.758341] cloud-init[955]: +---[RSA 2048]----+
         Starting System Logging Service...
[   33.768559] cloud-init[955]: |+...o.* o. o     |
[   33.772153] cloud-init[955]: |o=+. B B +o +    |
[   33.776607] cloud-init[955]: |+.+.= B B .= .   |
[   33.782352] cloud-init[955]: |o  * . XE  .*    |
[   33.791112] cloud-init[955]: |    . ..S  o..   |
[   33.798367] cloud-init[955]: |      ..    o. . |
[   33.801730] cloud-init[955]: |       .   . .. .|
[   33.808742]          cloud-initStarting Virtualbox guest utils...[955]: 
|        . .   . .|
[   33.809391] cloud-init[955]: |         .     . |
[   33.891318] cloud-init[955]: +----[SHA256]-----+
[   33.903248] cloud-init[955]: Generating public/private dsa key pair.
[   33.911507] cloud-init[955]: Your identification has been saved in /etc/ssh/ssh_host_dsa_key.
         Starting Login Service...
[   33.933786] cloud-init[955]: Your public key has been saved in /etc/ssh/ssh_host_dsa_key.pub.
[   33.960731] cloud-init[955]: The key fingerprint is:
[   33.984906] cloud-init[955]: SHA256:FF65V5ecjDR9uSAWG+Z+ObeEjFXafA9cR/DJrUmYHx4 root@ubuntu-xenial
[[0;32m  OK  [0m] Started D-Bus System Message Bus.
[   34.085109] cloud-init[955]: The key's randomart image is:
[   34.085549] cloud-init[955]: +---[DSA 1024]----+
[   34.085893] cloud-init[955]: |        . .=oo*+B|
[   34.086233] cloud-init[955]: |       . o+oo*OX*|
[   34.086584] cloud-init[955]: |        o .+++E**|
[   34.086929] cloud-init[955]: |       .  o =+oBo|
[   34.088578] cloud-init[955]: |        S  + *=o.|
[   34.089722] cloud-init[955]: |            . + .|
[   34.090891] cloud-init[955]: |               . |
[   34.091692] cloud-init[955]: |                 |
[   34.092551] cloud-init[955]: |                 |
[   34.093523] cloud-init[955]: +----[SHA256]-----+
[   34.094366] cloud-init[955]: Generating public/private ecdsa key pair.
[   34.095330] cloud-init[955]: Your identification has been saved in /etc/ssh/ssh_host_ecdsa_key.
[   34.096438] cloud-init[955]: Your public key has been saved in /etc/ssh/ssh_host_ecdsa_key.pub.
[   34.237627] cloud-init[955]: The key fingerprint is:
[   34.247754] cloud-init[955]: SHA256:UMkzC/pFy03szDeN5rYHJla1FZeYAjQVgZEsqPZzT1c root@ubuntu-xenial
[   34.259841] cloud-init[955]: The key's randomart image is:
[   34.277759] cloud-init[955]: +---[ECDSA 256]---+
[   34.288505] cloud-init[955]: |      ..+B*+o o.+|
[   34.295192] cloud-init[955]: |     ..o*++. o..o|
[   34.299019] cloud-init[955]: |    ...+.@  .+ o |
[   34.302135] cloud-init[955]: |   o.  .= = *Eo  |
[   34.304637] cloud-init[955]: |  . .. .S  =..   |
[   34.316641] cloud-init[955]: |     o.. .o.=    |
[   34.333578] cloud-init[955]: |      o o..+ o   |
[   34.353570] cloud-init[955]: |         .  . .  |
[   34.360574] cloud-init[955]: |             .   |
[   34.361189] cloud-init[955]: +----[SHA256]-----+
[   34.361734] cloud-init[955]: Generating public/private ed25519 key pair.
[   34.362411] cloud-init[955]: Your identification has been saved in /etc/ssh/ssh_host_ed25519_key.
[   34.362946] cloud-init[955]: Your public key has been saved in /etc/ssh/ssh_host_ed25519_key.pub.
[   34.363559] cloud-init[955]: The key fingerprint is:
         Starting Pollinate to seed the pseudo random number generator...
[   34.364290] cloud-init[955]: SHA256:Tj7qbvRvbM6OfKXwG6IcMWoEkZpI8Vr3DvGLpJT8R4M root@ubuntu-xenial
[   34.466782] cloud-init[955]: The key's randomart image is:
[[0;32m  OK  [0m] Started Regular background program processing daemon.
[   34.508649] cloud-init[955]: +--[ED25519 256]--+
[   34.545905] cloud-init[955]: | .o.             |
[   34.572650] cloud-init[955]:          | .o.             |Starting /etc/rc.local Compatibility...

[   34.573306] cloud-init[955]: |oo.o o           |
[   34.761105] cloud-init[955]: |+ +.o =          |
[[0;32m  OK  [0m] Started FUSE filesystem for LXC.
[   34.775379] cloud-init[955]: | . +.Eo=S        |
[   34.794607] cloud-init[955]: |  ..+.**+   .    |
[   34.820751] cloud-init[955]: |   .o+.==+.o     |
[   34.888380] cloud-init[955]: |   . .o=.=B.     |
[[0;32m  OK  [0m] Started ACPI event daemon.
[   34.892736] cloud-init[955]: |     +* oB*.     |
[   34.928745] cloud-init[955]: +----[SHA256]-----+
         Starting Snappy daemon...
         Starting LSB: MD monitoring daemon...
[[0;32m  OK  [0m] Started Deferred execution scheduler.
         Starting LSB: Record successful boot for GRUB...
         Starting LXD - container startup/shutdown...
[[0;32m  OK  [0m] Started System Logging Service.
[[0;32m  OK  [0m] Started /etc/rc.local Compatibility.
[[0;32m  OK  [0m] Started iSCSI initiator daemon (iscsid).
[[0;32m  OK  [0m] Started Login Service.
[[0;32m  OK  [0m] Started Unattended Upgrades Shutdown.
         Starting Authenticate and Authorize Users to Run Privileged Tasks...
         Starting Login to default iSCSI targets...
[[0;32m  OK  [0m] Started LSB: Record successful boot for GRUB.
[[0;32m  OK  [0m] Started LSB: MD monitoring daemon.
[[0;32m  OK  [0m] Started Login to default iSCSI targets.
[[0;32m  OK  [0m] Started Authenticate and Authorize Users to Run Privileged Tasks.
[[0;32m  OK  [0m] Started Accounts Service.
[[0;32m  OK  [0m] Reached target Remote File Systems (Pre).
[[0;32m  OK  [0m] Reached target Remote File Systems.
         Starting LSB: automatic crash report generation...
         Starting LSB: daemon to balance interrupts for SMP systems...
         Starting Permit User Sessions...
         Starting LSB: Set the CPU Frequency Scaling governor to "ondemand"...
[[0;32m  OK  [0m] Started Permit User Sessions.
[[0;32m  OK  [0m] Started Virtualbox guest utils.
         Starting Terminate Plymouth Boot Screen...
         Starting Hold until boot process finishes up...
[[0;32m  OK  [0m] Started Terminate Plymouth Boot Screen.
[[0;32m  OK  [0m] Started Hold until boot process finishes up.
[[0;32m  OK  [0m] Started Getty on tty1.
[[0;32m  OK  [0m] Started Serial Getty on ttyS0.
[[0;32m  OK  [0m] Reached target Login Prompts.
         Starting Set console scheme...
[[0;32m  OK  [0m] Started LXD - container startup/shutdown.
[[0;32m  OK  [0m] Started LSB: daemon to balance interrupts for SMP systems.
[[0;32m  OK  [0m] Started LSB: Set the CPU Frequency Scaling governor to "ondemand".
[[0;32m  OK  [0m] Started Set console scheme.
[[0;32m  OK  [0m] Started LSB: automatic crash report generation.
[[0;32m  OK  [0m] Started Snappy daemon.
         Starting Wait until snapd is fully seeded...
[[0;32m  OK  [0m] Started Pollinate to seed the pseudo random number generator.
         Starting OpenBSD Secure Shell server...
[[0;32m  OK  [0m] Started OpenBSD Secure Shell server.
[[0;32m  OK  [0m] Created slice User Slice of vagrant.
[[0;32m  OK  [0m] Started Session 1 of user vagrant.
         Starting User Manager for UID 1000...
[[0;32m  OK  [0m] Started User Manager for UID 1000.
[[0;32m  OK  [0m] Started Wait until snapd is fully seeded.
         Starting Apply the settings specified in cloud-config...
[[0;32m  OK  [0m] Reached target Multi-User System.
[[0;32m  OK  [0m] Reached target Graphical Interface.
         Starting Update UTMP about System Runlevel Changes...
[[0;32m  OK  [0m] Started Update UTMP about System Runlevel Changes.

Ubuntu 16.04.6 LTS ubuntu-xenial ttyS0

ubuntu-xenial login: [   45.236542] cloud-init[1391]: Generating locales (this might take a while)...
[   48.448602] cloud-init[1391]:   en_US.UTF-8... done
[   48.464712] cloud-init[1391]: Generation complete.
[   50.157385] cloud-init[1391]: Cloud-init v. 19.1-1-gbaa47854-0ubuntu1~16.04.1 running 'modules:config' at Thu, 22 Aug 2019 17:25:26 +0000. Up 44.13 seconds.
ci-info: no authorized ssh keys fingerprints found for user ubuntu.
<14>Aug 22 17:25:34 ec2: 
<14>Aug 22 17:25:34 ec2: #############################################################
<14>Aug 22 17:25:34 ec2: -----BEGIN SSH HOST KEY FINGERPRINTS-----
<14>Aug 22 17:25:34 ec2: 1024 SHA256:FF65V5ecjDR9uSAWG+Z+ObeEjFXafA9cR/DJrUmYHx4 root@ubuntu-xenial (DSA)
<14>Aug 22 17:25:34 ec2: 256 SHA256:UMkzC/pFy03szDeN5rYHJla1FZeYAjQVgZEsqPZzT1c root@ubuntu-xenial (ECDSA)
<14>Aug 22 17:25:34 ec2: 256 SHA256:Tj7qbvRvbM6OfKXwG6IcMWoEkZpI8Vr3DvGLpJT8R4M root@ubuntu-xenial (ED25519)
<14>Aug 22 17:25:34 ec2: 2048 SHA256:gDJDMioSHk/Z1o3QvBzLGyWi05Fv9X8vEGSM/GzpKlA root@ubuntu-xenial (RSA)
<14>Aug 22 17:25:34 ec2: -----END SSH HOST KEY FINGERPRINTS-----
<14>Aug 22 17:25:34 ec2: #############################################################
-----BEGIN SSH HOST KEY KEYS-----
ecdsa-sha2-nistp256 AAAAE2VjZHNhLXNoYTItbmlzdHAyNTYAAAAIbmlzdHAyNTYAAABBBFTJPdfzTIc0h1vezfLpeU1FiEEEssXfgVzJd18craQ84dpgxJj364PQPx10JLmx/k/p1bBX2CjdyeZX3Sn3qDY= root@ubuntu-xenial
ssh-ed25519 AAAAC3NzaC1lZDI1NTE5AAAAIAlMD2vgn9+2MakP6/g3ggJJjyb05TTAE9vdTVi71z3U root@ubuntu-xenial
ssh-rsa AAAAB3NzaC1yc2EAAAADAQABAAABAQCmKuVJL51uOjVOH8ofuCQZrzNNglCiAXAtpeUOgpNJfmQ7bQ+U6zQDL9u+qlfyrzeMbtWn661bICWfvgbWvRtOX/eZRgbXZ2MpJTcxtsJRuN7KSduuWR5fnqhaVX9TLyuFvqPGX3FnJUiVpWifZ7IPD2UsJLtaKw5uvkaJfg0eLyMddKvT33nywz+6m8hnKpeQZ09l6a18hUiiDSdxgCXqHM5+D7gyif6/Y2uPHQ/6DQ5KvTbeBShlvXPChW9BGV2XI0fYjKqjngxCgCOWkWNmnlVFlQeZRuy01L83HbQml5HRhj0BUvd9OkCiSr11D8euOqyBv2ZKXHKfR+ccgcMP root@ubuntu-xenial
-----END SSH HOST KEY KEYS-----
[   52.444465] cloud-init[1556]: Cloud-init v. 19.1-1-gbaa47854-0ubuntu1~16.04.1 running 'modules:final' at Thu, 22 Aug 2019 17:25:33 +0000. Up 51.63 seconds.
[   52.445456] cloud-init[1556]: ci-info: no authorized ssh keys fingerprints found for user ubuntu.
[   52.446228] cloud-init[1556]: Cloud-init v. 19.1-1-gbaa47854-0ubuntu1~16.04.1 finished at Thu, 22 Aug 2019 17:25:34 +0000. Datasource DataSourceNoCloud [seed=/dev/sdb][dsmode=net].  Up 52.40 seconds
