[    0.000000] Initializing cgroup subsys cpuset
[    0.000000] Initializing cgroup subsys cpu
[    0.000000] Initializing cgroup subsys cpuacct
[    0.000000] Linux version 4.4.0-154-generic (buildd@lgw01-amd64-049) (gcc version 5.4.0 20160609 (Ubuntu 5.4.0-6ubuntu1~16.04.10) ) #181-Ubuntu SMP Tue Jun 25 05:29:03 UTC 2019 (Ubuntu 4.4.0-154.181-generic 4.4.179)
[    0.000000] Command line: BOOT_IMAGE=/boot/vmlinuz-4.4.0-154-generic root=LABEL=cloudimg-rootfs ro console=tty1 console=ttyS0
[    0.000000] KERNEL supported cpus:
[    0.000000]   Intel GenuineIntel
[    0.000000]   AMD AuthentiAAMD
[    0.000000]   Centaur CentaurHauls
[    0.000000] x86/fpu: Legacy x87 FPU detected.
[    0.000000] e820: BIOS-provided physical RAM map:
[    0.000000] BIOS-e820: [mem 0x0000000000000000-0x000000000009fbff] usable
[    0.000000] BIOS-e820: [mem 0x000000000009fc00-0x000000000009ffff] reserved
[    0.000000] BIOS-e820: [mem 0x00000000000f0000-0x00000000000fffff] reserved
[    0.000000] BIOS-e820: [mem 0x0000000000100000-0x000000002cfeffff] usable
[    0.000000] BIOS-e820: [mem 0x000000002cff0000-0x000000002cffffff] ACPI data
[    0.000000] BIOS-e820: [mem 0x00000000fec00000-0x00000000fec00fff] reserved
[    0.000000] BIOS-e820: [mem 0x00000000fee00000-0x00000000fee00fff] reserved
[    0.000000] BIOS-e820: [mem 0x00000000fffc0000-0x00000000ffffffff] reserved
[    0.000000] NX (Execute Disable) protection: active
[    0.000000] SMBIOS 2.5 present.
[    0.000000] Hypervisor detected: KVM
[    0.000000] e820: last_pfn = 0x2cff0 max_arch_pfn = 0x400000000
[    0.000000] MTRR: Disabled
[    0.000000] x86/PAT: MTRRs disabled, skipping PAT initialization too.
[    0.000000] CPU MTRRs all blank - virtualized system.
[    0.000000] x86/PAT: Configuration [0-7]: WB  WT  UC- UC  WB  WT  UC- UC  
[    0.000000] found SMP MP-table at [mem 0x0009fff0-0x0009ffff] mapped at [ffff88000009fff0]
[    0.000000] Scanning 1 areas for low memory corruption
[    0.000000] RAMDISK: [mem 0x2b8be000-0x2c738fff]
[    0.000000] ACPI: Early table checksum verification disabled
[    0.000000] ACPI: RSDP 0x00000000000E0000 000024 (v02 VBOX  )
[    0.000000] ACPI: XSDT 0x000000002CFF0030 00003C (v01 VBOX   VBOXXSDT 00000001 ASL  00000061)
[    0.000000] ACPI: FACP 0x000000002CFF00F0 0000F4 (v04 VBOX   VBOXFACP 00000001 ASL  00000061)
[    0.000000] ACPI: DSDT 0x000000002CFF0470 0021FF (v02 VBOX   VBOXBIOS 00000002 INTL 20180105)
[    0.000000] ACPI: FACS 0x000000002CFF0200 000040
[    0.000000] ACPI: FACS 0x000000002CFF0200 000040
[    0.000000] ACPI: APIC 0x000000002CFF0240 000054 (v02 VBOX   VBOXAPIC 00000001 ASL  00000061)
[    0.000000] ACPI: SSDT 0x000000002CFF02A0 0001CC (v01 VBOX   VBOXCPUT 00000002 INTL 20180105)
[    0.000000] No NUMA configuration found
[    0.000000] Faking a node at [mem 0x0000000000000000-0x000000002cfeffff]
[    0.000000] NODE_DATA(0) allocated [mem 0x2cfeb000-0x2cfeffff]
[    0.000000] kvm-clock: Using msrs 4b564d01 and 4b564d00
[    0.000000] kvm-clock: cpu 0, msr 0:2cfe3001, primary cpu clock
[    0.000000] kvm-clock: using sched offset of 6389456314 cycles
[    0.000000] clocksource: kvm-clock: mask: 0xffffffffffffffff max_cycles: 0x1cd42e4dffb, max_idle_ns: 881590591483 ns
[    0.000000] Zone ranges:
[    0.000000]   DMA      [mem 0x0000000000001000-0x0000000000ffffff]
[    0.000000]   DMA32    [mem 0x0000000001000000-0x000000002cfeffff]
[    0.000000]   Normal   empty
[    0.000000]   Device   empty
[    0.000000] Movable zone start for each node
[    0.000000] Early memory node ranges
[    0.000000]   node   0: [mem 0x0000000000001000-0x000000000009efff]
[    0.000000]   node   0: [mem 0x0000000000100000-0x000000002cfeffff]
[    0.000000] Initmem setup node 0 [mem 0x0000000000001000-0x000000002cfeffff]
[    0.000000] ACPI: PM-Timer IO Port: 0x4008
[    0.000000] IOAPIC[0]: apic_id 1, version 32, address 0xfec00000, GSI 0-23
[    0.000000] ACPI: INT_SRC_OVR (bus 0 bus_irq 0 global_irq 2 dfl dfl)
[    0.000000] ACPI: INT_SRC_OVR (bus 0 bus_irq 9 global_irq 9 low level)
[    0.000000] Using ACPI (MADT) for SMP configuration information
[    0.000000] smpboot: Allowing 1 CPUs, 0 hotplug CPUs
[    0.000000] PM: Registered nosave memory: [mem 0x00000000-0x00000fff]
[    0.000000] PM: Registered nosave memory: [mem 0x0009f000-0x0009ffff]
[    0.000000] PM: Registered nosave memory: [mem 0x000a0000-0x000effff]
[    0.000000] PM: Registered nosave memory: [mem 0x000f0000-0x000fffff]
[    0.000000] e820: [mem 0x2d000000-0xfebfffff] available for PCI devices
[    0.000000] Booting paravirtualized kernel on KVM
[    0.000000] clocksource: refined-jiffies: mask: 0xffffffff max_cycles: 0xffffffff, max_idle_ns: 7645519600211568 ns
[    0.000000] setup_percpu: NR_CPUS:512 nr_cpumask_bits:512 nr_cpu_ids:1 nr_node_ids:1
[    0.000000] PERCPU: Embedded 34 pages/cpu @ffff88002cc00000 s99480 r8192 d31592 u2097152
[    0.000000] Built 1 zonelists in Node order, mobility grouping on.  Total pages: 181304
[    0.000000] Policy zone: DMA32
[    0.000000] Kernel command line: BOOT_IMAGE=/boot/vmlinuz-4.4.0-154-generic root=LABEL=cloudimg-rootfs ro console=tty1 console=ttyS0
[    0.000000] PID hash table entries: 4096 (order: 3, 32768 bytes)
[    0.000000] Memory: 690668K/736824K available (8613K kernel code, 1335K rwdata, 4028K rodata, 1484K init, 1284K bss, 46156K reserved, 0K cma-reserved)
[    0.000000] SLUB: HWalign=64, Order=0-3, MinObjects=0, CPUs=1, Nodes=1
[    0.000000] Kernel/User page tables isolation: enabled
[    0.000000] Hierarchical RCU implementation.
[    0.000000] 	Build-time adjustment of leaf fanout to 64.
[    0.000000] 	RCU restricting CPUs from NR_CPUS=512 to nr_cpu_ids=1.
[    0.000000] RCU: Adjusting geometry for rcu_fanout_leaf=64, nr_cpu_ids=1
[    0.000000] NR_IRQS:33024 nr_irqs:256 16
[    0.000000] Console: colour VGA+ 80x25
[    0.000000] console [tty1] enabled
[   00.000000] console [ttyS0] enabled
[    0.000000] tsc: Detected 2992.498 MHz processor
[    0.501978] Calibrating delay loop (skipped) preset value.. 5984.99 BogoMIPS (lpj=11969992)
[    0.511007] pid_max: default: 32768 minimum: 301
[    0.512612] ACPI: Core revision 20150930
[    0.530220] ACPI: 2 ACPI AML tables successfully acquired and loaded
[    0.562957] Security Framework initialized
[    0.564434] Yama: becoming mindful.
[    0.589249] AppArmor: AppArmor initialized
[    0.590867] Dentry cache hash table entries: 131072 (order: 8, 1048576 bytes)
[    0.593394] Inode-cache hash table entries: 65536 (order: 7, 524288 bytes)
[    0.595662] Mount-cache hash table entries: 2048 (order: 2, 16384 bytes)
[    0.597710] Mountpoint-cache hash table entries: 2048 (order: 2, 16384 bytes)
[    0.600304] Initializing cgroup subsys io
[    0.601770] Initializing cgroup subsys memory
[    0.603295] Initializing cgroup subsys devices
[    0.604845] Initializing cgroup subsys freezer
[    0.606439] Initializing cgroup subsys net_cls
[    0.607985] Initializing cgroup subsys perf_event
[    0.609608] Initializing cgroup subsys net_prio
[    0.611167] Initializing cgroup subsys hugetlb
[    0.612732] Initializing cgroup subsys pids
[    0.629453] mce: CPU supports 0 MCE banks
[    0.630937] process: using mwait in idle threads
[    0.662999] Last level iTLB entries: 4KB 128, 2MB 4, 4MB 4
[    0.664776] Last level dTLB entries: 4KB 256, 2MB 0, 4MB 32, 1GB 0
[    0.666734] Spectre V2 : Mitigation: Full generic retpoline
[    0.668546] Spectre V2 : Spectre v2 / SpectreRSB mitigation: Filling RSB on context switch
[    0.671390] Speculative Store Bypass: Vulnerable
[    0.673916] MDS: Vulnerable: Clear CPU buffers attempted, no microcode
[    1.126679] Freeing SMP alternatives memory: 36K
[    1.137057] ftrace: allocating 32299 entries in 127 pages
[    1.244710] smpboot: APIC(0) Converting physical 0 to logical package 0
[    1.310831] smpboot: Max logical packages: 1
[    1.313546] x2apic enabled
[    1.315591] Switched APIC routing to physical x2apic.
[    1.320530] ..TIMER: vector=0x30 apic1=0 pin1=2 apic2=-1 pin2=-1
[    1.325956] APIC calibration not consistent with PM-Timer: 216ms instead of 100ms
[    1.330429] APIC delta adjusted to PM-Timer: 6249963 (13500695)
[    1.333736] smpboot: CPU0: Intel(R) Core(TM)2 Duo CPU     E8400  @ 3.00GHz (family: 0x6, model: 0x17, stepping: 0xa)
[    1.357022] Performance Events: unsupported p6 CPU model 23 no PMU driver, software events only.
[    1.508236] KVM setup paravirtual spinlock
[    1.540923] x86: Booted up 1 node, 1 CPUs
[    1.542383] smpboot: Total of 1 processors activated (5984.99 BogoMIPS)
[    1.544924] devtmpfs: initialized
[    1.548958] evm: security.selinux
[    1.550235] evm: security.SMACK64
[    1.551528] evm: security.SMACK64EXEC
[    1.552893] evm: security.SMACK64TRANSMUTE
[    1.554366] evm: security.SMACK64MMAP
[    1.555723] evm: security.ima
[    1.556943] evm: security.capability
[    1.558453] clocksource: jiffies: mask: 0xffffffff max_cycles: 0xffffffff, max_idle_ns: 7645041785100000 ns
[    1.561667] futex hash table entries: 256 (order: 2, 16384 bytes)
[    1.563706] pinctrl core: initialized pinctrl subsystem
[    1.605303] RTC time: 16:29:34, date: 08/22/19
[    1.607144] NET: Registered protocol family 16
[    1.608988] cpuidle: using governor ladder
[    1.610451] cpuidle: using governor menu
[    1.611898] PCCT header not found.
[    1.613248] ACPI: bus type PCI registered
[    1.614710] acpiphp: ACPI Hot Plug PCI Controller Driver version: 0.5
[    1.616855] PCI: Using configuration type 1 for base access
[    1.620296] ACPI: Added _OSI(Module Device)
[    1.638880] ACPI: Added _OSI(Processor Device)
[    1.669462] ACPI: Added _OSI(3.0 _SCP Extensions)
[    1.671054] ACPI: Added _OSI(Processor Aggregator Device)
[    1.710903] ACPI: Executed 1 blocks of module-level executable AML code
[    1.716635] ACPI: Interpreter enabled
[    1.719409] ACPI: (supports S0 S5)
[    1.720715] ACPI: Using IOAPIC for interrupt routing
[    1.739299] PCI: Using host bridge windows from ACPI; if necessary, use "pci=nocrs" and report a bug
[    1.746813] ACPI: PCI Root Bridge [PCI0] (domain 0000 [bus 00-ff])
[    1.748753] acpi PNP0A03:00: _OSC: OS supports [ASPM ClockPM Segments MSI]
[    1.769072] acpi PNP0A03:00: _OSC: not requesting OS control; OS requires [ExtendedConfig ASPM ClockPM MSI]
[    1.839927] acpi PNP0A03:00: fail to add MMCONFIG information, can't access extended PCI configuration space under this bridge.
[    1.843899] PCI host bridge to bus 0000:00
[    1.845358] pci_bus 0000:00: root bus resource [io  0x0000-0x0cf7 window]
[    1.859075] pci_bus 0000:00: root bus resource [io  0x0d00-0xffff window]
[    1.861147] pci_bus 0000:00: root bus resource [mem 0x000a0000-0x000bffff window]
[    1.863808] pci_bus 0000:00: root bus resource [mem 0x2d000000-0xfdffffff window]
[    1.866513] pci_bus 0000:00: root bus resource [bus 00-ff]
[    1.870715] pci 0000:00:01.1: legacy IDE quirk: reg 0x10: [io  0x01f0-0x01f7]
[    1.872884] pci 0000:00:01.1: legacy IDE quirk: reg 0x14: [io  0x03f6]
[    1.874907] pci 0000:00:01.1: legacy IDE quirk: reg 0x18: [io  0x0170-0x0177]
[    1.877072] pci 0000:00:01.1: legacy IDE quirk: reg 0x1c: [io  0x0376]
[    1.940230] pci 0000:00:07.0: quirk: [io  0x4000-0x403f] claimed by PIIX4 ACPI
[    1.950753] pci 0000:00:07.0: quirk: [io  0x4100-0x410f] claimed by PIIX4 SMB
[    1.959570] ACPI: PCI Interrupt Link [LNKA] (IRQs 5 9 10 *11)
[    1.970567] ACPI: PCI Interrupt Link [LNKB] (IRQs 5 9 *10 11)
[    1.973108] ACPI: PCI Interrupt Link [LNKC] (IRQs 5 *9 10 11)
[    2.032858] ACPI: PCI Interrupt Link [LNKD] (IRQs 5 9 10 *11)
[    2.035467] ACPI: Enabled 2 GPEs in block 00 to 07
[    2.038009] vgaarb: setting as boot device: PCI:0000:00:02.0
[    2.059340] vgaarb: device added: PCI:0000:00:02.0,decodes=io+mem,owns=io+mem,locks=none
[    2.062185] vgaarb: loaded
[    2.063327] vgaarb: bridge control possible 0000:00:02.0
[    2.065714] SCSI subsystem initialized
[    2.067509] ACPI: bus type USB registered
[    2.069060] usbcore: registered new interface driver usbfs
[    2.070849] usbcore: registered new interface driver hub
[    2.078959] usbcore: registered new device driver usb
[    2.080947] PCI: Using ACPI for IRQ routing
[    2.083157] NetLabel: Initializing
[    2.084495] NetLabel:  domain hash size = 128
[    2.086003] NetLabel:  protocols = UNLABELED CIPSOv4
[    2.087721] NetLabel:  unlabeled traffic allowed by default
[    2.130366] amd_nb: Cannot enumerate AMD northbridges
[    2.132182] clocksource: Switched to clocksource kvm-clock
[    2.145944] AppArmor: AppArmor Filesystem Enabled
[    2.169717] pnp: PnP ACPI init
[    2.172831] pnp: PnP ACPI: found 3 devices
[    2.182189] clocksource: acpi_pm: mask: 0xffffff max_cycles: 0xffffff, max_idle_ns: 2085701024 ns
[    2.236356] NET: Registered protocol family 2
[    2.238350] TCP established hash table entries: 8192 (order: 4, 65536 bytes)
[    2.240544] TCP bind hash table entries: 8192 (order: 5, 131072 bytes)
[    2.242649] TCP: Hash tables configured (established 8192 bind 8192)
[    2.244718] UDP hash table entries: 512 (order: 2, 16384 bytes)
[    2.246676] UDP-Lite hash table entries: 512 (order: 2, 16384 bytes)
[    2.248772] NET: Registered protocol family 1
[    2.250380] pci 0000:00:00.0: Limiting direct PCI/PCI transfers
[    2.252308] pci 0000:00:01.0: Activating ISA DMA hang workarounds
[    2.254516] Unpacking initramfs...
[    2.610840] Freeing initrd memory: 14828K
[    2.650264] clocksource: tsc: mask: 0xffffffffffffffff max_cycles: 0x2b2296bc2b9, max_idle_ns: 440795321505 ns
[    2.671455] platform rtc_cmos: registered platform RTC device (no PNP device found)
[    2.674409] Scanning for low memory corruption every 60 seconds
[    2.676808] audit: initializing netlink subsys (disabled)
[    2.678701] audit: type=2000 audit(1566491382.543:1): initialized
[    2.681117] Initialise system trusted keyring
[    2.682881] HugeTLB registered 2 MB page size, pre-allocated 0 pages
[    2.686654] zbud: loaded
[    2.688221] VFS: Disk quotas dquot_6.6.0
[    2.689779] VFS: Dquot-cache hash table entries: 512 (order 0, 4096 bytes)
[    2.700530] squashfs: version 4.0 (2009/01/31) Phillip Lougher
[    2.711097] fuse init (API version 7.23)
[    2.755608] Key type big_key registered
[    2.757124] Allocating IMA MOK and blacklist keyrings.
[    2.759369] Key type asymmetric registered
[    2.760955] Asymmetric key parser 'x509' registered
[    2.762701] Block layer SCSI generic (bsg) driver version 0.4 loaded (major 249)
[    2.765548] io scheduler noop registered
[    2.767022] io scheduler deadline registered (default)
[    2.768922] io scheduler cfq registered
[    2.770514] pci_hotplug: PCI Hot Plug PCI Core version: 0.5
[    2.772385] pciehp: PCI Express Hot Plug Controller Driver version: 0.4
[    2.774710] ACPI: AC Adapter [AC] (on-line)
[    2.776340] input: Power Button as /devices/LNXSYSTM:00/LNXPWRBN:00/input/input0
[    2.779140] ACPI: Power Button [PWRF]
[    2.780680] input: Sleep Button as /devices/LNXSYSTM:00/LNXSLPBN:00/input/input1
[    2.783437] ACPI: Sleep Button [SLPF]
[    2.785172] GHES: HEST is not enabled!
[    2.786727] Serial: 8250/16550 driver, 32 ports, IRQ sharing enabled
[    2.812245] 00:02: ttyS0 at I/O 0x3f8 (irq = 4, base_baud = 115200) is a 16550A
[    2.816264] Linux agpgart interface v0.103
[    2.819245] loop: module loaded
[    2.821320] scsi host0: ata_piix
[    2.822690] scsi host1: ata_piix
[    2.824016] ata1: PATA max UDMA/33 cmd 0x1f0 ctl 0x3f6 bmdma 0xd000 irq 14
[    2.856615] ata2: PATA max UDMA/33 cmd 0x170 ctl 0x376 bmdma 0xd008 irq 15
[    2.859432] libphy: Fixed MDIO Bus: probed
[    2.860944] tun: Universal TUN/TAP device driver, 1.6
[    2.862618] tun: (C) 1999-2004 Max Krasnyansky <maxk@qualcomm.com>
[    2.864597] PPP generic driver version 2.4.2
[    2.866235] ehci_hcd: USB 2.0 'Enhanced' Host Controller (EHCI) Driver
[    2.868267] ehci-pci: EHCI PCI platform driver
[    2.869855] ehci-platform: EHCI generic platform driver
[    2.871590] ohci_hcd: USB 1.1 'Open' Host Controller (OHCI) Driver
[    2.873577] ohci-pci: OHCI PCI platform driver
[    2.875127] ohci-platform: OHCI generic platform driver
[    2.879707] uhci_hcd: USB Universal Host Controller Interface driver
[    2.881815] i8042: PNP: PS/2 Controller [PNP0303:PS2K,PNP0f03:PS2M] at 0x60,0x64 irq 1,12
[    2.885359] serio: i8042 KBD port at 0x60,0x64 irq 1
[    2.887015] serio: i8042 AUX port at 0x60,0x64 irq 12
[    2.888864] mousedev: PS/2 mouse device common for all mice
[    2.900276] input: AT Translated Set 2 keyboard as /devices/platform/i8042/serio0/input/input2
[    2.903602] rtc_cmos rtc_cmos: rtc core: registered rtc_cmos as rtc0
[    2.905880] rtc_cmos rtc_cmos: alarms up to one day, 114 bytes nvram
[    2.907859] i2c /dev entries driver
[    2.909282] device-mapper: uevent: version 1.0.3
[    2.910944] device-mapper: ioctl: 4.34.0-ioctl (2015-10-28) initialised: dm-devel@redhat.com
[    2.913913] ledtrig-cpu: registered to indicate activity on CPUs
[    2.916165] NET: Registered protocol family 10
[    2.918115] NET: Registered protocol family 17
[    2.919690] Key type dns_resolver registered
[    2.921544] registered taskstats version 1
[    2.923035] Loading compiled-in X.509 certificates
[    2.961021] Loaded X.509 cert 'Build time autogenerated kernel key: 65139e04a67245b562a838c28b5e7032abdd4348'
[    2.964338] zswap: loaded using pool lzo/zbud
[    2.978005] Key type trusted registered
[    3.003544] Key type encrypted registered
[    3.005099] AppArmor: AppArmor sha1 policy hashing enabled
[    3.006921] ima: No TPM chip found, activating TPM-bypass!
[    3.008771] ima: Allocated hash algorithm: sha1
[    3.010386] evm: HMAC attrs: 0x1
[    3.012153]   Magic number: 15:289:490
[    3.013846] rtc_cmos rtc_cmos: setting system clock to 2019-08-22 16:29:36 UTC (1566491376)
[    3.016839] BIOS EDD facility v0.16 2004-Jun-25, 0 devices found
[    3.029902] EDD information not available.
[    3.066859] Freeing unused kernel memory: 1484K
[    3.080225] Write protecting the kernel read-only data: 14336k
[    3.094375] Freeing unused kernel memory: 1616K
[    3.096268] Freeing unused kernel memory: 68K
Loading, please wait...
starting version 229
[    3.273241] random: systemd-udevd: uninitialized urandom read (16 bytes read, 3 bits of entropy available)
[    3.287037] random: udevadm: uninitialized urandom read (16 bytes read, 3 bits of entropy available)
[    3.290931] random: systemd-udevd: uninitialized urandom read (16 bytes read, 3 bits of entropy available)
[    3.294426] random: systemd-udevd: uninitialized urandom read (16 bytes read, 3 bits of entropy available)
[    3.297872] random: systemd-udevd: uninitialized urandom read (16 bytes read, 3 bits of entropy available)
[    3.301412] random: udevadm: uninitialized urandom read (16 bytes read, 3 bits of entropy available)
[    3.384056] random: systemd-udevd: uninitialized urandom read (16 bytes read, 3 bits of entropy available)
[    3.434212] random: udevadm: uninitialized urandom read (16 bytes read, 3 bits of entropy available)
[    3.437614] random: systemd-udevd: uninitialized urandom read (16 bytes read, 3 bits of entropy available)
[    3.476553] random: udevadm: uninitialized urandom read (16 bytes read, 3 bits of entropy available)
[    3.957529] Fusion MPT base driver 3.04.20
[    3.994872] Copyright (c) 1999-2008 LSI Corporation
[    4.005194] e1000: Intel(R) PRO/1000 Network Driver - version 7.3.21-k8-NAPI
[    4.007525] e1000: Copyright (c) 1999-2006 Intel Corporation.
[    4.238656] input: ImExPS/2 Generic Explorer Mouse as /devices/platform/i8042/serio1/input/input4
[    4.346620] Fusion MPT SPI Host driver 3.04.20
[    4.989249] e1000 0000:00:03.0 eth0: (PCI:33MHz:32-bit) 02:1e:e5:6d:71:21
[    4.993491] e1000 0000:00:03.0 eth0: Intel(R) PRO/1000 Network Connection
[    5.001132] e1000 0000:00:03.0 enp0s3: renamed from eth0
[    5.006788] mptbase: ioc0: Initiating bringup
[    5.072819] ioc0: LSI53C1030 A0: Capabilities={Initiator}
[    5.241856] scsi host2: ioc0: LSI53C1030 A0, FwRev=00000000h, Ports=1, MaxQ=256, IRQ=20
[    5.353234] scsi 2:0:0:0: Direct-Access     VBOX     HARDDISK         1.0  PQ: 0 ANSI: 5
[    5.360350] scsi target2:0:0: Beginning Domain Validation
[    5.363082] scsi target2:0:0: Domain Validation skipping write tests
[    5.365052] scsi target2:0:0: Ending Domain Validation
[    5.366793] scsi target2:0:0: asynchronous
[    5.368603] scsi 2:0:1:0: Direct-Access     VBOX     HARDDISK         1.0  PQ: 0 ANSI: 5
[    5.371445] scsi target2:0:1: Beginning Domain Validation
[    5.374258] scsi target2:0:1: Domain Validation skipping write tests
[    5.376232] scsi target2:0:1: Ending Domain Validation
[    5.377999] scsi target2:0:1: asynchronous
[    5.384420] sd 2:0:0:0: Attached scsi generic sg0 type 0
[    5.386218] sd 2:0:0:0: [sda] 20971520 512-byte logical blocks: (10.7 GB/10.0 GiB)
[    5.389506] sd 2:0:1:0: [sdb] 20480 512-byte logical blocks: (10.5 MB/10.0 MiB)
[    5.393361] sd 2:0:1:0: Attached scsi generic sg1 type 0
[    5.395715] sd 2:0:0:0: [sda] Write Protect is off
[    5.397592] sd 2:0:1:0: [sdb] Write Protect is off
[    5.399641] sd 2:0:1:0: [sdb] Incomplete mode parameter data
[    5.423060] sd 2:0:1:0: [sdb] Assuming drive cache: write through
[    5.450490] sd 2:0:0:0: [sda] Incomplete mode parameter data
[    5.452317] sd 2:0:0:0: [sda] Assuming drive cache: write through
[    5.482626]  sda: sda1
[    5.500930] sd 2:0:1:0: [sdb] Attached SCSI disk
[    5.502978] sd 2:0:0:0: [sda] Attached SCSI disk
Begin: Loading essential drivers ... [    8.181534] md: linear personality registered for level -1
[    8.233394] md: multipath personality registered for level -4
[    8.254008] md: raid0 personality registered for level 0
[    8.298201] md: raid1 personality registered for level 1
[    8.443501] raid6: sse2x1   gen()  3245 MB/s
[    8.548432] raid6: sse2x1   xor()  4671 MB/s
[    8.653501] raid6: sse2x2   gen()  5554 MB/s
[    8.758446] raid6: sse2x2   xor()  6688 MB/s
[    8.863389] raid6: sse2x4   gen()  9534 MB/s
[    8.968437] raid6: sse2x4   xor()  6456 MB/s
[    8.970027] raid6: using algorithm sse2x4 gen() 9534 MB/s
[    8.971796] raid6: .... xor() 6456 MB/s, rmw enabled
[    8.973475] raid6: using ssse3x2 recovery algorithm
[    8.987712] xor: measuring software checksum speed
[    9.182515]    prefetch64-sse: 30069.000 MB/sec
[    9.318040]    generic_sse: 26681.000 MB/sec
[    9.334644] xor: using function: prefetch64-sse (30069.000 MB/sec)
[    9.346870] async_tx: api initialized (async)
[    9.436109] md: raid6 personality registered for level 6
[    9.439717] md: raid5 personality registered for level 5
[    9.441495] md: raid4 personality registered for level 4
[    9.544323] md: raid10 personality registered for level 10
done.
Begin: Running /scripts/init-premount ... done.
Begin: Mounting root file system ... Begin: Running /scripts/local-top ... done.
Begin: Running /scripts/local-premount ... [    9.818772] Btrfs loaded
Scanning for Btrfs filesystems
done.
Warning: fsck not present, so skipping root file system
[   10.150872] EXT4-fs (sda1): mounted filesystem with ordered data mode. Opts: (null)
done.
Begin: Running /scripts/local-bottom ... done.
Begin: Running /scripts/init-bottom ... done.
[   11.032208] systemd[1]: systemd 229 running in system mode. (+PAM +AUDIT +SELINUX +IMA +APPARMOR +SMACK +SYSVINIT +UTMP +LIBCRYPTSETUP +GCRYPT +GNUTLS +ACL +XZ -LZ4 +SECCOMP +BLKID +ELFUTILS +KMOD -IDN)
[   11.043713] systemd[1]: Detected virtualization oracle.
[   11.045492] systemd[1]: Detected architecture x86-64.

Welcome to [1mUbuntu 16.04.6 LTS[0m!

[   11.061833] systemd[1]: Set hostname to <ubuntu>.
[   11.078869] systemd[1]: Initializing machine ID from random generator.
[   11.081106] systemd[1]: Installed transient /etc/machine-id file.
[   11.116554] random: nonblocking pool is initialized
[   12.138212] systemd[1]: Started Forward Password Requests to Wall Directory Watch.
[[0;32m  OK  [0m] Started Forward Password Requests to Wall Directory Watch.
[   12.153224] systemd[1]: Reached target Swap.
[[0;32m  OK  [0m] Reached target Swap.
[   12.156791] systemd[1]: Listening on Journal Socket.
[[0;32m  OK  [0m] Listening on Journal Socket.
[   12.175676] systemd[1]: Reached target Encrypted Volumes.
[[0;32m  OK  [0m] Reached target Encrypted Volumes.
[   12.179781] systemd[1]: Listening on udev Control Socket.
[[0;32m  OK  [0m] Listening on udev Control Socket.
[   12.183757] systemd[1]: Listening on LVM2 metadata daemon socket.
[[0;32m  OK  [0m] Listening on LVM2 metadata daemon socket.
[   12.187855] systemd[1]: Reached target System Time Synchronized.
[[0;32m  OK  [0m] Reached target System Time Synchronized.
[   12.192050] systemd[1]: Listening on udev Kernel Socket.
[[0;32m  OK  [0m] Listening on udev Kernel Socket.
[   12.195951] systemd[1]: Listening on Syslog Socket.
[[0;32m  OK  [0m] Listening on Syslog Socket.
[   12.199788] systemd[1]: Listening on Journal Audit Socket.
[[0;32m  OK  [0m] Listening on Journal Audit Socket.
[   12.204887] systemd[1]: Created slice User and Session Slice.
[[0;32m  OK  [0m] Created slice User and Session Slice.
[   12.209919] systemd[1]: Reached target User and Group Name Lookups.
[[0;32m  OK  [0m] Reached target User and Group Name Lookups.
[   12.214253] systemd[1]: Listening on /dev/initctl Compatibility Named Pipe.
[[0;32m  OK  [0m] Listening on /dev/initctl Compatibility Named Pipe.
[   12.218783] systemd[1]: Listening on LVM2 poll daemon socket.
[[0;32m  OK  [0m] Listening on LVM2 poll daemon socket.
[   12.222883] systemd[1]: Listening on Journal Socket (/dev/log).
[[0;32m  OK  [0m] Listening on Journal Socket (/dev/log).
[   12.227147] systemd[1]: Listening on Device-mapper event daemon FIFOs.
[[0;32m  OK  [0m] Listening on Device-mapper event daemon FIFOs.
[   12.241605] systemd[1]: Started Trigger resolvconf update for networkd DNS.
[[0;32m  OK  [0m] Started Trigger resolvconf update for networkd DNS.
[   12.302527] systemd[1]: Created slice System Slice.
[[0;32m  OK  [0m] Created slice System Slice.
[   12.311927] systemd[1]: Starting Journal Service...
         Starting Journal Service...
[   12.337631] systemd[1]: Starting Monitoring of LVM2 mirrors, snapshots etc. using dmeventd or progress polling...
         Starting Monitoring of LVM2 mirrors... dmeventd or progress polling...
[   12.403021] systemd[1]: Starting Nameserver information manager...
         Starting Nameserver information manager...
[   12.497642] systemd[1]: Mounting POSIX Message Queue File System...
         Mounting POSIX Message Queue File System...
[   12.525413] systemd[1]: Created slice system-serial\x2dgetty.slice.
[[0;32m  OK  [0m] Created slice system-serial\x2dgetty.slice.
[   12.614482] systemd[1]: Starting Uncomplicated firewall...
         Starting Uncomplicated firewall...
[   12.714134] systemd[1]: Starting Create list of required static device nodes for the current kernel...
         Starting Create list of required st... nodes for the current kernel...
[   12.742985] systemd[1]: Mounting Debug File System...
         Mounting Debug File System...
[   12.834045] systemd[1]: Reached target Slices.
[[0;32m  OK  [0m] Reached target Slices.
[   12.859944] systemd[1]: Mounting Huge Pages File System...
         Mounting Huge Pages File System...
[   12.911501] systemd[1]: Starting Set console keymap...
         Starting Set console keymap...
[   12.976996] systemd[1]: Starting Remount Root and Kernel File Systems...
         Starting Remount Root and Kernel File Systems...
[   13.046904] systemd[1]: Starting Load Kernel Modules...
         Starting Load Kernel Modules...
[   13.120508] systemd[1]: Set up automount Arbitrary Executable File Formats File System Automount Point.
[[0;32m  OK  [0m] Set up automount Arbitrary Executab...ats File System Automount Point.
[   13.170339] systemd[1]: Mounted POSIX Message Queue File System.
[   13.258062] EXT4-fs (sda1): re-mounted. Opts: (null)
[[0;32m  OK  [0m] Mounted POSIX Message Queue File System.
[   13.272482] systemd[1]: Mounted Huge Pages File System.
[[0;32m  OK  [0m] Mounted Huge Pages File System.
[   13.336853] Loading iSCSI transport class v2.0-870.
[   13.360448] systemd[1]: Mounted Debug File System.
[[0;32m  OK  [0m] Mounted Debug File System.
[   13.423863] systemd[1]: Started Journal Service.
[[0;32m  OK  [0m] Started Journal Service.
[   13.458447] iscsi: registered transport (tcp)
[[0;32m  OK  [0m] Started Uncomplicated firewall.
[[0;32m  OK  [0m] Started Create list of required sta...ce nodes for the current kernel.
[[0;32m  OK  [0m] Started Remount Root and Kernel File Systems.
[[0;32m  OK  [0m] Started Nameserver information manager.
[[0;32m  OK  [0m] Started Set console keymap.
[   14.061456] iscsi: registered transport (iser)
[[0;32m  OK  [0m] Started Load Kernel Modules.
         Mounting FUSE Control File System...
         Starting Apply Kernel Variables...
[[0;32m  OK  [0m] Started LVM2 metadata daemon.
         Starting Load/Save Random Seed...
         Starting udev Coldplug all Devices...
         Starting Create Static Device Nodes in /dev...
         Starting Flush Journal to Persistent Storage...
[[0;32m  OK  [0m] Mounted FUSE Control File System.
[[0;32m  OK  [0m] Started Apply Kernel Variables.
[[0;32m  OK  [0m] Started Load/Save Random Seed.
[[0;32m  OK  [0m] Started Monitoring of LVM2 mirrors,...ng dmeventd or progress polling.
[[0;32m  OK  [0m] Started Create Static Device Nodes in /dev.
         Starting udev Kernel Device Manager...
[[0;32m  OK  [0m] Reached target Local File Systems (Pre).
[[0;32m  OK  [0m] Reached target Local File Systems.
         Starting Set console font and keymap...
         Starting Initial cloud-init job (pre-networking)...
         Starting Commit a transient machine-id on disk...
         Starting LSB: AppArmor initialization...
         Starting Tell Plymouth To Write Out Runtime Data...
[[0;32m  OK  [0m] Started Flush Journal to Persistent Storage.
[[0;32m  OK  [0m] Started udev Coldplug all Devices.
[[0;32m  OK  [0m] Started Commit a transient machine-id on disk.
         Starting Create Volatile Files and Directories...
[[0;32m  OK  [0m] Started Tell Plymouth To Write Out Runtime Data.
[[0;32m  OK  [0m] Started Create Volatile Files and Directories.
         Starting Update UTMP about System Boot/Shutdown...
[[0;32m  OK  [0m] Started Update UTMP about System Boot/Shutdown.
[[0;32m  OK  [0m] Started udev Kernel Device Manager.
[[0;32m  OK  [0m] Started Dispatch Password Requests to Console Directory Watch.
[[0;32m  OK  [0m] Found device /dev/ttyS0.
[[0;32m  OK  [0m] Listening on Load/Save RF Kill Switch Status /dev/rfkill Watch.
[[0;32m  OK  [0m] Started LSB: AppArmor initialization.
[   25.165028] cloud-init[459]: Cloud-init v. 19.1-1-gbaa47854-0ubuntu1~16.04.1 running 'init-local' at Thu, 22 Aug 2019 16:29:56 +0000. Up 21.65 seconds.
[[0;32m  OK  [0m] Started Initial cloud-init job (pre-networking).
[[0;32m  OK  [0m] Reached target Network (Pre).
         Starting Raise network interfaces...
[[0;32m  OK  [0m] Started Set console font and keymap.
[[0;32m  OK  [0m] Created slice system-getty.slice.
[[0;32m  OK  [0m] Started Raise network interfaces.
         Starting Initial cloud-init job (metadata service crawler)...
[[0;32m  OK  [0m] Reached target Network.
[   35.166545] cloud-init[939]: Cloud-init v. 19.1-1-gbaa47854-0ubuntu1~16.04.1 running 'init' at Thu, 22 Aug 2019 16:30:06 +0000. Up 31.43 seconds.
[   35.187209] cloud-init[939]: ci-info: ++++++++++++++++++++++++++++++++++++++Net device info++++++++++++++++++++++++++++++++++++++
[   35.265519] cloud-init[939]: ci-info: +--------+------+----------------------------+---------------+--------+-------------------+
[   35.373357] cloud-init[939]: ci-info: | Device |  Up  |          Address           |      Mask     | Scope  |     Hw-Address    |
[   35.400449] cloud-init[939]: ci-info: +--------+------+----------------------------+---------------+--------+-------------------+
[   35.413172] cloud-init[939]: ci-info: | enp0s3 | True |         10.0.2.15          | 255.255.255.0 | global | 02:1e:e5:6d:71:21 |
[   35.434738] cloud-init[939]: ci-info: | enp0s3 | True | fe80::1e:e5ff:fe6d:7121/64 |       .       |  link  | 02:1e:e5:6d:71:21 |
[   35.444069] cloud-init[939]: ci-info: |   lo   | True |         127.0.0.1          |   255.0.0.0   |  host  |         .         |
[   35.465792] cloud-init[939]: ci-info: |   lo   | True |          ::1/128           |       .       |  host  |         .         |
[[0;32m  OK  [0m] Started Initial cloud-init job (metadata service crawler).[   35.507690] cloud-init[939]: ci-info: +--------+------+----------------------------+---------------+--------+-------------------+

[   35.528769] cloud-init[939]: ci-info: +++++++++++++++++++++++++++Route IPv4 info++++++++++++++++++++++++++++[[0;32m  OK  [0m] Reached target Cloud-config availability.
[[0;32m  OK  [0m] Reached target Network is Online.
         
[   35.545823] cloud-init[939]: ci-info: +-------+-------------+----------+---------------+-----------+-------+
[   35.548231] cloud-init[939]: ci-info: | Route | Destination | Gateway  |    Genmask    | Interface | Flags |
[   35.549051] cloud-init[939]: ci-info: +-------+-------------+----------+---------------+-----------+-------+
[   35.549279] cloud-init[939]: ci-info: |   0   |   0.0.0.0   | 10.0.2.2 |    0.0.0.0    |   enp0s3  |   UG  |
[   35.549507] cloud-init[939]: ci-info: |   1   |   10.0.2.0  | 0.0.0.0  | 255.255.255.0 |   enp0s3  |   U   |
[   35.549731] cloud-init[939]: ci-info: +-------+-------------+----------+---------------+-----------+-------+
[   35.549955] cloud-init[939]: ci-info: +++++++++++++++++++Route IPv6 info+++++++++++++++++++
[   35.550183] cloud-init[939]: ci-info: +-------+-------------+---------+-----------+-------+
[   35.550414] cloud-init[939]: ci-info: | Route | Destination | Gateway | Interface | Flags |
[   35.550687] cloud-init[939]: ci-info: +-------+-------------+---------+-----------+-------+
[   35.550915] cloud-init[939]: ci-info: |   0   |  fe80::/64  |    ::   |   enp0s3  |   U   |
[   35.551140] cloud-init[939]: ci-info: |   4   |   ff00::/8  |    ::   |   enp0s3  |   U   |
[   35.551369] cloud-init[939]: ci-info: +-------+-------------+---------+-----------+-------+
[   35.551885] cloud-init[939]: Generating public/private rsa key pair.
[   35.552126] cloud-init[939]: Your identification has been saved in /etc/ssh/ssh_host_rsa_key.
[   35.558792] cloud-init[939]: Your public key has been saved in /etc/ssh/ssh_host_rsa_key.pub.
[   35.559019] cloud-init[939]: The key fingerprint is:
[   35.559243] cloud-init[939]: SHA256:+53hOLdelgol+Cz6sj9rDmzmsBOkWpGDi3m8A9STneU root@ubuntu-xenial
[   35.559518] cloud-init[939]: The key's randomart image is:
[   35.559758] cloud-init[939]: +---[RSA 2048]----+
[   35.559983] cloud-init[939]: |                 |
[   35.560206] cloud-init[939]: |       .         |
[   35.560431] cloud-init[939]: | ...o +          |
[   35.560659] cloud-init[939]: |..++.o E .       |
[   35.560891] cloud-init[939]: |o+ =.   S . .    |
[   35.561119] cloud-init[939]: |= = ..   + o   . |
[   35.561344] cloud-init[939]: | = ...= o + . +  |
[   35.561568] cloud-init[939]: |. o .*.ooo.=.*   |
[   35.561804] cloud-init[939]: |   ...+B=oo+B.   |
[   35.562066] cloud-init[939]: +----[SHA256]-----+
[   35.562290] cloud-init[939]: Generating public/private dsa key pair.
[   35.562522] cloud-init[939]: Your identification has been saved in /etc/ssh/ssh_host_dsa_key.
[   35.562746] cloud-init[939]: Your public key has been saved in /etc/ssh/ssh_host_dsa_key.pub.
[   35.562972] cloud-init[939]: The key fingerprint is:
[   35.563202] cloud-init[939]: SHA256:Y5CtLFUFSOYrBxG6dmyasTtvycUhpzQpMDxgjZKmdAk root@ubuntu-xenial
[   35.563425] cloud-init[939]: The key's randomart image is:
Starting iSCSI initiator daemon (iscsid)...
[[0;32m  OK  [0m] Reached target System Initialization.
         [   35.563656] cloud-init[939]: +---[DSA 1024]----+
[   35.710243] cloud-init[939]: |+E+ +oo.oo.      |
[   35.710529] cloud-init[939]: |** = +.+         |
[   35.710754] cloud-init[939]: |=o+ ..= .        |
[   35.710978] cloud-init[939]: |. .o=+o+         |
[   35.711204] cloud-init[939]: |  +o**=.S        |
[   35.711427] cloud-init[939]: | . B.+o. .       |
[   35.711651] cloud-init[939]: |  +. o           |
[   35.711930] cloud-init[939]: |  ..+            |
[   35.712159] cloud-init[939]: |  .+.            |
[   35.712384] cloud-init[939]: +----[SHA256]-----+
[   35.723950] cloud-init[939]: Generating public/private ecdsa key pair.
[   35.724194] cloud-init[939]: Your identification has been saved in /etc/ssh/ssh_host_ecdsa_key.
[   35.724423] cloud-init[939]: Your public key has been saved in /etc/ssh/ssh_host_ecdsa_key.pub.
[   35.724655] cloud-init[939]: The key fingerprint is:
[   35.724882] cloud-init[939]: SHA256:DfvQAg34Ehs7T5YUGsgVXPP1+Bs9t1+85P/0Hr/QQxM root@ubuntu-xenial
[   35.725109] cloud-init[939]: The key's randomart image is:
[   35.725340] cloud-init[939]: +---[ECDSA 256]---+
[   35.725566] cloud-init[939]: | . +++=.  .      |
[   35.725790] cloud-init[939]: |  o =o.= . o     |
[   35.726072] cloud-init[939]: |    .B..+ . .  E |
[   35.726299] cloud-init[939]: |    = =. = . .  .|
[   35.726525] cloud-init[939]: |     *  S o o oo.|
[   35.726766] cloud-init[939]: |      .  +   oo+o|
[   35.726993] cloud-init[939]: |          . .. *+|
[   35.727224] cloud-init[939]: |              +.O|
[   35.727458] cloud-init[939]: |               =@|
[   35.727699] cloud-init[939]: +----[SHA256]-----+
[   35.727927] cloud-init[939]: Generating public/private ed25519 key pair.
[   35.728155] cloud-init[939]: Your identification has been saved in /etc/ssh/ssh_host_ed25519_key.
[   35.728382] cloud-init[939]: Your public key has been saved in /etc/ssh/ssh_host_ed25519_key.pub.
[   35.728650] cloud-init[939]: The key fingerprint is:
[   35.728876] cloud-init[939]: SHA256:feHaal5r7IzMHpn4GriJFQ3naJSO0/GpoN/DBRdhp6I root@ubuntu-xenial
[   35.729103] cloud-init[939]: The key's randomart image is:
[   35.729335] cloud-init[939]: +--[ED25519 256]--+
[   35.729557] cloud-init[939]: |        o..      |
[   35.729792] cloud-init[939]: |       o.o       |
[   35.730017] cloud-init[939]: |      * o.  .    |
[   35.730244] cloud-init[939]: |     *.X.o . .   |
[   35.730469] cloud-init[939]: |    E *oS . o    |
[   35.730699] cloud-init[939]: |   . + +.. *     |
[   35.730928] cloud-init[939]: |  .  .+.o =.o    |
[   35.731151] cloud-init[939]: |   . +oo =.*o.   |
[   35.732247] cloud-init[939]: |    o +..=Oo+    |
[   35.732480] cloud-init[939]: +----[SHA256]-----+
Starting LXD - unix socket.
[[0;32m  OK  [0m] Listening on D-Bus System Message Bus Socket.
[[0;32m  OK  [0m] Started ACPI Events Check.
[[0;32m  OK  [0m] Reached target Paths.
[[0;32m  OK  [0m] Started Daily apt download activities.
[[0;32m  OK  [0m] Started Daily apt upgrade and clean activities.
         Starting Socket activation for snappy daemon.
[[0;32m  OK  [0m] Listening on UUID daemon activation socket.
[[0;32m  OK  [0m] Started Daily Cleanup of Temporary Directories.
[[0;32m  OK  [0m] Reached target Timers.
[[0;32m  OK  [0m] Listening on ACPID Listen Socket.
[[0;32m  OK  [0m] Listening on LXD - unix socket.
[[0;32m  OK  [0m] Listening on Socket activation for snappy daemon.
[[0;32m  OK  [0m] Reached target Sockets.
[[0;32m  OK  [0m] Reached target Basic System.
[[0;32m  OK  [0m] Started ACPI event daemon.
[[0;32m  OK  [0m] Started Deferred execution scheduler.
[[0;32m  OK  [0m] Started D-Bus System Message Bus.
         Starting Virtualbox guest utils...
         Starting LSB: Record successful boot for GRUB...
         Starting /etc/rc.local Compatibility...
[[0;32m  OK  [0m] Started FUSE filesystem for LXC.
         Starting LSB: MD monitoring daemon...
         Starting Pollinate to seed the pseudo random number generator...
[[0;32m  OK  [0m] Started Regular background program processing daemon.
         Starting Snappy daemon...
         Starting Login Service...
         Starting System Logging Service...
         Starting Accounts Service...
         Starting LXD - container startup/shutdown...
[[0;32m  OK  [0m] Started /etc/rc.local Compatibility.
[[0;32m  OK  [0m] Started iSCSI initiator daemon (iscsid).
         Starting Login to default iSCSI targets...
[[0;32m  OK  [0m] Started Login Service.
[[0;32m  OK  [0m] Started Unattended Upgrades Shutdown.
[[0;32m  OK  [0m] Started System Logging Service.
[[0;32m  OK  [0m] Started LSB: Record successful boot for GRUB.
         Starting Authenticate and Authorize Users to Run Privileged Tasks...
[[0;32m  OK  [0m] Started LSB: MD monitoring daemon.
[[0;32m  OK  [0m] Started Login to default iSCSI targets.
[[0;32m  OK  [0m] Reached target Remote File Systems (Pre).
[[0;32m  OK  [0m] Reached target Remote File Systems.
         Starting LSB: automatic crash report generation...
         Starting Permit User Sessions...
         Starting LSB: Set the CPU Frequency Scaling governor to "ondemand"...
         Starting LSB: daemon to balance interrupts for SMP systems...
[[0;32m  OK  [0m] Started Permit User Sessions.
         Starting Hold until boot process finishes up...
         Starting Terminate Plymouth Boot Screen...
[[0;32m  OK  [0m] Started Hold until boot process finishes up.
         Starting Set console scheme...
[[0;32m  OK  [0m] Started Serial Getty on ttyS0.
[[0;32m  OK  [0m] Started Getty on tty1.
[[0;32m  OK  [0m] Reached target Login Prompts.
[[0;32m  OK  [0m] Started Terminate Plymouth Boot Screen.
[[0;32m  OK  [0m] Started Set console scheme.
[[0;32m  OK  [0m] Started Authenticate and Authorize Users to Run Privileged Tasks.
[[0;32m  OK  [0m] Started Accounts Service.
[[0;32m  OK  [0m] Started LXD - container startup/shutdown.
[[0;32m  OK  [0m] Started LSB: Set the CPU Frequency Scaling governor to "ondemand".
[[0;32m  OK  [0m] Started LSB: daemon to balance interrupts for SMP systems.
[[0;32m  OK  [0m] Started LSB: automatic crash report generation.
[[0;32m  OK  [0m] Started Virtualbox guest utils.
[[0;32m  OK  [0m] Started Snappy daemon.
         Starting Wait until snapd is fully seeded...
[[0;32m  OK  [0m] Started Pollinate to seed the pseudo random number generator.
         Starting OpenBSD Secure Shell server...
[[0;32m  OK  [0m] Started OpenBSD Secure Shell server.
[[0;32m  OK  [0m] Created slice User Slice of vagrant.
         Starting User Manager for UID 1000...
[[0;32m  OK  [0m] Started Session 1 of user vagrant.
[[0;32m  OK  [0m] Started User Manager for UID 1000.

Ubuntu 16.04.6 LTS ubuntu-xenial ttyS0

ubuntu-xenial login: [   48.770633] cloud-init[1344]: Generating locales (this might take a while)...
[   55.101572] cloud-init[1344]:   en_US.UTF-8... done
[   55.106623] cloud-init[1344]: Generation complete.
[   57.412666] cloud-init[1344]: Cloud-init v. 19.1-1-gbaa47854-0ubuntu1~16.04.1 running 'modules:config' at Thu, 22 Aug 2019 16:30:22 +0000. Up 47.66 seconds.
ci-info: no authorized ssh keys fingerprints found for user ubuntu.
<14>Aug 22 16:30:35 ec2: 
<14>Aug 22 16:30:35 ec2: #############################################################
<14>Aug 22 16:30:35 ec2: -----BEGIN SSH HOST KEY FINGERPRINTS-----
<14>Aug 22 16:30:35 ec2: 1024 SHA256:Y5CtLFUFSOYrBxG6dmyasTtvycUhpzQpMDxgjZKmdAk root@ubuntu-xenial (DSA)
<14>Aug 22 16:30:35 ec2: 256 SHA256:DfvQAg34Ehs7T5YUGsgVXPP1+Bs9t1+85P/0Hr/QQxM root@ubuntu-xenial (ECDSA)
<14>Aug 22 16:30:35 ec2: 256 SHA256:feHaal5r7IzMHpn4GriJFQ3naJSO0/GpoN/DBRdhp6I root@ubuntu-xenial (ED25519)
<14>Aug 22 16:30:35 ec2: 2048 SHA256:+53hOLdelgol+Cz6sj9rDmzmsBOkWpGDi3m8A9STneU root@ubuntu-xenial (RSA)
<14>Aug 22 16:30:35 ec2: -----END SSH HOST KEY FINGERPRINTS-----
<14>Aug 22 16:30:35 ec2: #############################################################
-----BEGIN SSH HOST KEY KEYS-----
ecdsa-sha2-nistp256 AAAAE2VjZHNhLXNoYTItbmlzdHAyNTYAAAAIbmlzdHAyNTYAAABBBBp9S88xU0EKQMUTs2xp/kk8f2kjKjP8Te4Z7yQWLck2q+haGBxWbeWmDDyok5BB4ZvIvmZOJ0e0Vl0qE6H4Bh8= root@ubuntu-xenial
ssh-ed25519 AAAAC3NzaC1lZDI1NTE5AAAAIG3SHHWmQK12tZxb/hzejhOHbE47eAPHYIkE+Ox6E7aj root@ubuntu-xenial
ssh-rsa AAAAB3NzaC1yc2EAAAADAQABAAABAQCyMKo57IqLNSyfc/6da4/rSWlq/u18gIL803AS+BKj60sN/cqWjp5gWRNK5d6XsMWrGFKHOJ234VPHITI8MbIPG/j9+TvsRl0KuQ6t1jRbqtYqjv52csmW4svJHdrb7bgeV1rwCKyWT76DOuVIRLxmYwN2Da5fWEP2zTxASrdXvAOaCw8AQ0bFDfLYS5y/cC9tGhyk42PgN4KowO4NRm02yIor5XUtsPEE0TTus2EfOmHPPtnMp3aNC0VDxPOb0ZUHVM9P99PCIVGPCZ3j9wZg0xUPICoR4JPdN+VRv3iQAapN11lz0cQBdo4EsRvdQuwwdn90nU2PDvlwl1jx1BV1 root@ubuntu-xenial
-----END SSH HOST KEY KEYS-----
[   61.310669] cloud-init[1536]: Cloud-init v. 19.1-1-gbaa47854-0ubuntu1~16.04.1 running 'modules:final' at Thu, 22 Aug 2019 16:30:35 +0000. Up 60.07 seconds.
[   61.311489] cloud-init[1536]: ci-info: no authorized ssh keys fingerprints found for user ubuntu.
[   61.312058] cloud-init[1536]: Cloud-init v. 19.1-1-gbaa47854-0ubuntu1~16.04.1 finished at Thu, 22 Aug 2019 16:30:36 +0000. Datasource DataSourceNoCloud [seed=/dev/sdb][dsmode=net].  Up 61.25 seconds
