[    0.000000] Initializing cgroup subsys cpuset
[    0.000000] Initializing cgroup subsys cpu
[    0.000000] Initializing cgroup subsys cpuacct
[    0.000000] Linux version 4.4.0-154-generic (buildd@lgw01-amd64-049) (gcc version 5.4.0 20160609 (Ubuntu 5.4.0-6ubuntu1~16.04.10) ) #181-Ubuntu SMP Tue Jun 25 05:29:03 UTC 2019 (Ubuntu 4.4.0-154.181-generic 4.4.179)
[    0.000000] Command line: BOOT_IMAGE=/boot/vmlinuz-4.4.0-154-generic root=LABEL=cloudimg-rootfs ro console=tty1 console=ttyS0
[    0.000000] KERNEL supported cpus:
[    0.000000]   Intel GenuineIntel
[    0.000000]   AMD AuthenticAMD
[    0.000000]   Centaur CentaurHauls
[    0.000000] x86/fpu: Legacy x87 FPU detected.
[    0.000000] e820: BIOS-provided physical RAM map:
[    0.000000] BIOS-e820: [mem 0x0000000000000000-0x000000000009fbff] usable
[    0.000000] BIOS-e820: [mem 0x000000000009fc00-0x000000000009ffff] reserved
[    0.000000] BIOS-e820: [mem 0x00000000000f0000-0x00000000000fffff] reserved
[    0.000000] BIOS-e820: [mem 0x0000000000100000-0x000000003ffeffff] usable
[    0.000000] BIOS-e820: [mem 0x000000003fff0000-0x000000003fffffff] ACPI data
[    0.000000] BIOS-e820: [mem 0x00000000fec00000-0x00000000fec00fff] reserved
[    0.000000] BIOS-e820: [mem 0x00000000fee00000-0x00000000fee00fff] reserved
[    0.000000] BIOS-e820: [mem 0x00000000fffc0000-0x00000000ffffffff] reserved
[    0.000000] NX (Execute Disable) protection: active
[    0.000000] SMBIOS 2.5 present.
[    0.000000] Hypervisor detected: KVM
[    0.000000] e820: last_pfn = 0x3fff0 max_arch_pfn = 0x400000000
[    0.000000] MTRR: Disabled
[    0.000000] x86/PAT: MTRRs disabled, skipping PAT initialization too.
[    0.000000] CPU MTRRs all blank - virtualized system.
[    0.000000] x86/PAT: Configuration [0-7]: WB  WT  UC- UC  WB  WT  UC- UC  
[    0.000000] found SMP MP-table at [mem 0x0009fff0-0x0009ffff] mapped at [ffff88000009fff0]
[    0.000000] Scanning 1 areas for low memory corruption
[    0.000000] RAMDISK: [mem 0x362fa000-0x37174fff]
[    0.000000] ACPI: Early table checksum verification disabled
[    0.000000] ACPI: RSDP 0x00000000000E0000 000024 (v02 VBOX  )
[    0.000000] ACPI: XSDT 0x000000003FFF0030 00003C (v01 VBOX   VBOXXSDT 00000001 ASL  00000061)
[    0.000000] ACPI: FACP 0x000000003FFF00F0 0000F4 (v04 VBOX   VBOXFACP 00000001 ASL  00000061)
[    0.000000] ACPI: DSDT 0x000000003FFF0470 0021FF (v02 VBOX   VBOXBIOS 00000002 INTL 20180105)
[    0.000000] ACPI: FACS 0x000000003FFF0200 000040
[    0.000000] ACPI: FACS 0x000000003FFF0200 000040
[    0.000000] ACPI: APIC 0x000000003FFF0240 00005C (v02 VBOX   VBOXAPIC 00000001 ASL  00000061)
[    0.000000] ACPI: SSDT 0x000000003FFF02A0 0001CC (v01 VBOX   VBOXCPUT 00000002 INTL 20180105)
[    0.000000] No NUMA configuration found
[    0.000000] Faking a node at [mem 0x0000000000000000-0x000000003ffeffff]
[    0.000000] NODE_DATA(0) allocated [mem 0x3ffeb000-0x3ffeffff]
[    0.000000] kvm-clock: Using msrs 4b564d01 and 4b564d00
[    0.000000] kvm-clock: cpu 0, msr 0:3ffe3001, primary cpu clock
[    0.000000] kvm-clock: using sched offset of 5123966081 cycles
[    0.000000] clocksource: kvm-clock: mask: 0xffffffffffffffff max_cycles: 0x1cd42e4dffb, max_idle_ns: 881590591483 ns
[    0.000000] Zone ranges:
[    0.000000]   DMA      [mem 0x0000000000001000-0x0000000000ffffff]
[    0.000000]   DMA32    [mem 0x0000000001000000-0x000000003ffeffff]
[    0.000000]   Normal   empty
[    0.000000]   Device   empty
[    0.000000] Movable zone start for each node
[    0.000000] Early memory node ranges
[    0.000000]   node   0: [mem 0x0000000000001000-0x000000000009efff]
[    0.000000]   node   0: [mem 0x0000000000100000-0x000000003ffeffff]
[    0.000000] Initmem setup node 0 [mem 0x0000000000001000-0x000000003ffeffff]
[    0.000000] ACPI: PM-Timer IO Port: 0x4008
[    0.000000] IOAPIC[0]: apic_id 2, version 32, address 0xfec00000, GSI 0-23
[    0.000000] ACPI: INT_SRC_OVR (bus 0 bus_irq 0 global_irq 2 dfl dfl)
[    0.000000] ACPI: INT_SRC_OVR (bus 0 bus_irq 9 global_irq 9 low level)
[    0.000000] Using ACPI (MADT) for SMP configuaton infrmation
[    0.000000] smpboot: Allowing 2 CPUs, 0 hoplug CPUs
[    0.000000] PM: Registered nosave memory: [mem 0x00000000-0x00000fff]
[    0.000000] PM: Registered nosave memory: [mem 0x0009f000-0x0009ffff]
[    0.000000] PM: Registered nosave memory: [mem 0x000a0000-0x000effff]
[    0.000000] PM: Registered nosave memory: [mem 0x000f0000-0x000ffff]
[    0.000000] e820: [mem 0x40000000-0xfebfffff] available for PCI devices
[    0.000000] Booting paravirtualized kernel on KVM
[    0.000000] clocksource: refined-jiffies: mask: 0xffffffff max_cycles: 0xffffffff, max_idle_ns: 7645519600211568 ns
[    0.000000] setup_percpu: NR_CPUS:512 nr_cpumask_bits:512 nr_cpu_ids:2 nr_node_ids:1
[    0.000000] PERCPU: Embedded 34 pages/cpu @ffff88003fc00000 s99480 r8192 d31592 u1048576
[    0.000000] Built 1 zonelists in Node order, mobility grouping on.  Total pages: 257912
[    0.000000] Policy zone: DMA32
[    0.000000] Kernel command line: BOOT_IMAGE=/boot/vmlinuz-4.4.0-154-generic root=LABEL=cloudimg-rootfs ro console=tty1 console=ttyS0
[    0.000000] PID hash table entries: 4096 (order: 3, 32768 bytes)
[    0.000000] Memory: 997732K/1048120K available (8613K kernel code, 1335K rwdata, 4028K rodata, 1484K init, 1284K bss, 50388K reserved, 0K cma-reserved)
[    0.000000] SLUB: HWalign=64, Order=0-3, MinObjects=0, CPUs=2, Nodes=1
[    0.000000] Kernel/User page tables isolation: enabled
[    0.000000] Hierarchical RCU implementation.
[    0.000000] 	Build-time adjustment of leaf fanout to 64.
[    0.000000] 	RCU restricting CPUs from NR_CPUS=512 to nr_cpu_ids=2.
[    0.000000] RCU: Adjusting geometry for rcu_fanout_leaf=64, nr_cpu_ids=2
[    0.000000] NR_IRQS:33024 nr_irqs:440 16
[    0.000000] Console: colour VGA+ 80x25
[    0.000000] console [tty1] enabled
[    0.000000] console [ttyS0] enabled
[    0.000000] tsc: Detected 2992.498 MHz processor
[    1.491607] Calibrating delay loop (skipped) preset value.. 5984.99 BogoMIPS (lpj=11969992)
[    1.564523] pid_max: default: 32768 minimum: 301
[    1.566072] ACPI: Core revision 20150930
[    1.568746] ACPI: 2 ACPI AML tables successfully acquired and loaded
[    1.623319] Security Framework initialized
[    1.624748] Yama: becoming mindful.
[    1.630110] AppArmor: AppArmor initialized
[    1.631690] Dentry cache hash table entries: 131072 (order: 8, 1048576 bytes)
[    1.675061] Inode-cache hash table entries: 65536 (order: 7, 524288 bytes)
[    1.677327] Mount-cache hash table entries: 2048 (order: 2, 16384 bytes)
[    1.730455] Mountpoint-cache hash table entries: 2048 (order: 2, 16384 bytes)
[    1.823461] Initializing cgroup subsys io
[    1.824892] Initializing cgroup subsys memory
[    1.855285] Initializing cgroup subsys devices
[    1.941804] Initializing cgroup subsys freezer
[    1.943295] Initializing cgroup subsys net_cls
[    2.005959] Initializing cgroup subsys perf_event
[    2.106844] Initializing cgroup subsys net_prio
[    2.201833] Initializing cgroup subsys hugetlb
[    2.302148] Initializing cgroup subsys pids
[    2.303702] mce: CPU supports 0 MCE banks
[    2.305157] Last level iTLB entries: 4KB 128, 2MB 4, 4MB 4
[    2.306911] Last level dTLB entries: 4KB 256, 2MB 0, 4MB 32, 1GB 0
[    2.308773] Spectre V2 : Mitigation: Full generic retpoline
[    2.350446] Spectre V2 : Spectre v2 / SpectreRSB mitigation: Filling RSB on context switch
[    2.377397] Speculative Store Bypass: Vulnerable
[    2.450950] MDS: Vulnerable: Clear CPU buffers attempted, no microcode
[    2.456532] Freeing SMP alternatives memory: 36K
[    2.473873] ftrace: allocating 32299 entries in 127 pages
[    2.544804] smpboot: APIC(0) Converting physical 0 to logical package 0
[    2.682262] smpboot: Max logical packages: 1
[    2.775876] x2apic enabled
[    2.777554] Switched APIC routing to physical x2apic.
[    2.781589] ..TIMER: vector=0x30 apic1=0 pin1=2 apic2=-1 pin2=-1
[    2.989258] smpboot: CPU0: Intel(R) Core(TM)2 Duo CPU     E8400  @ 3.00GHz (family: 0x6, model: 0x17, stepping: 0xa)
[    2.992869] Performance Events: unsupported p6 CPU model 23 no PMU driver, software events only.
[    3.200850] KVM setup paravirtual spinlock
[    3.203894] x86: Booting SMP configuration:
[    3.205338] .... node  #0, CPUs:      #1
[    3.206700] kvm-clock: cpu 1, msr 0:3ffe3041, secondary cpu clock
[    3.215676] mce: CPU supports 0 MCE banks
[    3.218857] x86: Booted up 1 node, 2 CPUs
[    3.220766] smpboot: Total of 2 processors activated (11969.99 BogoMIPS)
[    3.223336] devtmpfs: initialized
[    3.227395] evm: security.selinux
[    3.228648] evm: security.SMACK64
[    3.229894] evm: security.SMACK64EXEC
[    3.231219] evm: security.SMACK64TRANSMUTE
[    3.232631] evm: security.SMACK64MMAP
[    3.233966] evm: security.ima
[    3.235137] evm: security.capability
[    3.236625] clocksource: jiffies: mask: 0xffffffff max_cycles: 0xffffffff, max_idle_ns: 7645041785100000 ns
[    3.239790] futex hash table entries: 512 (order: 3, 32768 bytes)
[    3.241846] pinctrl core: initialized pinctrl subsystem
[    3.243681] RTC time: 17:04:36, date: 08/22/19
[    3.245569] NET: Registered protocol family 16
[    3.261724] cpuidle: using governor ladder
[    3.281808] cpuidle: using governor menu
[    3.283205] PCCT header not found.
[    3.284515] ACPI: bus type PCI registered
[    3.285925] acpiphp: ACPI Hot Plug PCI Controller Driver version: 0.5
[    3.287962] PCI: Using configuration type 1 for base access
[    3.305997] ACPI: Added _OSI(Module Device)
[    3.388050] ACPI: Added _OSI(Processor Device)
[    3.389562] ACPI: Added _OSI(3.0 _SCP Extensions)
[    3.391098] ACPI: Added _OSI(Processor Aggregator Device)
[    3.394991] ACPI: Executed 1 blocks of module-level executable AML code
[    3.422200] ACPI: Interpreter enabled
[    3.423534] ACPI: (supports S0 S5)
[    3.424810] ACPI: Using IOAPIC for interrupt routing
[    3.450577] PCI: Using host bridge windows from ACPI; if necessary, use "pci=nocrs" and report a bug
[    3.529214] ACPI: PCI Root Bridge [PCI0] (domain 0000 [bus 00-ff])
[    3.531071] acpi PNP0A03:00: _OSC: OS supports [ASPM ClockPM Segments MSI]
[    3.533102] acpi PNP0A03:00: _OSC: not requesting OS control; OS requires [ExtendedConfig ASPM ClockPM MSI]
[    3.614318] acpi PNP0A03:00: fail to add MMCONFIG information, can't access extended PCI configuration space under this bridge.
[    3.618130] PCI host bridge to bus 0000:00
[    3.619548] pci_bus 0000:00: root bus resource [io  0x0000-0x0cf7 window]
[    3.621537] pci_bus 0000:00: root bus resource [io  0x0d00-0xffff window]
[    3.751612] pci_bus 0000:00: root bus resource [mem 0x000a0000-0x000bffff window]
[    3.883149] pci_bus 0000:00: root bus resource [mem 0x40000000-0xfdffffff window]
[    3.950468] pci_bus 0000:00: root bus resource [bus 00-ff]
[    3.954433] pci 0000:00:01.1: legacy IDE quirk: reg 0x10: [io  0x01f0-0x01f7]
[    4.072864] pci 0000:00:01.1: legacy IDE quirk: reg 0x14: [io  0x03f6]
[    4.212792] pci 0000:00:01.1: legacy IDE quirk: reg 0x18: [io  0x0170-0x0177]
[    4.286304] pci 0000:00:01.1: legacy IDE quirk: reg 0x1c: [io  0x0376]
[    4.318430] pci 0000:00:07.0: quirk: [io  0x4000-0x403f] claimed by PIIX4 ACPI
[    4.326489] pci 0000:00:07.0: quirk: [io  0x4100-0x410f] claimed by PIIX4 SMB
[    4.337101] ACPI: PCI Interrupt Link [LNKA] (IRQs 5 9 10 *11)
[    4.341018] ACPI: PCI Interrupt Link [LNKB] (IRQs 5 9 *10 11)
[    4.344560] ACPI: PCI Interrupt Link [LNKC] (IRQs 5 *9 10 11)
[    4.347020] ACPI: PCI Interrupt Link [LNKD] (IRQs 5 9 10 *11)
[    4.349540] ACPI: Enabled 2 GPEs in block 00 to 07
[    4.374850] vgaarb: setting as boot device: PCI:0000:00:02.0
[    4.376606] vgaarb: device added: PCI:0000:00:02.0,decodes=io+mem,owns=io+mem,locks=none
[    4.379367] vgaarb: loaded
[    4.380484] vgaarb: bridge control possible 0000:00:02.0
[    4.382832] SCSI subsystem initialized
[    4.384634] ACPI: bus type USB registered
[    4.386153] usbcore: registered new interface driver usbfs
[    4.387889] usbcore: registered new interface driver hub
[    4.390492] usbcore: registered new device driver usb
[    4.392552] PCI: Using ACPI for IRQ routing
[    4.394700] NetLabel: Initializing
[    4.395970] NetLabel:  domain hash size = 128
[    4.397441] NetLabel:  protocols = UNLABELED CIPSOv4
[    4.478951] NetLabel:  unlabeled traffic allowed by default
[    4.481146] amd_nb: Cannot enumerate AMD northbridges
[    4.494151] clocksource: Switched to clocksource kvm-clock
[  4.510216] AppArmor: AppArmor Filesystem Enabled
[    4.572330] pnp: PnP ACPI init
[    4.574690] pnp: PnP ACPI: found 3 devices

[    4.588185] clocksource: acpi_pm: mask: 0xffffff max_cycles: 0xffffff, max_idle_ns: 2085701024 ns
[    4.591333] NET: Registered protocol family 2
[    4.593372] TCP established hash table entries: 8192 (order: 4, 65536 bytes)
[    4.595619] TCP bind hash table entries: 8192 (order: 5, 131072 bytes)
[    4.597703] TCP: Hash tables configured (established 8192 bind 8192)
[    4.599758] UDP hash table entries: 512 (order: 2, 16384 bytes)
[    4.601690] UDP-Lite hash table entries: 512 (order: 2, 16384 bytes)
[    4.603769] NET: Registered protocol family 1
[    4.605365] pci 0000:00:00.0: Limiting direct PCI/PCI transfers
[    4.607283] pci 0000:00:01.0: Activating ISA DMA hang workarounds
[    4.609485] Unpacking initramfs...
[    4.870458] Freeing initrd memory: 14828K
[    4.882868] clocksource: tsc: mask: 0xffffffffffffffff max_cycles: 0x2b2296bc2b9, max_idle_ns: 440795321505 ns
[    4.914711] platform rtc_cmos: registered platform RTC device (no PNP device found)
[    4.917581] Scanning for low memory corruption every 60 seconds
[    4.923696] audit: initializing netlink subsys (disabled)
[    4.925507] audit: type=2000 audit(1566493481.090:1): initialized
[    4.927933] Initialise system trusted keyring
[    4.929701] HugeTLB registered 2 MB page size, pre-allocated 0 pages
[    4.933778] zbud: loaded
[    4.935338] VFS: Disk quotas dquot_6.6.0
[    4.936852] VFS: Dquot-cache hash table entries: 512 (order 0, 4096 bytes)
[    4.939321] squashfs: version 4.0 (2009/01/31) Phillip Lougher
[    4.963485] fuse init (API version 7.23)
[    4.965133] Key type big_key registered
[    4.966580] Allocating IMA MOK and blacklist keyrings.
[    4.970371] Key type asymmetric registered
[    4.971868] Asymmetric key parser 'x509' registered
[    4.973590] Block layer SCSI generic (bsg) driver version 0.4 loaded (major 249)
[    5.044084] io scheduler noop registered
[    5.045585] io scheduler deadline registered (default)
[    5.090387] io scheduler cfq registered
[    5.092032] pci_hotplug: PCI Hot Plug PCI Core version: 0.5
[    5.111272] pciehp: PCI Express Hot Plug Controller Driver version: 0.4
[    5.130442] ACPI: AC Adapter [AC] (on-line)
[    5.134342] input: Power Button as /devices/LNXSYSTM:00/LNXPWRBN:00/input/input0
[    5.138605] ACPI: Power Button [PWRF]
[    5.163061] input: Sleep Button as /devices/LNXSYSTM:00/LNXSLPBN:00/input/input1
[    5.176772] ACPI: Sleep Button [SLPF]
[    5.178548] GHES: HEST is not enabled!
[    5.180138] Serial: 8250/16550 driver, 32 ports, IRQ sharing enabled
[    5.205110] 00:02: ttyS0 at I/O 0x3f8 (irq = 4, base_baud = 115200) is a 16550A
[    5.209552] Linux agpgart interface v0.103
[    5.213640] loop: module loaded
[    5.233865] scsi host0: ata_piix
[    5.235448] scsi host1: ata_piix
[    5.243164] ata1: PATA max UDMA/33 cmd 0x1f0 ctl 0x3f6 bmdma 0xd000 irq 14
[    5.245278] ata2: PATA max UDMA/33 cmd 0x170 ctl 0x376 bmdma 0xd008 irq 15
[    5.247579] libphy: Fixed MDIO Bus: probed
[    5.273323] tun: Universal TUN/TAP device driver, 1.6
[    5.293490] tun: (C) 1999-2004 Max Krasnyansky <maxk@qualcomm.com>
[    5.295511] PPP generic driver version 2.4.2
[    5.297153] ehci_hcd: USB 2.0 'Enhanced' Host Controller (EHCI) Driver
[    5.313405] ehci-pci: EHCI PCI platform driver
[    5.342947] ehci-platform: EHCI generic platform driver
[    5.344709] ohci_hcd: USB 1.1 'Open' Host Controller (OHCI) Driver
[    5.346729] ohci-pci: OHCI PCI platform driver
[    5.348313] ohci-platform: OHCI generic platform driver
[    5.353492] uhci_hcd: USB Universal Host Controller Interface driver
[    5.355626] i8042: PNP: PS/2 Controller [PNP0303:PS2K,PNP0f03:PS2M] at 0x60,0x64 irq 1,12
[    5.359273] serio: i8042 KBD port at 0x60,0x64 irq 1
[    5.360974] serio: i8042 AUX port at 0x60,0x64 irq 12
[    5.362904] mousedev: PS/2 mouse device common for all mice
[    5.365553] input: AT Translated Set 2 keyboard as /devices/platform/i8042/serio0/input/input2
[    5.368632] rtc_cmos rtc_cmos: rtc core: registered rtc_cmos as rtc0
[    5.370752] rtc_cmos rtc_cmos: alarms up to one day, 114 bytes nvram
[    5.372686] i2c /dev entries driver
[    5.374060] device-mapper: uevent: version 1.0.3
[    5.388633] device-mapper: ioctl: 4.34.0-ioctl (2015-10-28) initialised: dm-devel@redhat.com
[    5.391521] ledtrig-cpu: registered to indicate activity on CPUs
[    5.480681] NET: Registered protocol family 10
[    5.572837] NET: Registered protocol family 17
[    5.574358] Key type dns_resolver registered
[    5.633471] registered taskstats version 1
[    5.635036] Loading compiled-in X.509 certificates
[    5.637602] Loaded X.509 cert 'Build time autogenerated kernel key: 65139e04a67245b562a838c28b5e7032abdd4348'
[    5.664798] zswap: loaded using pool lzo/zbud
[    5.716087] Key type trusted registered
[    5.749680] Key type encrypted registered
[    5.751240] AppArmor: AppArmor sha1 policy hashing enabled
[    5.753069] ima: No TPM chip found, activating TPM-bypass!
[    5.754901] ima: Allocated hash algorithm: sha1
[    5.773240] evm: HMAC attrs: 0x1
[    5.775007]   Magic number: 15:980:87
[    5.776447] button LNXPWRBN:00: hash matches
[    5.778190] rtc_cmos rtc_cmos: setting system clock to 2019-08-22 17:04:38 UTC (1566493478)
[    5.781308] BIOS EDD facility v0.16 2004-Jun-25, 0 devices found
[    5.793283] EDD information not available.
[    5.800494] Freeing unused kernel memory: 1484K
[    5.834204] Write protecting the kernel read-only data: 14336k
[    5.850003] Freeing unused kernel memory: 1616K
[    5.851983] Freeing unused kernel memory: 68K
Loading, please wait...
starting version 229
[    5.995022] random: systemd-udevd: uninitialized urandom read (16 bytes read, 2 bits of entropy available)
[    6.001826] random: systemd-udevd: uninitialized urandom read (16 bytes read, 2 bits of entropy available)
[    6.006013] random: udevadm: uninitialized urandom read (16 bytes read, 2 bits of entropy available)
[    6.006123] random: udevadm: uninitialized urandom read (16 bytes read, 2 bits of entropy available)
[    6.016760] random: systemd-udevd: uninitialized urandom read (16 bytes read, 2 bits of entropy available)
[    6.021894] random: systemd-udevd: uninitialized urandom read (16 bytes read, 2 bits of entropy available)
[    6.055318] random: systemd-udevd: uninitialized urandom read (16 bytes read, 2 bits of entropy available)
[    6.060277] random: systemd-udevd: uninitialized urandom read (16 bytes read, 2 bits of entropy available)
[    6.065458] random: systemd-udevd: uninitialized urandom read (16 bytes read, 2 bits of entropy available)
[    6.074869] random: systemd-udevd: uninitialized urandom read (16 bytes read, 2 bits of entropy available)
[    6.390088] e1000: Intel(R) PRO/1000 Network Driver - version 7.3.21-k8-NAPI
[    6.393376] e1000: Copyright (c) 1999-2006 Intel Corporation.
[    6.407286] Fusion MPT base driver 3.04.20
[    6.409802] Copyright (c) 1999-2008 LSI Corporation
[    6.434166] Fusion MPT SPI Host driver 3.04.20
[    6.628194] input: ImExPS/2 Generic Explorer Mouse as /devices/platform/i8042/serio1/input/input4
[    6.954317] e1000 0000:00:03.0 eth0: (PCI:33MHz:32-bit) 02:1e:e5:6d:71:21
[    6.973943] e1000 0000:00:03.0 eth0: Intel(R) PRO/1000 Network Connection
[    6.998399] e1000 0000:00:03.0 enp0s3: renamed from eth0
[    8.234224] mptbase: ioc0: Initiating bringup
[    8.386656] ioc0: LSI53C1030 A0: Capabilities={Initiator}
[    8.552146] scsi host2: ioc0: LSI53C1030 A0, FwRev=00000000h, Ports=1, MaxQ=256, IRQ=20
[    8.675159] scsi 2:0:0:0: Direct-Access     VBOX     HARDDISK         1.0  PQ: 0 ANSI: 5
[    8.683302] scsi target2:0:0: Beginning Domain Validation
[    8.686004] scsi target2:0:0: Domain Validation skipping write tests
[    8.687942] scsi target2:0:0: Ending Domain Validation
[    8.689636] scsi target2:0:0: asynchronous
[    8.691480] scsi 2:0:1:0: Direct-Access     VBOX     HARDDISK         1.0  PQ: 0 ANSI: 5
[    8.694224] scsi target2:0:1: Beginning Domain Validation
[    8.696972] scsi target2:0:1: Domain Validation skipping write tests
[    8.698884] scsi target2:0:1: Ending Domain Validation
[    8.700581] scsi target2:0:1: asynchronous
[    8.708466] sd 2:0:0:0: [sda] 20971520 512-byte logical blocks: (10.7 GB/10.0 GiB)
[    8.712083] sd 2:0:0:0: Attached scsi generic sg0 type 0
[    8.714272] sd 2:0:1:0: [sdb] 20480 512-byte logical blocks: (10.5 MB/10.0 MiB)
[    8.717370] sd 2:0:1:0: Attached scsi generic sg1 type 0
[    8.719427] sd 2:0:0:0: [sda] Write Protect is off
[    8.721176] sd 2:0:1:0: [sdb] Write Protect is off
[    8.724029] sd 2:0:0:0: [sda] Incomplete mode parameter data
[    8.725867] sd 2:0:0:0: [sda] Assuming drive cache: write through
[    8.752580] sd 2:0:1:0: [sdb] Incomplete mode parameter data
[    8.754422] sd 2:0:1:0: [sdb] Assuming drive cache: write through
[    8.768564]  sda: sda1
[    8.770508] sd 2:0:0:0: [sda] Attached SCSI disk
[    8.793247] sd 2:0:1:0: [sdb] Attached SCSI disk
Begin: Loading e[   11.182593] md: linear personality registered for level -1
ssential drivers ... [   11.239264] md: multipath personality registered for level -4
[   11.264824] md: raid0 personality registered for level 0
[   11.302456] md: raid1 personality registered for level 1
[   11.431815] raid6: sse2x1   gen()  5284 MB/s
[   11.541848] raid6: sse2x1   xor()  5111 MB/s
[   11.631869] raid6: sse2x2   gen()  5859 MB/s
[   11.701841] raid6: sse2x2   xor()  5996 MB/s
[   11.782239] raid6: sse2x4   gen()  7390 MB/s
[   11.911832] raid6: sse2x4   xor()  6963 MB/s
[   11.973320] raid6: using algorithm sse2x4 gen() 7390 MB/s
[   11.990194] raid6: .... xor() 6963 MB/s, rmw enabled
[   11.991877] raid6: using ssse3x2 recovery algorithm
[   11.999257] xor: measuring software checksum speed
[   12.042221]    prefetch64-sse: 11517.000 MB/sec
[   12.082159]    generic_sse: 10021.000 MB/sec
[   12.083685] xor: using function: prefetch64-sse (11517.000 MB/sec)
[   12.093722] async_tx: api initialized (async)
[   12.135460] md: raid6 personality registered for level 6
[   12.138918] md: raid5 personality registered for level 5
[   12.142087] md: raid4 personality registered for level 4
[   12.198755] md: raid10 personality registered for level 10
done.
Begin: Running /scripts/init-premount ... done.
Begin: Mounting root file system ... Begin: Running /scripts/local-top ... done.
Begin: Running /scripts/local-premount ... [   12.381482] Btrfs loaded
Scanning for Btrfs filesystems
done.
Warning: fsck not present, so skipping root file system
[   12.587076] EXT4-fs (sda1): mounted filesystem with ordered data mode. Opts: (null)
done.
Begin: Running /scripts/local-bottom ... done.
Begin: Running /scripts/init-bottom ... done.
[   13.389823] systemd[1]: systemd 229 running in system mode. (+PAM +AUDIT +SELINUX +IMA +APPARMOR +SMACK +SYSVINIT +UTMP +LIBCRYPTSETUP +GCRYPT +GNUTLS +ACL +XZ -LZ4 +SECCOMP +BLKID +ELFUTILS +KMOD -IDN)
[   13.424086] systemd[1]: Detected virtualization oracle.
[   13.425776] systemd[1]: Detected architecture x86-64.

Welcome to [1mUbuntu 16.04.6 LTS[0m!

[   13.497392] systemd[1]: Set hostname to <ubuntu>.
[   13.514512] systemd[1]: Initializing machine ID from random generator.
[   13.516581] systemd[1]: Installed transient /etc/machine-id file.
[   13.811530] random: nonblocking pool is initialized
[   14.487399] systemd[1]: Reached target Encrypted Volumes.
[[0;32m  OK  [0m] Reached target Encrypted Volumes.
[   14.603446] systemd[1]: Started Forward Password Requests to Wall Directory Watch.
[[0;32m  OK  [0m] Started Forward Password Requests to Wall Directory Watch.
[   14.619050] systemd[1]: Created slice System Slice.
[[0;32m  OK  [0m] Created slice System Slice.
[   14.627509] systemd[1]: Created slice User and Session Slice.
[[0;32m  OK  [0m] Created slice User and Session Slice.
[   14.631450] systemd[1]: Listening on Journal Socket.
[[0;32m  OK  [0m] Listening on Journal Socket.
[   14.660032] systemd[1]: Starting Uncomplicated firewall...
         Starting Uncomplicated firewall...
[   14.676318] systemd[1]: Starting Nameserver information manager...
         Starting Nameserver information manager...
[   14.700278] systemd[1]: Mounting Debug File System...
         Mounting Debug File System...
[   14.734357] systemd[1]: Mounting POSIX Message Queue File System...
         Mounting POSIX Message Queue File System...
[   14.788587] systemd[1]: Starting Remount Root and Kernel File Systems...
         Starting Remount Root and Kernel File Systems...
[   14.798447] systemd[1]: Listening on Device-mapper event daemon FIFOs.
[[0;32m  OK  [0m] Listening on Device-mapper event daemon FIFOs.
[   14.815621] systemd[1]: Reached target User and Group Name Lookups.
[[0;32m  OK  [0m] Reached target User and Group Name Lookups.
[   14.823650] systemd[1]: Set up automount Arbitrary Executable File Formats File System Automount Point.
[[0;32m  OK  [0m] Set up automount Arbitrary Executab...ats File System Automount Point.
[   14.832982] systemd[1]: Reached target System Time Synchronized.
[   14.836323] EXT4-fs (sda1): re-mounted. Opts: (null)
[[0;32m  OK  [0m] Reached target System Time Synchronized.
[   14.848109] systemd[1]: Listening on LVM2 metadata daemon socket.
[[0;32m  OK  [0m] Listening on LVM2 metadata daemon socket.
[   14.871260] systemd[1]: Starting Create list of required static device nodes for the current kernel...
         Starting Create list of required st... nodes for the current kernel...
[   14.885813] systemd[1]: Created slice system-serial\x2dgetty.slice.
[[0;32m  OK  [0m] Created slice system-serial\x2dgetty.slice.
[   14.893492] systemd[1]: Listening on /dev/initctl Compatibility Named Pipe.
[[0;32m  OK  [0m] Listening on /dev/initctl Compatibility Named Pipe.
[   14.900972] systemd[1]: Started Trigger resolvconf update for networkd DNS.
[[0;32m  OK  [0m] Started Trigger resolvconf update for networkd DNS.
[   14.919384] systemd[1]: Starting Set console keymap...
         Starting Set console keymap...
[   14.936327] systemd[1]: Listening on LVM2 poll daemon socket.
[[0;32m  OK  [0m] Listening on LVM2 poll daemon socket.
[   14.947888] systemd[1]: Listening on Syslog Socket.
[[0;32m  OK  [0m] Listening on Syslog Socket.
[   14.971414] systemd[1]: Starting Load Kernel Modules...
         Starting Load Kernel Modules...
[   14.977566] systemd[1]: Listening on udev Kernel Socket.
[[0;32m  OK  [0m] Listening on udev Kernel Socket.
[   15.002643] systemd[1]: Listening on Journal Socket (/dev/log).
[[0;32m  OK  [0m] Listening on Journal Socket (/dev/log).
[   15.037235] systemd[1]: Mounting Huge Pages File System...
         Mounting Huge Pages File System...
[   15.054912] systemd[1]: Reached target Slices.
[[0;32m  OK  [0m] Reached target Slices.
[   15.065321] systemd[1]: Listening on udev Control Socket.
[[0;32m  OK  [0m] Listening on udev Control Socket.
[   15.072543] Loading iSCSI transport class v2.0-870.
[   15.076076] systemd[1]: Listening on Journal Audit Socket.
[[0;32m  OK  [0m] Listening on Journal Audit Socket.
[   15.129958] systemd[1]: Starting Journal Service...
         Starting Journal Service...
[   15.196820] systemd[1]: Starting Monitoring of LVM2 mirrors, snapshots etc. using dmeventd or progress polling...
[   15.216423] iscsi: registered transport (tcp)
         Starting Monitoring of LVM2 mirrors... dmeventd or progress polling...
[   15.239612] systemd[1]: Reached target Swap.
[[0;32m  OK  [0m] Reached target Swap.
[   15.288143] systemd[1]: Mounted POSIX Message Queue File System.
[[0;32m  OK  [0m] Mounted POSIX Message Queue File System.
[   15.301176] systemd[1]: Mounted Huge Pages File System.
[[0;32m  OK  [0m] Mounted Huge Pages File System.
[   15.310901] systemd[1]: Mounted Debug File System.
[[0;32m  OK  [0m] Mounted Debug File System.
[   15.322029] systemd[1]: Started Uncomplicated firewall.
[[0;32m  OK  [0m] Started Uncomplicated firewall.
[   15.378004] systemd[1]: Started Remount Root and Kernel File Systems.
[[0;32m  OK  [0m] Started Remount Root and Kernel File Systems.
[   15.397240] systemd[1]: Started Create list of required static device nodes for the current kernel.
[[0;32m  OK  [0m] Started Create list of required sta...ce nodes for the current kernel.
[   15.447000] systemd[1]: Started Set console keymap.
[[0;32m  OK  [0m] Started Set console keymap.
[   15.507081] systemd[1]: Started Nameserver information manager.
[[0;32m  OK  [0m] Started Nameserver information manager.
[   15.554946] iscsi: registered transport (iser)
[   15.563195] systemd[1]: Started Journal Service.
[[0;32m  OK  [0m] Started Journal Service.
[[0;32m  OK  [0m] Started Load Kernel Modules.
[[0;32m  OK  [0m] Started LVM2 metadata daemon.
         Starting Apply Kernel Variables...
         Mounting FUSE Control File System...
         Starting Create Static Device Nodes in /dev...
         Starting udev Coldplug all Devices...
         Starting Flush Journal to Persistent Storage...
         Starting Load/Save Random Seed...
[[0;32m  OK  [0m] Mounted FUSE Control File System.
[[0;32m  OK  [0m] Started Apply Kernel Variables.
[[0;32m  OK  [0m] Started Load/Save Random Seed.
[[0;32m  OK  [0m] Started Create Static Device Nodes in /dev.
         Starting udev Kernel Device Manager...
[[0;32m  OK  [0m] Started Flush Journal to Persistent Storage.
[[0;32m  OK  [0m] Started Monitoring of LVM2 mirrors,...ng dmeventd or progress polling.
[[0;32m  OK  [0m] Reached target Local File Systems (Pre).
[[0;32m  OK  [0m] Reached target Local File Systems.
         Starting Set console font and keymap...
         Starting LSB: AppArmor initialization...
         Starting Initial cloud-init job (pre-networking)...
         Starting Tell Plymouth To Write Out Runtime Data...
         Starting Commit a transient machine-id on disk...
         Starting Create Volatile Files and Directories...
[[0;32m  OK  [0m] Started Tell Plymouth To Write Out Runtime Data.
[[0;32m  OK  [0m] Started Commit a transient machine-id on disk.
[[0;32m  OK  [0m] Started udev Coldplug all Devices.
[[0;32m  OK  [0m] Started udev Kernel Device Manager.
[[0;32m  OK  [0m] Started Dispatch Password Requests to Console Directory Watch.
[[0;32m  OK  [0m] Started Create Volatile Files and Directories.
         Starting Update UTMP about System Boot/Shutdown...
[[0;32m  OK  [0m] Started Update UTMP about System Boot/Shutdown.
[[0;32m  OK  [0m] Found device /dev/ttyS0.
[[0;32m  OK  [0m] Listening on Load/Save RF Kill Switch Status /dev/rfkill Watch.
[[0;32m  OK  [0m] Started LSB: AppArmor initialization.
[[0;32m  OK  [0m] Started Set console font and keymap.
[[0;32m  OK  [0m] Created slice system-getty.slice.
[   20.117911] cloud-init[456]: Cloud-init v. 19.1-1-gbaa47854-0ubuntu1~16.04.1 running 'init-local' at Thu, 22 Aug 2019 17:04:55 +0000. Up 18.41 seconds.
[[0;32m  OK  [0m] Started Initial cloud-init job (pre-networking).
[[0;32m  OK  [0m] Reached target Network (Pre).
         Starting Raise network interfaces...
[[0;32m  OK  [0m] Started Raise network interfaces.
         Starting Initial cloud-init job (metadata service crawler)...
[[0;32m  OK  [0m] Reached target Network.
[   26.794412] cloud-init[944]: Cloud-init v. 19.1-1-gbaa47854-0ubuntu1~16.04.1 running 'init' at Thu, 22 Aug 2019 17:04:59 +0000. Up 23.18 seconds.
[   26.857536] cloud-init[944]: ci-info: ++++++++++++++++++++++++++++++++++++++Net device info++++++++++++++++++++++++++++++++++++++
[   26.908736] cloud-init[944]: ci-info: +--------+------+----------------------------+---------------+--------+-------------------+
[   27.011387] cloud-init[944]: ci-info: | Device |  Up  |          Address           |      Mask     | Scope  |     Hw-Address    |
[[   27.035225] cloud-init[944]: ci-info: +--------+------+----------------------------+---------------+--------+-------------------+
[   27.036304] cloud-init[944]: ci-info: | enp0s3 | True |         10.0.2.15          | 255.255.255.0 | global | 02:1e:e5:6d:71:21 |
[0;32m  OK  [0m] Started Initial cloud-init job (metadata service crawler).
[[0;32m  OK  [0m] Reached target Cloud-config availability.[   27.040080] cloud-init[944]: ci-info: | enp0s3 | True | fe80::1e:e5ff:fe6d:7121/64 |       .       |  link  | 02:1e:e5:6d:71:21 |
[   27.054270] cloud-init[944]: ci-info: |   lo   | True |         127.0.0.1          |   255.0.0.0   |  host  |         .         |

[   27.055073] cloud-init[944]: ci-info: |   lo   | True |          ::1/128           |       .       |  host  |         .         |
[[0;32m  OK  [0m] Reached target System Initialization.
[   27.064756] cloud-init[944]: ci-info: +--------+------+----------------------------+---------------+--------+-------------------+
[[0;32m  OK  [0m] Started Daily Cleanup of Temporary Directories.
[   27.088054] cloud-init[944]: ci-info: +++++++++++++++++++++++++++Route IPv4 info++++++++++++++++++++++++++++
[   27.207666] cloud-init[944]: ci-info: +-------+-------------+----------+---------------+-----------+-------+
[[0;32m  OK  [0m] Started Daily apt download activities.
[   27.208079] cloud-init[944]: ci-info: | Route | Destination | Gateway  |    Genmask    | Interface | Flags |
[   27.350753] cloud-init[944]: ci-info: +-------+-------------+----------+---------------+-----------+-------+
         Starting Socket activation for snappy daemon.
[   27.351104] cloud-init[944]: ci-info: |   0   |   0.0.0.0   | 10.0.2.2 |    0.0.0.0    |   enp0s3  |   UG  |
[   27.437659] cloud-init[944]: ci-info: |   1   |   10.0.2.0  | 0.0.0.0  | 255.255.255.0 |   enp0s3  |   U   |
         Starting LXD - unix socket.
[   27.548707] cloud-init[944]: ci-info: +-------+-------------+----------+---------------+-----------+-------+
[[0;32m  OK  [0m] Listening on ACPID Listen Socket.
[   27.598612] cloud-init[944]: ci-info: +++++++++++++++++++Route IPv6 info+++++++++++++++++++
[   27.700522] cloud-init[944]: ci-info: +-------+-------------+---------+-----------+-------+
[   27.760540] cloud-init[944]: ci-info: | Route | Destination | Gateway | Interface | Flags |
[[0;32m  OK  [0m] Listening on D-Bus System Message Bus Socket.
[   27.760986] cloud-init[944]: ci-info: +-------+-------------+---------+-----------+-------+
[   27.863751] cloud-init[944]: ci-info: |   0   |  fe80::/64  |    ::   |   enp0s3  |   U   |
[[0;32m  OK  [0m] Listening on UUID daemon activation socket.
[   27.864218] cloud-init[944]: ci-info: |   4   |   ff00::/8  |    ::   |   enp0s3  |   U   |
[   28.003776] cloud-init[944]: ci-info: +-------+-------------+---------+-----------+-------+
[[0;32m  OK  [0m] Started Daily apt upgrade and clean activities.
[   28.004399] cloud-init[944]: Generating public/private rsa key pair.
[[0;32m  OK  [0m] Reached target Timers.
[   28.077275] cloud-init[944]: Your identification has been saved in /etc/ssh/ssh_host_rsa_key.
[   28.168665] cloud-init[944]: Your public key has been saved in /etc/ssh/ssh_host_rsa_key.pub.
[   28.220723] cloud-init[944]: The key fingerprint is:
[   28.239299] cloud-init[944]: SHA256:lqjsGEWBpYUbSdGcS9dH+7autXK8VdNfm7QQoZK23H4 root@ubuntu-xenial
[   28.296709] cloud-init[944]: The key's randomart image is:
[[0;32m  OK  [0m] Started ACPI Events Check.
[   28.297099] cloud-init[944]: +---[RSA 2048]----+
[   28.448711] cloud-init[944]: | .oO+. . ..  .   |
[   28.468675] cloud-init[944]: |  =o=.. . o.. .  |
[   28.472654] cloud-init[944]: |  .+.o   =.. .   |
[   28.489930] cloud-init[944]: |  ...  .o.+.  . .|
[   28.500410] cloud-init[944]: |    . . So .o. o+|
[   28.502622] cloud-init[944]: |   o . .  .. .o.B|
[[0;32m  OK  [0m] Reached target Paths.
[   28.511999] [cloud-init[0;32m  OK  [0m[944]: ] |  . o      ooE.+.|Reached target Network is Online.

[   28.513692] cloud-init[944]: |   +      .o+o   |
[   28.533184] cloud-init[944]: |  . .     .++.   |
[   28.535810] cloud-init[944]: +----[SHA256]-----+
[   28.540754] cloud-init[944]: Generating public/private dsa key pair.
[   28.544736] cloud-init[944]: Your identification has been saved in /etc/ssh/ssh_host_dsa_key.
         Starting iSCSI initiator daemon (iscsid)...
[   28.550822] cloud-init[944]: Your public key has been saved in /etc/ssh/ssh_host_dsa_key.pub.
[   28.586052] cloud-init[944]: The key fingerprint is:
[[0;32m  OK  [0m] Listening on Socket activation for snappy daemon.
[[0;32m  OK  [0m] Listening on LXD - unix socket.
[   28.604434] cloud-init[944]: SHA256:CzVFknRLuEv7JrNr0L2W3mfm1cPkGYdiCOsH/etOshk root@ubuntu-xenial
[   28.669627] cloud-init[944]: The key's randomart image is:
[   28.682887] cloud-init[944]: +---[DSA 1024]----+
[   28.685758] cloud-init[944]: |       .o+=      |
[   28.687531] cloud-init[944]: |        o= .     |
[[0;32m  OK  [0m] Reached target Sockets.
[[0;32m  OK  [0m] Reached target Basic System.
[   28.705008] cloud-init[944]: |        +..      |
[   28.809808] cloud-init[944]: |       .o= .   . |
         Starting Snappy daemon...
[   28.819814] cloud-init[944]: |      .oS+o o .o.|
         Starting Pollinate to seed the pseudo random number generator...
[   28.868475] cloud-init[944]: |      .o+o.o .+ =|
[   28.938154] cloud-init[944]: |       .o.Eoo  =o|
[   28.952908] cloud-init[944]: |        +.*B .+..|
[[0;32m  OK  [0m] Started FUSE filesystem for LXC.
[   28.993083] cloud-init[944]: |       .oO+o==.  |
[   29.084025] cloud-init[944]: +----[SHA256]-----+
[   29.100326] cloud-init[944]: Generating public/private ecdsa key pair.
[   29.130447] cloud-init[944]: Your identification has been saved in /etc/ssh/ssh_host_ecdsa_key.
[   29.131567] cloud-init[944]: Your public key has been saved in /etc/ssh/ssh_host_ecdsa_key.pub.
[   29.132162] cloud-init[944]: The key fingerprint is:
[   29.132566] cloud-init[944]: SHA256:vUgZYrktAJcPS1xUeH0dgsJeRjYyPGyPV3T+kdEtEhw root@ubuntu-xenial
         Starting Accounts Service...
[   29.132859] cloud-init[944]: The key's randomart image is:
[   29.172461] cloud-init[944]: +---[ECDSA 256]---+
[   29.206551] cloud-init[944]: |  ...+o*+o++E+ooo|
[   29.259488] [[0;32m  OK  [0m] Started Deferred execution scheduler.
cloud-init[944]: |   o= ..O+=.=+o =|
[   29.279683] cloud-init[944]: |   ..+++.B o ..+ |
[   29.289154] cloud-init[944]: |    .o.+o+o    ..|
         Starting /etc/rc.local Compatibility...
[   29.324694] cloud-init[944]: |      o S..     .|
[   29.365953]          Starting Virtualbox guest utils...
         Starting LSB: MD monitoring daemon...
         Starting System Logging Service...
         Starting LSB: Record successful boot for GRUB...
[[0;32m  OK  [0m] Started Regular background program processing daemon.
cloud-init[944]: |       o . .     |
         Starting Login Service...
[   29.654544] cloud-init[944]: |        . .      |
[   29.735187] cloud-init[944]: |                 |
[   29.765083] cloud-init[944]: |                 |
[   29.765577] cloud-init[944]: +----[SHA256]-----+
[[0;32m  OK  [0m] Started ACPI event daemon.
[   29.766574] cloud-init[944]: Generating public/private ed25519 key pair.
[   29.824146] cloud-init[944]: Your identification has been saved in /etc/ssh/ssh_host_ed25519_key.
[   29.827639] cloud-init[944]: Your public key has been saved in /etc/ssh/ssh_host_ed25519_key.pub.
[   29.853586] cloud-init[944]: The key fingerprint is:
[   29.892710] cloud-init[944]: SHA256:yd3EqIryfCXjoRYSMCU4LNx6k8c0Hv85gpbeTE9U6Lk root@ubuntu-xenial
[[0;32m  OK  [0m] Started D-Bus System Message Bus.
[   29.894389] cloud-init[944]: The key's randomart image is:
[   30.023072] cloud-init[944]: +--[ED25519 256]--+
[   30.059578] cloud-init[944]: |=.o       .      |
[   30.070788] cloud-init[944]: |*+ . +   . +     |
[   30.103301] cloud-init[944]: |.+. = + . + o    |
[   30.173750] cloud-init[944]: | ..+ + o B o     |
[   30.191024] cloud-init[944]: |  ..o o S + .    |
[   30.205437] cloud-init[944]: |  . .=++.E       |
[   30.216664] cloud-init[944]: |  ..++==+ .      |
[   30.244557] cloud-init[944]: |   +o.oo .       |
[   30.290125] cloud-init[944]: |   .o.           |
[   30.303198] cloud-init[944]: +----[SHA256]-----+
         Starting LXD - container startup/shutdown...
[[0;32m  OK  [0m] Started System Logging Service.
[[0;32m  OK  [0m] Started /etc/rc.local Compatibility.
[[0;32m  OK  [0m] Started iSCSI initiator daemon (iscsid).
[[0;32m  OK  [0m] Started Login Service.
[[0;32m  OK  [0m] Started Unattended Upgrades Shutdown.
         Starting Authenticate and Authorize Users to Run Privileged Tasks...
         Starting Login to default iSCSI targets...
[[0;32m  OK  [0m] Started LSB: Record successful boot for GRUB.
[[0;32m  OK  [0m] Started Login to default iSCSI targets.
[[0;32m  OK  [0m] Reached target Remote File Systems (Pre).
[[0;32m  OK  [0m] Reached target Remote File Systems.
         Starting LSB: automatic crash report generation...
         Starting LSB: Set the CPU Frequency Scaling governor to "ondemand"...
         Starting Permit User Sessions...
         Starting LSB: daemon to balance interrupts for SMP systems...
[[0;32m  OK  [0m] Started Authenticate and Authorize Users to Run Privileged Tasks.
[[0;32m  OK  [0m] Started Accounts Service.
[[0;32m  OK  [0m] Started LSB: MD monitoring daemon.
[[0;32m  OK  [0m] Started Permit User Sessions.
         Starting Terminate Plymouth Boot Screen...
         Starting Hold until boot process finishes up...
[[0;32m  OK  [0m] Started Terminate Plymouth Boot Screen.
[[0;32m  OK  [0m] Started Hold until boot process finishes up.
         Starting Set console scheme...
[[0;32m  OK  [0m] Started Serial Getty on ttyS0.
[[0;32m  OK  [0m] Started Getty on tty1.
[[0;32m  OK  [0m] Reached target Login Prompts.
[[0;32m  OK  [0m] Started Set console scheme.
[[0;32m  OK  [0m] Started LSB: Set the CPU Frequency Scaling governor to "ondemand".
[[0;32m  OK  [0m] Started Virtualbox guest utils.
[[0;32m  OK  [0m] Started LXD - container startup/shutdown.
[[0;32m  OK  [0m] Started LSB: automatic crash report generation.
[[0;32m  OK  [0m] Started LSB: daemon to balance interrupts for SMP systems.
[[0;32m  OK  [0m] Started Snappy daemon.
         Starting Wait until snapd is fully seeded...
[[0;32m  OK  [0m] Started Pollinate to seed the pseudo random number generator.
         Starting OpenBSD Secure Shell server...
[[0;32m  OK  [0m] Started OpenBSD Secure Shell server.
[[0;32m  OK  [0m] Created slice User Slice of vagrant.
         Starting User Manager for UID 1000...
[[0;32m  OK  [0m] Started Session 1 of user vagrant.
[[0;32m  OK  [0m] Started User Manager for UID 1000.
[[0;32m  OK  [0m] Started Wait until snapd is fully seeded.
[[0;32m  OK  [0m] Reached target Multi-User System.
[[0;32m  OK  [0m] Reached target Graphical Interface.
         Starting Update UTMP about System Runlevel Changes...
         Starting Apply the settings specified in cloud-config...
[[0;32m  OK  [0m] Started Update UTMP about System Runlevel Changes.

Ubuntu 16.04.6 LTS ubuntu-xenial ttyS0

ubuntu-xenial login: [   39.880984] cloud-init[1378]: Generating locales (this might take a while)...
[   43.190463] cloud-init[1378]:   en_US.UTF-8... done
[   43.192462] cloud-init[1378]: Generation complete.
[   45.000223] cloud-init[1378]: Cloud-init v. 19.1-1-gbaa47854-0ubuntu1~16.04.1 running 'modules:config' at Thu, 22 Aug 2019 17:05:15 +0000. Up 39.13 seconds.
ci-info: no authorized ssh keys fingerprints found for user ubuntu.
<14>Aug 22 17:05:23 ec2: 
<14>Aug 22 17:05:23 ec2: #############################################################
<14>Aug 22 17:05:23 ec2: -----BEGIN SSH HOST KEY FINGERPRINTS-----
<14>Aug 22 17:05:23 ec2: 1024 SHA256:CzVFknRLuEv7JrNr0L2W3mfm1cPkGYdiCOsH/etOshk root@ubuntu-xenial (DSA)
<14>Aug 22 17:05:23 ec2: 256 SHA256:vUgZYrktAJcPS1xUeH0dgsJeRjYyPGyPV3T+kdEtEhw root@ubuntu-xenial (ECDSA)
<14>Aug 22 17:05:23 ec2: 256 SHA256:yd3EqIryfCXjoRYSMCU4LNx6k8c0Hv85gpbeTE9U6Lk root@ubuntu-xenial (ED25519)
<14>Aug 22 17:05:23 ec2: 2048 SHA256:lqjsGEWBpYUbSdGcS9dH+7autXK8VdNfm7QQoZK23H4 root@ubuntu-xenial (RSA)
<14>Aug 22 17:05:23 ec2: -----END SSH HOST KEY FINGERPRINTS-----
<14>Aug 22 17:05:23 ec2: #############################################################
-----BEGIN SSH HOST KEY KEYS-----
ecdsa-sha2-nistp256 AAAAE2VjZHNhLXNoYTItbmlzdHAyNTYAAAAIbmlzdHAyNTYAAABBBOcWDCBroBT6US8ywQzJQrOEOVBnZGCBTdPXDk8poXgtLu3xo7NpR5hNJOfH2KMelk2g+gQ1iDfWeI6FNZx6glo= root@ubuntu-xenial
ssh-ed25519 AAAAC3NzaC1lZDI1NTE5AAAAIOyiWOeQhmQbEh5rrRBnvA0SpfgrAdshXoob0a+SFHoO root@ubuntu-xenial
ssh-rsa AAAAB3NzaC1yc2EAAAADAQABAAABAQDCFI8loE6R4FCj6KSRBAkgaygreCL1al0NSXcsoovFidpds5nTUmS2INWukxqMJcFxsNPbol3OllyvND14BDBdtA4hQZju/qFdKsYVQI8ZO8Yk4Ow0PAugZvDnI6IGkZcpmps+39uVk++wP+RV1O8lFbib8p1z/aafQVC2dvCsHdeXQFTKR4M5uwUR9lEb2FyIIDrhutV70ss9RTS21p7DPuqy+9ALbAtd3c+l4x2OkqnRcw2jDohtWN75cr7HJP5WhkgQS0OkrDEDAUdaHxjwefuDZXdlb5x2T3LC3IZiPUJ+QmNNUh66It6TsnOrc4gsqULfiSjJpeBB0rJTo9+J root@ubuntu-xenial
-----END SSH HOST KEY KEYS-----
[   47.390615] cloud-init[1538]: Cloud-init v. 19.1-1-gbaa47854-0ubuntu1~16.04.1 running 'modules:final' at Thu, 22 Aug 2019 17:05:23 +0000. Up 46.59 seconds.
[   47.391404] cloud-init[1538]: ci-info: no authorized ssh keys fingerprints found for user ubuntu.
[   47.392076] cloud-init[1538]: Cloud-init v. 19.1-1-gbaa47854-0ubuntu1~16.04.1 finished at Thu, 22 Aug 2019 17:05:24 +0000. Datasource DataSourceNoCloud [seed=/dev/sdb][dsmode=net].  Up 47.35 seconds
