[    0.000000] Initializing cgroup subsys cpuset
[    0.000000] Initializing cgroup subsys cpu
[    0.000000] Initializing cgroup subsys cpuacct
[    0.000000] Linux version 4.4.0-154-generic (buildd@lgw01-amd64-049) (gcc version 5.4.0 20160609 (Ubuntu 5.4.0-6ubuntu1~16.04.10) ) #181-Ubuntu SMP Tue Jun 25 05:29:03 UTC 2019 (Ubuntu 4.4.0-154.181-generic 4.4.179)
[    0.000000] Command line: BOOT_IMAGE=/boot/vmlinuz-4.4.0-154-generic root=LABEL=cloudimg-rootfs ro console=tty1 console=ttyS0
[    0.000000] KERNEL supported cpus:
[    0.000000]   Intel GenuineIntel
[    0.000000]   AMD AuthenticAMD
[    0.000000]   Centaur CentaurHauls
[    0.000000] x86/fpu: Legacy x87 FPU detected.
[    0.000000] e820: BIOS-provided physical RAM map:
[    0.000000] BIOS-e820: [mem 0x0000000000000000-0x000000000009fbff] usable
[    0.000000] BIOS-e820: [mem 0x000000000009fc00-0x000000000009ffff] reserved
[    0.000000] BIOS-e820: [mem 0x00000000000f0000-0x00000000000fffff] reserved
[    0.000000] BIOS-e820: [mem 0x0000000000100000-0x000000003ffeffff] usable
[    0.000000] BIOS-e820: [mem 0x000000003fff0000-0x000000003fffffff] ACPI data
[    0.000000] BIOS-e820: [mem 0x00000000fec00000-0x00000000fec00fff] resrved
[    0.000000] BIOS-e820: [mem 0x00000000fee00000-0x00000000fee00fff] reserved
[    0.000000] BIOS-e820: [mem 0x00000000fffc0000-0x00000000ffffffff] reserved
[    0.000000] NX (Execute Disable) protection: active
[    0.000000] SMBIOS 2.5 present.
[    0.000000] Hypervisor detected: KVM
[    0.000000] e820: last_pfn = 0x3fff0 max_arch_pfn = 0x400000000
[    0.000000] MTRR: Disabled
[    0.000000] x86/PAT: MTRRs disabled, skipping PAT initialization too.
[    0.000000] CPU MTRRs all blank - virtualized system.
[    0.000000] x86/PAT: Configuration [0-7]: WB  WT  UC- UC  WB  WT  UC- UC  
[    0.000000] found SMP MP-table at [mem 0x0009fff0-0x0009ffff] mapped at [ffff88000009fff0]
[    0.000000] Scanning 1 areas for low memory corruption
[    0.000000] RAMDISK: [mem 0x32fa000-0x3714fff]
[    0.000000] ACPI: Early table checksum verification disabled
[    0.000000] ACPI: RSDP 0x00000000000E0000 000024 (v02 VBOX  )
[    0.000000] ACPI: XSDT 0x000000003FFF0030 00003C (v01 VBOX   VBOXXSDT 00000001 ASL  00000061)
[    0.000000] ACPI: FACP 0x000000003FFF00F0 0000F4 (v04 VBOX   VBOXFACP 00000001 ASL  00000061)
[    0.000000] ACPI: DSDT 0x000000003FFF0470 0021FF (v02 VBOX   VBOXBIOS 00000002 INTL 20180105)
[    0.000000] ACPI: FACS 0x000000003FFF0200 000040
[    0.000000] ACPI: FACS 0x000000003FFF0200 000040
[    0.000000] ACPI: APIC 0x000000003FFF0240 00005C (v02 VBOX   VBOXAPIC 00000001 ASL  00000061)
[    0.000000] ACPI: SSDT 0x000000003FFF02A0 0001CC (v01 VBOX   VBOXCPUT 00000002 INTL 20180105)
[    0.000000] No NUMA configuration found
[    0.000000] Faking a node at [mem 0x0000000000000000-0x000000003ffeffff]
[    0.000000] NODE_DATA(0) allocated [mem 0x3ffeb000-0x3ffeffff]
[    0.000000] kvm-clock: Using msrs 4b564d01 and 4b564d00
[    0.000000] kvm-clock: cpu 0, msr 0:3ffe3001, primary cpu clock
[    0.000000] kvm-clock: using sched offset of 5228111479 cycles
[    0.000000] clocksource: kvm-clock: mask: 0xffffffffffffffff max_cycles: 0x1cd42e4dffb, max_idle_ns: 881590591483 ns
[    0.000000] Zone ranges:
[    0.000000]   DMA      [mem 0x0000000000001000-0x0000000000ffffff]
[    0.000000]   DMA32    [mem 0x0000000001000000-0x000000003ffeffff]
[    0.000000]   Normal   empty
[    0.000000]   Device   empty
[    0.000000] Movable zone start for each node
[    0.000000] Early memory node ranges
[    0.000000]   node   0: [mem 0x0000000000001000-0x000000000009efff]
[    0.000000]   node   0: [mem 0x0000000000100000-0x000000003ffeffff]
[    0.000000] Initmem setup node 0 [mem 0x0000000000001000-0x000000003ffeffff]
[    0.000000] ACPI: PM-Timer IO Port: 0x4008
[    0.000000] IOAPIC[0]: apic_id 2, version 32, address 0xfec00000, GSI 0-23
[    0.000000] ACPI: INT_SRC_OVR (bus 0 bus_irq 0 global_irq 2 dfl dfl)
[    0.000000] ACPI: INT_SRC_OVR (bus 0 bus_irq 9 global_irq 9 low level)
[    0.000000] Using ACPI (MADT) for SMP configuration information[    0.000000] smpboot: Allowing 2 CPUs, 0 hotplug CPUs
[    0.000000] PM: Registered nosave memory: [mem 0x00000000-0x00000fff]
[    0.000000] PM: Registered nosave memory: [mem 0x0009f000-0x0009ffff]
[    0.000000] PM: Registered nosave memory: [mem 0x000a0000-0x000effff]
[    0.000000] PM: Registered nosave memory: [mem 0x000f0000-0x000fffff]
[    0.000000] e820: [mem 0x40000000-0xfebfffff] available for PCI devices
[    0.000000] Booting paravirtualized kernel on KVM
[    0.000000] clocksource: refined-jiffies: mask: 0xffffffff max_cycles: 0xffffffff, max_idle_ns: 7645519600211568 ns
[    0.000000] setup_percpu: NR_CPUS:512 nr_cpumask_bits:512 nr_cpu_ids:2 nr_node_ids:1
[    0.000000] PERCPU: Embedded 34 pages/cpu @ffff88003fc00000 s99480 r8192 d31592 u1048576
[    0.000000] Built 1 zonelists in Node order, mobility grouping on.  Total pages: 257912
[    0.000000] Policy zone: DMA32
[    0.000000] Kernel command line: BOOT_IMAGE=/boot/vmlinuz-4.4.0-154-generic root=LABEL=cloudimg-rootfs ro console=tty1 console=ttyS0
[    0.000000] PID hash table entries: 4096 (order: 3, 32768 bytes)
[    0.000000] Memory: 997732K/1048120K available (8613K kernel code, 1335K rwdata, 4028K rodata, 1484K init, 1284K bss, 50388K reserved, 0K cma-reserved)
[    0.000000] SLUB: HWalign=64, Order=0-3, MinObjects=0, CPUs=2, Nodes=1
[    0.000000] Kernel/User page tables isolation: enabled
[    0.000000] Hierarchical RCU implementation.
[    0.000000] 	Build-time adjustment of leaf fanout to 64.
[    0.000000] 	RCU restricting CPUs from NR_CPUS=512 to nr_cpu_ids=2.
[    0.000000] RCU: Adjusting geometry for rcu_fanout_leaf=64, nr_cpu_ids=2
[    0.000000] NR_IRQS:33024 nr_irqs:440 16
[    0.000000] Console: colour VGA+ 80x25
[    0.000000] console [tty1] enabled
[    0.000000] console [ttyS0] enabled
[    0.000000] tsc: Detected 2992.498 MHz processor
[    1.738346] Calibrating delay loop (skipped) preset value.. 5984.99 BogoMIPS (lpj=11969992)
[    1.879389] pid_max: default: 32768 minimum: 301
[    1.880936] ACPI: Core revision 20150930
[    1.883631] ACPI: 2 ACPI AML tables successfully acquired and loaded
[    1.885797] Security Framework initialized
[    1.918982] Yama: becoming mindful.
[    1.920350] AppArmor: AppArmor initialized
[    1.921937] Dentry cache hash table entries: 131072 (order: 8, 1048576 bytes)
[    1.924604] Inode-cache hash table entries: 65536 (order: 7, 524288 bytes)
[    1.926916] Mount-cache hash table entries: 2048 (order: 2, 16384 bytes)
[    1.928895] Mountpoint-cache hash table entries: 2048 (order: 2, 16384 bytes)
[    1.931825] Initializing cgroup subsys io
[    1.933234] Initializing cgroup subsys memory
[    1.934736] Initializing cgroup subsys devices
[    1.936236] Initializing cgroup subsys freezer
[    1.937731] Initializing cgroup subsys net_cls
[    1.967096] Initializing cgroup subsys perf_event
[    1.968641] Initializing cgroup subsys net_prio
[    1.970177] Initializing cgroup subsys hugetlb
[    2.040972] Initializing cgroup subsys pids
[    2.042534] mce: CPU supports 0 MCE banks
[    2.044003] Last level iTLB entries: 4KB 128, 2MB 4, 4MB 4
[    2.045709] Last level dTLB entries: 4KB 256, 2MB 0, 4MB 32, 1GB 0
[    2.064062] Spectre V2 : Mitigation: Full generic retpoline
[    2.065793] Spectre V2 : Spectre v2 / SpectreRSB mitigation: Filling RSB on context switch
[    2.093239] Speculative Store Bypass: Vulnerable
[    2.095704] MDS: Vulnerable: Clear CPU buffers attempted, no microcode
[    2.101244] Freeing SMP alternatives memory: 36K
[    2.110548] ftrace: allocating 32299 entries in 127 pages
[    2.257121] smpboot: APIC(0) Converting physical 0 to logical package 0
[    2.360628] smpboot: Max logical packages: 1
[    2.401248] x2apic enabled
[    2.402920] Switched APIC routing to physical x2apic.
[    2.406924] ..TIMER: vector=0x30 apic1=0 pin1=2 apic2=-1 pin2=-1
[    2.514211] smpboot: CPU0: Intel(R) Core(TM)2 Duo CPU     E8400  @ 3.00GHz (family: 0x6, model: 0x17, stepping: 0xa)
[    2.531894] Performance Events: unsupported p6 CPU model 23 no PMU driver, software events only.
[    2.674691] KVM setup paravirtual spinlock
[    2.677715] x86: Booting SMP configuration:
[    2.679164] .... node  #0, CPUs:      #1
[    2.680523] kvm-clock: cpu 1, msr 0:3ffe3041, secondary cpu clock
[    2.691922] mce: CPU supports 0 MCE banks
[    2.695140] x86: Booted up 1 node, 2 CPUs
[    2.697049] smpboot: Total of 2 processors activated (11969.99 BogoMIPS)
[    2.699632] devtmpfs: initialized
[    2.703679] evm: security.selinux
[    2.706008] evm: security.SMACK64
[    2.707268] evm: security.SMACK64EXEC
[    2.708593] evm: security.SMACK64TRANSMUTE
[    2.710006] evm: security.SMACK64MMAP
[    2.711345] evm: security.ima
[    2.712520] evm: security.capability
[    2.714014] clocksource: jiffies: mask: 0xffffffff max_cycles: 0xffffffff, max_idle_ns: 7645041785100000 ns
[    2.717180] futex hash table entries: 512 (order: 3, 32768 bytes)
[    2.719239] pinctrl core: initialized pinctrl subsystem
[    2.721073] RTC time: 16:00:16, date: 08/22/19
[    2.722963] NET: Registered protocol family 16
[    2.738534] cpuidle: using governor ladder
[    2.754597] cpuidle: using governor menu
[    2.756038] PCCT header not found.
[    2.757348] ACPI: bus type PCI registered
[    2.758791] acpiphp: ACPI Hot Plug PCI Controller Driver version: 0.5
[    2.760822] PCI: Using configuration type 1 for base access
[    2.779572] ACPI: Added _OSI(Module Device)
[    2.781006] ACPI: Added _OSI(Processor Device)
[    2.782491] ACPI: Added _OSI(3.0 _SCP Extensions)
[    2.821529] ACPI: Added _OSI(Processor Aggregator Device)
[    2.825300] ACPI: Executed 1 blocks of module-level executable AML code
[    2.830005] ACPI: Interpreter enabled
[    2.875093] ACPI: (supports S0 S5)
[    2.932627] ACPI: Using IOAPIC for interrupt routing
[    2.934472] PCI: Using host bridge windows from ACPI; if necessary, use "pci=nocrs" and report a bug
[    2.958655] ACPI: PCI Root Bridge [PCI0] (domain 0000 [bus 00-ff])
[    3.068723] acpi PNP0A03:00: _OSC: OS supports [ASPM ClockPM Segments MSI]
[    3.070753] acpi PNP0A03:00: _OSC: not requesting OS control; OS requires [ExtendedConfig ASPM ClockPM MSI]
[    3.073838] acpi PNP0A03:00: fail to add MMCONFIG information, can't access extended PCI configuration space under this bridge.
[    3.236454] PCI host bridge to bus 0000:00
[    3.237871] pci_bus 0000:00: root bus resource [io  0x0000-0x0cf7 window]
[    3.305100] pci_bus 0000:00: root bus resource [io  0x0d00-0xffff window]
[    3.412222] pci_bus 0000:00: root bus resource [mem 0x000a0000-0x000bffff window]
[    3.445776] pci_bus 0000:00: root bus resource [mem 0x40000000-0xfdffffff window]
[    3.504793] pci_bus 0000:00: root bus resource [bus 00-ff]
[    3.542353] pci 0000:00:01.1: legacy IDE quirk: reg 0x10: [io  0x01f0-0x01f7]
[    3.544419] pci 0000:00:01.1: legacy IDE quirk: reg 0x14: [io  0x03f6]
[    3.546354] pci 0000:00:01.1: legacy IDE quirk: reg 0x18: [io  0x0170-0x0177]
[    3.548421] pci 0000:00:01.1: legacy IDE quirk: reg 0x1c: [io  0x0376]
[    3.571599] pci 0000:00:07.0: quirk: [io  0x4000-0x403f] claimed by PIIX4 ACPI
[    3.576962] pci 0000:00:07.0: quirk: [io  0x4100-0x410f] claimed by PIIX4 SMB
[    3.586118] ACPI: PCI Interrupt Link [LNKA] (IRQs 5 9 10 *11)
[    3.590018] ACPI: PCI Interrupt Link [LNKB] (IRQs 5 9 *10 11)
[    3.593561] ACPI: PCI Interrupt Link [LNKC] (IRQs 5 *9 10 11)
[    3.596007] ACPI: PCI Interrupt Link [LNKD] (IRQs 5 9 10 *11)
[    3.598529] ACPI: Enabled 2 GPEs in block 00 to 07
[    3.623566] vgaarb: setting as boot device: PCI:0000:00:02.0
[    3.625316] vgaarb: device added: PCI:0000:00:02.0,decodes=io+mem,owns=io+mem,locks=none
[    3.628096] vgaarb: loaded
[    3.629211] vgaarb: bridge control possible 0000:00:02.0
[    3.631593] SCSI subsystem initialized
[    3.633396] ACPI: bus type USB registered
[    3.634883] usbcore: registered new interface driver usbfs
[    3.636618] usbcore: registered new interface driver hub
[    3.639427] usbcore: registered new device driver usb
[    3.643755] PCI: Using ACPI for IRQ routing
[    3.645891] NetLabel: Initializing
[    3.668520] NetLabel:  domain hash size = 128
[    3.669980] NetLabel:  protocols = UNLABELED CIPSOv4
[    3.672742] NetLabel:  unlabeled traffic allowed by default
[    3.674887] amd_nb: Cannot enumerate AMD northbridges
[    3.676639] clocksource: Switched to clocksource kvm-clock
[    3.692751] AppArmor: AppArmor Filesystem Enabled
[    3.831376] pnp: PnP ACPI init
[    3.833632] pnp: PnP ACPI: found 3 devices
[    3.846906] clocksource: acpi_pm: mask: 0xffffff max_cycles: 0xffffff, max_idle_ns: 2085701024 ns
[    3.849917] NET: Registered protocol family 2
[    3.851865] TCP established hash table entries: 8192 (order: 4, 65536 bytes)
[    3.854028] TCP bind hash table entries: 8192 (order: 5, 131072 bytes)
[    3.856036] TCP: Hash tables configured (established 8192 bind 8192)
[    3.858013] UDP hash table entries: 512 (order: 2, 16384 bytes)
[    3.859869] UDP-Lite hash table entries: 512 (order: 2, 16384 bytes)
[    3.861874] NET: Registered protocol family 1
[    3.863484] pci 0000:00:00.0: Limiting direct PCI/PCI transfers
[    3.865400] pci 0000:00:01.0: Activating ISA DMA hang workarounds
[    3.867610] Unpacking initramfs...
[  4.126306] Freeing initrd memory: 14828K
[    4.186472] clocksource: tsc: mask: 0xffffffffffffffff max_cycles: 0x2b2296bc2b9, max_idle_ns: 440795321505 ns
[    4.189654] platform rtc_cmos: registered platform RTC device (no PNP device found)
[    4.192385] Scanning for low memory corruption every 60 seconds

[    4.195699] audit: initializing netlink subsys (disabled)
[    4.206714] audit: type=2000 audit(1566489622.001:1): initialized
[    4.208994] Initialise system trusted keyring
[    4.210716] HugeTLB registered 2 MB page size, pre-allocated 0 pages
[    4.214501] zbud: loaded
[    4.216023] VFS: Disk quotas dquot_6.6.0
[    4.217521] VFS: Dquot-cache hash table entries: 512 (order 0, 4096 bytes)
[    4.219901] squashfs: version 4.0 (2009/01/31) Phillip Lougher
[    4.242778] fuse init (API version 7.23)
[    4.244421]Key type big_key registered
[    4.280669] Allocating IMA MOK and blacklist keyrings.

[    4.283617] Key type asymmetric registered
[    4.285088] Asymmetric key parser 'x509' registered
[    4.286744] Block layer SCSI generic (bsg) driver version 0.4 loaded (major 249)
[    4.289484] io scheduler noop registered
[    4.290887] io scheduler deadline registered (default)
[    4.292594] io scheduler cfq registered
[    4.361137] pci_hotplug: PCI Hot Plug PCI Core version: 0.5
[    4.410748] pciehp: PCI Express Hot Plug Controller Driver version: 0.4
[    4.420171] ACPI: AC Adapter [AC] (on-line)
[    4.442958] input: Power Button as /devices/LNXSYSTM:00/LNXPWRBN:00/input/input0
[    4.471750] ACPI: Power Button [PWRF]
[    4.473193] input: Sleep Button as /devices/LNXSYSTM:00/LNXSLPBN:00/input/input1
[    4.475812] ACPI: Sleep Button [SLPF]
[    4.477469] GHES: HEST is not enabled!
[    4.522525] Serial: 8250/16550 driver, 32 ports, IRQ sharing enabled
[    4.547350] 00:02: ttyS0 at I/O 0x3f8 (irq = 4, base_baud = 115200) is a 16550A
[    4.553992] Linux agpgart interface v0.103
[    4.558338] loop: module loaded
[    4.560515] scsi host0: ata_piix
[    4.562021] scsi host1: ata_piix
[    4.563317] ata1: PATA max UDMA/33 cmd 0x1f0 ctl 0x3f6 bmdma 0xd000 irq 14
[    4.565372] ata2: PATA max UDMA/33 cmd 0x170 ctl 0x376 bmdma 0xd008 irq 15
[    4.567509] libphy: Fixed MDIO Bus: probed
[    4.569039] tun: Universal TUN/TAP device driver, 1.6
[    4.576046] tun: (C) 1999-2004 Max Krasnyansky <maxk@qualcomm.com>
[    4.578102] PPP generic driver version 2.4.2
[    4.579763] ehci_hcd: USB 2.0 'Enhanced' Host Controller (EHCI) Driver
[    4.582880] ehci-pci: EHCI PCI platform driver
[    4.584422] ehci-platform: EHCI generic platform driver
[    4.586185] ohci_hcd: USB 1.1 'Open' Host Controller (OHCI) Driver
[    4.588110] ohci-pci: OHCI PCI platform driver
[    4.602894] ohci-platform: OHCI generic platform driver
[    4.622778] uhci_hcd: USB Universal Host Controller Interface driver
[    4.624826] i8042: PNP: PS/2 Controller [PNP0303:PS2K,PNP0f03:PS2M] at 0x60,0x64 irq 1,12
[    4.628344] serio: i8042 KBD port at 0x60,0x64 irq 1
[    4.694166] serio: i8042 AUX port at 0x60,0x64 irq 12
[    4.696128] mousedev: PS/2 mouse device common for all mice
[    4.734199] input: AT Translated Set 2 keyboard as /devices/platform/i8042/serio0/input/input2
[    4.741048] rtc_cmos rtc_cmos: rtc core: registered rtc_cmos as rtc0
[    4.741154] rtc_cmos rtc_cmos: alarms up to one day, 114 bytes nvram
[    4.741162] i2c /dev entries driver
[    4.741239] device-mapper: uevent: version 1.0.3
[    4.741330] device-mapper: ioctl: 4.34.0-ioctl (2015-10-28) initialised: dm-devel@redhat.com
[    4.741359] ledtrig-cpu: registered to indicate activity on CPUs
[    4.741801] NET: Registered protocol family 10
[    4.742191] NET: Registered protocol family 17
[    4.742213] Key type dns_resolver registered
[    4.742577] registered taskstats version 1
[    4.742602] Loading compiled-in X.509 certificates
[    4.743611] Loaded X.509 cert 'Build time autogenerated kernel key: 65139e04a67245b562a838c28b5e7032abdd4348'
[    4.743640] zswap: loaded using pool lzo/zbud
[    4.758884] Key type trusted registered
[    4.787346] Key type encrypted registered
[    4.787351] AppArmor: AppArmor sha1 policy hashing enabled
[    4.787368] ima: No TPM chip found, activating TPM-bypass!
[    4.787374] ima: Allocated hash algorithm: sha1
[    4.787408] evm: HMAC attrs: 0x1
[    4.787786]   Magic number: 15:324:35
[    4.787807] bdi 7:0: hash matches
[    4.789545] rtc_cmos rtc_cmos: setting system clock to 2019-08-22 16:00:19 UTC (1566489619)
[    4.789732] BIOS EDD facility v0.16 2004-Jun-25, 0 devices found
[    4.789732] EDD information not available.
[    4.820453] Freeing unused kernel memory: 1484K
[    4.832718] Write protecting the kernel read-only data: 14336k
[    4.847846] Freeing unused kernel memory: 1616K
[    4.849767] Freeing unused kernel memory: 68K
Loading, please wait...
starting version 229
[    5.001989] random: systemd-udevd: uninitialized urandom read (16 bytes read, 2 bits of entropy available)
[    5.012458] random: systemd-udevd: uninitialized urandom read (16 bytes read, 2 bits of entropy available)
[    5.012892] random: udevadm: uninitialized urandom read (16 bytes read, 2 bits of entropy available)
[    5.012999] random: udevadm: uninitialized urandom read (16 bytes read, 2 bits of entropy available)
[    5.027523] random: systemd-udevd: uninitialized urandom read (16 bytes read, 2 bits of entropy available)
[    5.032939] random: systemd-udevd: uninitialized urandom read (16 bytes read, 2 bits of entropy available)
[    5.067266] random: systemd-udevd: uninitialized urandom read (16 bytes read, 2 bits of entropy available)
[    5.072229] random: systemd-udevd: uninitialized urandom read (16 bytes read, 2 bits of entropy available)
[    5.081778] random: systemd-udevd: uninitialized urandom read (16 bytes read, 2 bits of entropy available)
[    5.096610] random: systemd-udevd: uninitialized urandom read (16 bytes read, 2 bits of entropy available)
[    5.448217] e1000: Intel(R) PRO/1000 Network Driver - version 7.3.21-k8-NAPI
[    5.471875] e1000: Copyright (c) 1999-2006 Intel Corporation.
[    5.491731] Fusion MPT base driver 3.04.20
[    5.511167] Copyright (c) 1999-2008 LSI Corporation
[    5.557195] Fusion MPT SPI Host driver 3.04.20
[    5.754644] input: ImExPS/2 Generic Explorer Mouse as /devices/platform/i8042/serio1/input/input4
[    6.041547] e1000 0000:00:03.0 eth0: (PCI:33MHz:32-bit) 02:1e:e5:6d:71:21
[    6.048859] e1000 0000:00:03.0 eth0: Intel(R) PRO/1000 Network Connection
[    6.052667] mptbase: ioc0: Initiating bringup
[    6.074417] e1000 0000:00:03.0 enp0s3: renamed from eth0
[    6.140572] ioc0: LSI53C1030 A0: Capabilities={Initiator}
[    7.743241] scsi host2: ioc0: LSI53C1030 A0, FwRev=00000000h, Ports=1, MaxQ=256, IRQ=20
[    8.529236] scsi 2:0:0:0: Direct-Access     VBOX     HARDDISK         1.0  PQ: 0 ANSI: 5
[    8.810786] scsi target2:0:0: Beginning Domain Validation
[    8.844439] scsi target2:0:0: Domain Validation skipping write tests
[    8.879328] scsi target2:0:0: Ending Domain Validation
[    8.881073] scsi target2:0:0: asynchronous
[    8.882911] scsi 2:0:1:0: Direct-Access     VBOX     HARDDISK         1.0  PQ: 0 ANSI: 5
[    8.885670] scsi target2:0:1: Beginning Domain Validation
[    8.888563] scsi target2:0:1: Domain Validation skipping write tests
[    9.005289] scsi target2:0:1: Ending Domain Validation
[    9.007082] scsi target2:0:1: asynchronous
[    9.016413] sd 2:0:0:0: [sda] 20971520 512-byte logical blocks: (10.7 GB/10.0 GiB)
[    9.016855] sd 2:0:0:0: Attached scsi generic sg0 type 0
[    9.019289] sd 2:0:1:0: Attached scsi generic sg1 type 0
[    9.019788] sd 2:0:1:0: [sdb] 20480 512-byte logical blocks: (10.5 MB/10.0 MiB)
[    9.019992] sd 2:0:1:0: [sdb] Write Protect is off
[    9.020123] sd 2:0:1:0: [sdb] Incomplete mode parameter data
[    9.020125] sd 2:0:1:0: [sdb] Assuming drive cache: write through
[    9.034576] sd 2:0:1:0: [sdb] Attached SCSI disk
[    9.071843] sd 2:0:0:0: [sda] Write Protect is off
[    9.073711] sd 2:0:0:0: [sda] Incomplete mode parameter data
[    9.075499] sd 2:0:0:0: [sda] Assuming drive cache: write through
[    9.090352]  sda: sda1
[    9.092355] sd 2:0:0:0: [sda] Attached SCSI disk
Begin: Loading essential drivers ... [   11.463821] md: linear personality registered for level -1
[   11.488192] md: multipath personality registered for level -4
[   11.510917] md: raid0 personality registered for level 0
[   11.544452] md: raid1 personality registered for level 1
[   11.650169] raid6: sse2x1   gen()  5324 MB/s
[   11.740424] raid6: sse2x1   xor()  5025 MB/s
[   11.850152] raid6: sse2x2   gen()  6015 MB/s
[   12.030149] raid6: sse2x2   xor()  6313 MB/s
[   12.110148] raid6: sse2x4   gen()  9235 MB/s
[   12.190144] raid6: sse2x4   xor()  7152 MB/s
[   12.191707] raid6: using algorithm sse2x4 gen() 9235 MB/s
[   12.194704] raid6: .... xor() 7152 MB/s, rmw enabled
[   12.196394] raid6: using ssse3x2 recovery algorithm
[   12.202978] xor: measuring software checksum speed
[   12.244655]    prefetch64-sse: 11717.000 MB/sec
[   12.288137]    generic_sse: 19080.000 MB/sec
[   12.289663] xor: using function: generic_sse (19080.000 MB/sec)
[   12.293606] async_tx: api initialized (async)
[   12.332798] md: raid6 personality registered for level 6
[   12.335724] md: raid5 personality registered for level 5
[   12.338818] md: raid4 personality registered for level 4
[   12.406967] md: raid10 personality registered for level 10
done.
Begin: Running /scripts/init-premount ... done.
Begin: Mounting root file system ... Begin: Running /scripts/local-top ... done.
Begin: Running /scripts/local-premount ... [   12.764728] Btrfs loaded
Scanning for Btrfs filesystems
done.
Warning: fsck not present, so skipping root file system
[   13.189929] EXT4-fs (sda1): mounted filesystem with ordered data mode. Opts: (null)
done.
Begin: Running /scripts/local-bottom ... done.
Begin: Running /scripts/init-bottom ... done.
[   14.104183] random: nonblocking pool is initialized
[   14.152818] systemd[1]: systemd 229 running in system mode. (+PAM +AUDIT +SELINUX +IMA +APPARMOR +SMACK +SYSVINIT +UTMP +LIBCRYPTSETUP +GCRYPT +GNUTLS +ACL +XZ -LZ4 +SECCOMP +BLKID +ELFUTILS +KMOD -IDN)
[   14.185411] systemd[1]: Detected virtualization oracle.
[   14.187197] systemd[1]: Detected architecture x86-64.

Welcome to [1mUbuntu 16.04.6 LTS[0m!

[   14.230614] systemd[1]: Set hostname to <ubuntu>.
[   14.248480] systemd[1]: Initializing machine ID from random generator.
[   14.250660] systemd[1]: Installed transient /etc/machine-id file.
[   15.736450]systemd[1]: Listening on Journal Socket.

[[0;32m  OK  [0m] Listening on Journal Socket.
[   15.828996] systemd[1]: Reached target Encrypted Volumes.
[[0;32m  OK  [0m] Reached target Encrypted Volumes.
[   15.834622] systemd[1]: Listening on LVM2 metadata daemon socket.
[[0;32m  OK  [0m] Listening on LVM2 metadata daemon socket.
[   15.941217] systemd[1]: Started Forward Password Requests to Wall Directory Watch.
[[0;32m  OK  [0m] Started Forward Password Requests to Wall Directory Watch.
[   15.946106] systemd[1]: Listening on Syslog Socket.
[[0;32m  OK  [0m] Listening on Syslog Socket.
[   15.949700] systemd[1]: Listeing on JournalAudit Socket.
[[0;32m  OK  [0m] Listening on Journal Audit Socket.
[   16.763463] systemd[1]: Listening on udev Control Socket.
[[0;32m  OK  [0m] Listening on udev Control Socket.
[   16.767024] systemd[1]: Reached target Swap.
[[0;32m  OK  [0m] Reached target Swap.
[   16.779049] systemd[1]: Created slice System Slice.
[[0;32m  OK  [0m] Created slice System Slice.
[   16.801218] systemd[1]: Mounting Debug File System...
         Mounting Debug File System...
[   16.814680] systemd[1]: Starting Remount Root and Kernel File Systems...
         Starting Remount Root and Kernel File Systems...
[   16.839431] systemd[1]: Starting Nameserver information manager...
         Starting Nameserver information manager...
[   16.892689] EXT4-fs (sda1): re-mounted. Opts: (null)
[   16.915011] systemd[1]: Starting Set console keymap...
         Starting Set console keymap...
[   16.985873] systemd[1]: Starting Create list of required static device nodes for the current kernel...
         Starting Create list of required st... nodes for the current kernel...
[   17.007984] systemd[1]: Mounting POSIX Message Queue File System...
         Mounting POSIX Message Queue File System...
[   17.029795] systemd[1]: Created slice User and Session Slice.
[[0;32m  OK  [0m] Created slice User and Session Slice.
[   17.046000] systemd[1]: Reached target System Time Synchronized.
[[0;32m  OK  [0m] Reached target System Time Synchronized.
[   17.080558] systemd[1]: Reached target User and Group Name Lookups.
[[0;32m  OK  [0m] Reached target User and Group Name Lookups.
[   17.099856] systemd[1]: Listening on Device-mapper event daemon FIFOs.
[[0;32m  OK  [0m] Listening on Device-mapper event daemon FIFOs.
[   17.161348] systemd[1]: Starting Monitoring of LVM2 mirrors, snapshots etc. using dmeventd or progress polling...
         Starting Monitoring of LVM2 mirrors... dmeventd or progress polling...
[   17.189388] systemd[1]: Set up automount Arbitrary Executable File Formats File System Automount Point.
[[0;32m  OK  [0m] Set up automount Arbitrary Executab...ats File System Automount Point.
[   17.226206] systemd[1]: Listening on LVM2 poll daemon socket.
[[0;32m  OK  [0m] Listening on LVM2 poll daemon socket.
[   17.327355] systemd[1]: Mounting Huge Pages File System...
         Mounting Huge Pages File System...
[   17.375356] systemd[1]: Created slice system-serial\x2dgetty.slice.
[[0;32m  OK  [0m] Created slice system-serial\x2dgetty.slice.
[   17.398973] systemd[1]: Listening on /dev/initctl Compatibility Named Pipe.
[[0;32m  OK  [0m] Listening on /dev/initctl Compatibility Named Pipe.
[   17.429849] systemd[1]: Starting Load Kernel Modules...
         Starting Load Kernel Modules...
[   17.436789] systemd[1]: Started Trigger resolvconf update for networkd DNS.
[[0;32m  OK  [0m] Started Trigger resolvconf update for networkd DNS.
[   17.442268] systemd[1]: Listening on Journal Socket (/dev/log).
[[0;32m  OK  [0m] Listening on Journal Socket (/dev/log).
[   17.457958] systemd[1]: Starting Journal Service...
         Starting Journal Service...
[   17.470135] systemd[1]: Starting Uncomplicated firewall...
         Starting Uncomplicated firewall...
[   17.486670] systemd[1]: Listening on udev Kernel Socket.
[[0;32m  OK  [0m] Listening on udev Kernel Socket.
[   17.505433] systemd[1]: Reached target Slices.
[[0;32m  OK  [0m] Reached target Slices.
[   17.532523] systemd[1]: Mounted POSIX Message Queue File System.
[[0;32m  OK  [0m] Mounted POSIX Message Queue File System.
[   17.549681] systemd[1]: Mounted Huge Pages File System.
[[0;32m  OK  [0m] Mounted Huge Pages File System.
[   17.555754] systemd[1]: Mounted Debug File System.
[[0;32m  OK  [0m] Mounted Debug File System.
[   17.591484] systemd[1]: Started Remount Root and Kernel File Systems.
[[0;32m  OK  [0m] Started Remount Root and Kernel File Systems.
[   17.641413] Loading iSCSI transport class v2.0-870.
[   17.647757] systemd[1]: Started Set console keymap.
[[0;32m  OK  [0m] Started Set console keymap.
[   17.669876] systemd[1]: Started Create list of required static device nodes for the current kernel.
[[0;32m  OK  [0m] Started Create list of required sta...ce nodes for the current kernel.
[   17.694741] systemd[1]: Started Uncomplicated firewall.
[[0;32m  OK  [0m] Started Uncomplicated firewall.
[   17.722514] iscsi: registered transport (tcp)
[   17.727078] systemd[1]: Started Nameserver information manager.
[[0;32m  OK  [0m] Started Nameserver information manager.
[   17.965998] systemd[1]: Started LVM2 metadata daemon.
[[0;32m  OK  [0m] Started LVM2 metadata daemon.
[   18.020939] systemd[1]: Starting Create Static Device Nodes in /dev...
         Starting Create Static Device Nodes in /dev...
[   18.086075] systemd[1]: Starting udev Coldplug all Devices...
[   18.101791] iscsi: registered transport (iser)
         Starting udev Coldplug all Devices...
[   18.146277] systemd[1]: Starting Load/Save Random Seed...
         Starting Load/Save Random Seed...
[   18.161870] systemd[1]: Started Journal Service.
[[0;32m  OK  [0m] Started Journal Service.
[[0;32m  OK  [0m] Started Load Kernel Modules.
         Starting Apply Kernel Variables...
         Mounting FUSE Control File System...
         Starting Flush Journal to Persistent Storage...
[[0;32m  OK  [0m] Started Load/Save Random Seed.
[[0;32m  OK  [0m] Mounted FUSE Control File System.
[[0;32m  OK  [0m] Started Apply Kernel Variables.
[[0;32m  OK  [0m] Started Monitoring of LVM2 mirrors,...ng dmeventd or progress polling.
[[0;32m  OK  [0m] Started Create Static Device Nodes in /dev.
         Starting udev Kernel Device Manager...
[[0;32m  OK  [0m] Reached target Local File Systems (Pre).
[[0;32m  OK  [0m] Reached target Local File Systems.
         Starting Set console font and keymap...
         Starting LSB: AppArmor initialization...
         Starting Commit a transient machine-id on disk...
         Starting Initial cloud-init job (pre-networking)...
         Starting Tell Plymouth To Write Out Runtime Data...
[[0;32m  OK  [0m] Started Flush Journal to Persistent Storage.
[[0;32m  OK  [0m] Started udev Coldplug all Devices.
[[0;32m  OK  [0m] Started Commit a transient machine-id on disk.
         Starting Create Volatile Files and Directories...
[[0;32m  OK  [0m] Started Tell Plymouth To Write Out Runtime Data.
[[0;32m  OK  [0m] Started Create Volatile Files and Directories.
         Starting Update UTMP about System Boot/Shutdown...
[[0;32m  OK  [0m] Started Update UTMP about System Boot/Shutdown.
[[0;32m  OK  [0m] Started udev Kernel Device Manager.
[[0;32m  OK  [0m] Started Dispatch Password Requests to Console Directory Watch.
[[0;32m  OK  [0m] Found device /dev/ttyS0.
[[0;32m  OK  [0m] Listening on Load/Save RF Kill Switch Status /dev/rfkill Watch.
[[0;32m  OK  [0m] Started LSB: AppArmor initialization.
[[0;32m  OK  [0m] Started Set console font and keymap.
[[0;32m  OK  [0m] Created slice system-getty.slice.
[   24.290253] cloud-init[454]: Cloud-init v. 19.1-1-gbaa47854-0ubuntu1~16.04.1 running 'init-local' at Thu, 22 Aug 2019 16:00:40 +0000. Up 22.99 seconds.
[[0;32m  OK  [0m] Started Initial cloud-init job (pre-networking).
[[0;32m  OK  [0m] Reached target Network (Pre).
         Starting Raise network interfaces...
[[0;32m  OK  [0m] Started Raise network interfaces.
[[0;32m  OK  [0m] Reached target Network.
         Starting Initial cloud-init job (metadata service crawler)...
[   29.959531] cloud-init[937]: Cloud-init v. 19.1-1-gbaa47854-0ubuntu1~16.04.1 running 'init' at Thu, 22 Aug 2019 16:00:45 +0000. Up 27.11 seconds.
[   30.083930] cloud-init[937]: ci-info: ++++++++++++++++++++++++++++++++++++++Net device info++++++++++++++++++++++++++++++++++++++
[   30.087422] cloud-init[937]: ci-info: +--------+------+----------------------------+---------------+--------+-------------------+
[   30.102538] cloud-init[937]: ci-info: | Device |  Up  |          Address           |      Mask     | Scope  |     Hw-Address    |
[   30.129137] cloud-init[937]: ci-info: +--------+------+----------------------------+---------------+--------+-------------------+
[   30.141907] cloud-init[937]: ci-info: | enp0s3 | True |         10.0.2.15          | 255.255.255.0 | global | 02:1e:e5:6d:71:21 |
[   30.282604] cloud-init[937]: ci-info: | enp0s3 | True | fe80::1e:e5ff:fe6d:7121/64 |       .       |  link  | 02:1e:e5:6d:71:21 |
[   30.290357] cloud-init[937]: ci-info: |   lo   | True |         127.0.0.1          |   255.0.0.0   |  host  |         .         |
[   30.300336] cloud-init[937]: ci-info: |   lo   | True |          ::1/128           |       .       |  host  |         .         |
[   30.310418] cloud-init[937]: ci-info: +--------+------+----------------------------+---------------+--------+-------------------+
[   30.311872] cloud-init[937]: ci-info: +++++++++++++++++++++++++++Route IPv4 info++++++++++++++++++++++++++++
[   30.312448] cloud-init[937]: ci-info: +-------+-------------+----------+---------------+-----------+-------+
[   30.313027] cloud-init[937]: ci-info: | Route | Destination | Gateway  |    Genmask    | Interface | Flags |
[   30.313595] cloud-init[937]: ci-info: +-------+-------------+----------+---------------+-----------+-------+
[   30.314179] cloud-init[937]: ci-info: |   0   |   0.0.0.0   | 10.0.2.2 |    0.0.0.0    |   enp0s3  |   UG  |
[   30.314898] cloud-init[937]: ci-info: |   1   |   10.0.2.0  | 0.0.0.0  | 255.255.255.0 |   enp0s3  |   U   |
[   30.315790] cloud-init[937]: ci-info: +-------+-------------+----------+---------------+-----------+-------+
[[0;32m  OK  [0m] Started Initial cloud-init job (metadata service crawler).
[   30.316502] cloud-init[937]: ci-info: +++++++++++++++++++Route IPv6 info+++++++++++++++++++
[   30.357216] cloud-init[937]: ci-info: +-------+-------------+---------+-----------+-------+
[   30.365975] cloud-init[937]: ci-info: | Route | Destination | Gateway | Interface | Flags |
[   30.374553] cloud-init[937]: ci-info: +-------+-------------+---------+-----------+-------+
[   30.380390] cloud-init[937]: ci-info: |   0   |  fe80::/64  |    ::   |   enp0s3  |   U   |
[[0;32m  OK  [0m] Reached target Network is Online.
[   30.380987] cloud-init[937]: ci-info: |   4   |   ff00::/8  |    ::   |   enp0s3  |   U   |
[   30.493117] cloud-init[937]: ci-info: +-------+-------------+---------+-----------+-------+
         Starting iSCSI initiator daemon (iscsid)...
[   30.495100] cloud-init[937]: Generating public/private rsa key pair.
[   30.612776] cloud-init[937]: Your identification has been saved in /etc/ssh/ssh_host_rsa_key.
[[0;32m  OK  [0m] Reached target Cloud-config availability.
[[0;32m  OK  [0m] Reached target System Initialization.
[   30.670833] cloud-init[937]: Your public key has been saved in /etc/ssh/ssh_host_rsa_key.pub.
[   30.692896] cloud-init[937]: The key fingerprint is:
[[0;32m  OK  [0m] Listening on UUID daemon activation socket.
[   30.702690] cloud-init[937]: SHA256:zCwL+M72B9Mq13CShdX0xKG30Itn54OtQ2h+zDNBIxk root@ubuntu-xenial
[[0;32m  OK  [0m] Started ACPI Events Check.
[   30.715748] cloud-init[937]: The key's randomart image is:
[[0;32m  OK  [0m] Reached target Paths.
[[0;32m  OK  [0m] Started Daily Cleanup of Temporary Directories.
[   30.722665] cloud-init[937]: +---[RSA 2048]----+
         Starting Socket activation for snappy daemon.
[[0;32m  OK  [0m] Started Daily apt download activities.
[[0;32m  OK  [0m] Started Daily apt upgrade and clean activities.
[   30.726638] cloud-init[937]: |         o..o.   |
[   30.740013] cloud-init[937]: |        . E=.    |
[   30.768586] cloud-init[937]: |       o  oo+    |
[   30.773316] cloud-init[937]: |   .  .+. o+oo   |
[   30.786625] cloud-init[937]: |  . . .+S .+=..  |
[   30.788619] cloud-init[937]: |   . .*oo ooo=   |
         Starting LXD - unix socket.
[   30.792041] cloud-init[937]: |    . .O o +..+  |
[[0;32m  OK  [0m] Listening on ACPID Listen Socket.
[[0;32m  OK  [0m] Listening on D-Bus System Message Bus Socket.
[   30.796264] cloud-init[937]: |   oo o o . B. . |
[[0;32m  OK  [0m] Reached target Timers.
[   31.039326] cloud-init[937]: |   .o+..   ..+   |
[   31.056168] cloud-init[937]: +----[SHA256]-----+
[   31.063044] cloud-init[937]: Generating public/private dsa key pair.
[   31.069918] cloud-init[937]: Your identification has been saved in /etc/ssh/ssh_host_dsa_key.
[   31.073849] cloud-init[937]: Your public key has been saved in /etc/ssh/ssh_host_dsa_key.pub.[
[   31.085614] cloud-init[937]: [0;32m  OK  [0m] Listening on Socket activation for snappy daemon.
[[0;32m  OK  [0m] Listening on LXD - unix socket.
The key fingerprint is:
[   31.109985] cloud-init[937]: SHA256:a51iwjWr4kQ1EnuKa3ZMlQo3qKf6mm21VeU9cT7NwRQ root@ubuntu-xenial
[   31.133426] cloud-init[937]: The key's randomart image is:
[[0;32m  OK  [0m] Started iSCSI initiator daemon (iscsid).
[   31.184155] cloud-init[937]: +---[DSA 1024]----+
[   31.189999] cloud-init[937]: |    .         oE.|
[   31.192845] cloud-init[937]: |   . o .  . . .o |
[   31.201532] cloud-init[937]: |  o = *  o . + o.|
[   31.207131] cloud-init[937]: | . + O .. . o o o|
[   31.217442] cloud-init[937]: |. o =  .S    . . |
[   31.221926] cloud-init[937]: | o =.... = .     |
[   31.236762] cloud-init[937]: |. +.+oo * o      |
[   31.244595] cloud-init[937]: |.=.oo  = .       |
[   31.254561] cloud-init[937]: |++o....          |
[   31.258514] cloud-init[937]: +----[SHA256]-----+
[   31.264287] cloud-init[937]: Generating public/private ecdsa key pair.
[   31.270262] cloud-init[937]: Your identification has been saved in /etc/ssh/ssh_host_ecdsa_key.
[   31.276521] cloud-init[937]: Your public key has been saved in /etc/ssh/ssh_host_ecdsa_key.pub.
[   31.282429] cloud-init[937]: The key fingerprint is:
[   31.287465] cloud-init[937]: SHA256:6EOkaSLx67j8jeZ+MCDpjxByWo2vPgfZKTIBnydRSYU root@ubuntu-xenial         Starting Login to default iSCSI targets...
[[0;32m  OK  [0m] Reached target Sockets.
[[0;32m  OK  [0m] Reached target Basic System.

[   31.327253] cloud-init[937]: The key's randomart image is:
[   31.342012] cloud-init[937]: +---[ECDSA 256]---+
[   31.354890] cloud-init[937]: |   oo+.          |
[   31.364516] cloud-init[937]: |. . E            |
         [   31.404455] cloud-init[937]: |oo =  .          |
[   31.404796] cloud-init[937]: |*+B o+ .         |
[   31.405658] cloud-init[937]: |=*+*+.o S        |
[   31.405981] cloud-init[937]: |=o+*+o           |
[   31.406310] cloud-init[937]: |.o++o o          |
[   31.407119] cloud-init[937]: |.+oo+. .         |
Starting /etc/rc.local Compatibility...
[   31.408018] cloud-init[937]: |o+BB..           |
[   31.470497] cloud-init[937]: +----[SHA256]-----+
[   31.494892] cloud-init[937]: Generating public/private ed25519 key pair.
[   31.498496]          cloud-initStarting System Logging Service...
[937]: Your identification has been saved in /etc/ssh/ssh_host_ed25519_key.
[   31.509900] cloud-init[937]: Your public key has been saved in /etc/ssh/ssh_host_ed25519_key.pub.
[   31.544495] cloud-init[937]: The key fingerprint is:
[   31.549900] cloud-init[937]: SHA256:m6nJc8HvsP5OpeZcXYqoXxyjGcGlThPlbr+KqY9SL1k root@ubuntu-xenial
[[0;32m  OK  [0m] Started D-Bus System Message Bus.
[   31.561201] cloud-init[937]: The key's randomart image is:
[   31.582769] cloud-init[937]: +--[ED25519 256]--+
[   31.586744] cloud-init[937]: |          ..o    |
[   31.603301] cloud-init[937]: |         . =     |
[   31.640681] cloud-init[937]: |          * .    |
[   31.663114] cloud-init[937]: |         o +     |
[   31.667963] cloud-init[937]: |       .S o *   .|
[   31.680849] cloud-init[937]: |        ++EX * o |
[   31.689081] cloud-init[937]: |       .=*B = +  |
[   31.696550] cloud-init[937]: |     .oo+Xo=   . |
[   31.702961] cloud-init[937]: |      +=*O@ ...  |
[   31.754871] cloud-init[937]: +----[SHA256]-----+
[[0;32m  OK  [0m] Started Regular background program processing daemon.
         Starting LSB: MD monitoring daemon...
         Starting LXD - container startup/shutdown...
         Starting Accounts Service...
[[0;32m  OK  [0m] Started Deferred execution scheduler.
         Starting Snappy daemon...
[[0;32m  OK  [0m] Started ACPI event daemon.
[[0;32m  OK  [0m] Started FUSE filesystem for LXC.
         Starting Login Service...
         Starting Virtualbox guest utils...
         Starting LSB: Record successful boot for GRUB...
         Starting Pollinate to seed the pseudo random number generator...
[[0;32m  OK  [0m] Started System Logging Service.
[[0;32m  OK  [0m] Started /etc/rc.local Compatibility.
[[0;32m  OK  [0m] Started Login Service.
[[0;32m  OK  [0m] Started Unattended Upgrades Shutdown.
[[0;32m  OK  [0m] Started Login to default iSCSI targets.
[[0;32m  OK  [0m] Reached target Remote File Systems (Pre).
[[0;32m  OK  [0m] Reached target Remote File Systems.
         Starting LSB: Set the CPU Frequency Scaling governor to "ondemand"...
         Starting Permit User Sessions...
         Starting LSB: automatic crash report generation...
         Starting LSB: daemon to balance interrupts for SMP systems...
         Starting Authenticate and Authorize Users to Run Privileged Tasks...
[[0;32m  OK  [0m] Started LSB: Record successful boot for GRUB.
[[0;32m  OK  [0m] Started LSB: MD monitoring daemon.
[[0;32m  OK  [0m] Started Permit User Sessions.
         Starting Terminate Plymouth Boot Screen...
         Starting Hold until boot process finishes up...
[[0;32m  OK  [0m] Started Terminate Plymouth Boot Screen.
[[0;32m  OK  [0m] Started Hold until boot process finishes up.
[[0;32m  OK  [0m] Started Serial Getty on ttyS0.
[[0;32m  OK  [0m] Started Getty on tty1.
[[0;32m  OK  [0m] Reached target Login Prompts.
         Starting Set console scheme...
[[0;32m  OK  [0m] Started LXD - container startup/shutdown.
[[0;32m  OK  [0m] Started Authenticate and Authorize Users to Run Privileged Tasks.
[[0;32m  OK  [0m] Started Accounts Service.
[[0;32m  OK  [0m] Started LSB: Set the CPU Frequency Scaling governor to "ondemand".
[[0;32m  OK  [0m] Started Set console scheme.
[[0;32m  OK  [0m] Started LSB: automatic crash report generation.
[[0;32m  OK  [0m] Started LSB: daemon to balance interrupts for SMP systems.
[[0;32m  OK  [0m] Started Virtualbox guest utils.
[[0;32m  OK  [0m] Started Snappy daemon.
         Starting Wait until snapd is fully seeded...
[[0;32m  OK  [0m] Started Pollinate to seed the pseudo random number generator.
         Starting OpenBSD Secure Shell server...
[[0;32m  OK  [0m] Started OpenBSD Secure Shell server.
[[0;32m  OK  [0m] Created slice User Slice of vagrant.
         Starting User Manager for UID 1000...
[[0;32m  OK  [0m] Started Session 1 of user vagrant.
[[0;32m  OK  [0m] Started User Manager for UID 1000.

Ubuntu 16.04.6 LTS ubuntu-xenial ttyS0

ubuntu-xenial login: [   43.404780] cloud-init[1377]: Generating locales (this might take a while)...
[   46.721320] cloud-init[1377]:   en_US.UTF-8... done
[   46.723939] cloud-init[1377]: Generation complete.
[   48.620724] cloud-init[1377]: Cloud-init v. 19.1-1-gbaa47854-0ubuntu1~16.04.1 running 'modules:config' at Thu, 22 Aug 2019 16:01:00 +0000. Up 42.48 seconds.
ci-info: no authorized ssh keys fingerprints found for user ubuntu.
<14>Aug 22 16:01:08 ec2: 
<14>Aug 22 16:01:08 ec2: #############################################################
<14>Aug 22 16:01:08 ec2: -----BEGIN SSH HOST KEY FINGERPRINTS-----
<14>Aug 22 16:01:08 ec2: 1024 SHA256:a51iwjWr4kQ1EnuKa3ZMlQo3qKf6mm21VeU9cT7NwRQ root@ubuntu-xenial (DSA)
<14>Aug 22 16:01:08 ec2: 256 SHA256:6EOkaSLx67j8jeZ+MCDpjxByWo2vPgfZKTIBnydRSYU root@ubuntu-xenial (ECDSA)
<14>Aug 22 16:01:08 ec2: 256 SHA256:m6nJc8HvsP5OpeZcXYqoXxyjGcGlThPlbr+KqY9SL1k root@ubuntu-xenial (ED25519)
<14>Aug 22 16:01:08 ec2: 2048 SHA256:zCwL+M72B9Mq13CShdX0xKG30Itn54OtQ2h+zDNBIxk root@ubuntu-xenial (RSA)
<14>Aug 22 16:01:08 ec2: -----END SSH HOST KEY FINGERPRINTS-----
<14>Aug 22 16:01:08 ec2: #############################################################
-----BEGIN SSH HOST KEY KEYS-----
ecdsa-sha2-nistp256 AAAAE2VjZHNhLXNoYTItbmlzdHAyNTYAAAAIbmlzdHAyNTYAAABBBEVgs3Vz8otb2MplilLSUxarqD4dFLvzzKXz5pMoXSK3+gCJ0k94V2sXnjkg28HCB4SXiv4S/Fxn8tLcpDWelWs= root@ubuntu-xenial
ssh-ed25519 AAAAC3NzaC1lZDI1NTE5AAAAIBVRQd0kCAOM2OdeH0fzIgLElLAXP/5z3BPCG73y5VMy root@ubuntu-xenial
ssh-rsa AAAAB3NzaC1yc2EAAAADAQABAAABAQCzFX3Mamw54bogGAYEJSeZAZp6JIaBEUUavZxZ0O3VnOX7qJQ2PUzDyLcWi5c2MStLQE5z9SBgfN4AiTvl4B/KLh1pWTEh5iVbWwyBJoSFxWF3ny0r50qmTj5EiJbRmnbh08dsv1MBqn67JDztyjxNvoL1emmakFaWFIymuhIjH4TGFuJYFnTGUEo/XjgGttV1QN9f46ECXlELfyWOsg6cLxDQMa86TH4LV2qgv/ZJndndayALtOTVRX2jLpiT1qRXMou3inUZvQGIZ7hvrayzDi/6ZoXRA1rHA5grkM6gYEW6GMtUlYWR4V3Pt1lMZ7ytra87KpGZVxxKCOLMPWk1 root@ubuntu-xenial
-----END SSH HOST KEY KEYS-----
[   50.905585] cloud-init[1556]: Cloud-init v. 19.1-1-gbaa47854-0ubuntu1~16.04.1 running 'modules:final' at Thu, 22 Aug 2019 16:01:08 +0000. Up 50.19 seconds.
[   50.906488] cloud-init[1556]: ci-info: no authorized ssh keys fingerprints found for user ubuntu.
[   50.907392] cloud-init[1556]: Cloud-init v. 19.1-1-gbaa47854-0ubuntu1~16.04.1 finished at Thu, 22 Aug 2019 16:01:08 +0000. Datasource DataSourceNoCloud [seed=/dev/sdb][dsmode=net].  Up 50.87 seconds
