[    0.000000] Initializing cgroup subsys cpuset
[    0.000000] Initializing cgroup subsys cpu
[    0.000000] Initializing cgroup subsys cpuacct
[    0.000000] Linux version 4.4.0-154-generic (buildd@lgw01-amd64-049) (gcc version 5.4.0 20160609 (Ubuntu 5.4.0-6ubuntu1~16.04.10) ) #181-Ubuntu SMP Tue Jun 25 05:29:03 UTC 2019 (Ubuntu 4.4.0-154.181-generic 4.4.179)
[    0.000000] Command line: BOOT_IMAGE=/boot/vmlinuz-4.4.0-154-generic root=LABEL=cloudimg-rootfs ro console=tty1 console=ttyS0
[    0.000000] KERNEL supported cpus:
[    0.000000]   Intel GenuineIntel
[    0.000000]   AMD AuthenticAMD
[    0.000000]   Centaur CentaurHauls
[    0.000000] x86/fpu: Legacy x87 FPU detected.
[    0.000000] e820: BIOS-provided physical RAM map:
[    0.000000] BIOS-e820: [mem 0x0000000000000000-0x000000000009fbff] usable
[    0.000000] BIOS-e820: [mem 0x000000000009fc00-0x000000000009ffff] reserved
[    0.000000] BIOS-e820: [mem 0x00000000000f0000-0x00000000000fffff] reserved
[    0.000000] BIOS-e820: [mem 0x0000000000100000-0x000000003ffeffff] usable
[    0.000000] BIOS-e820: [mem 0x000000003fff0000-0x000000003fffffff] ACPI data
[    0.000000] BIOS-e820: [mem 0x00000000fffc0000-0x00000000ffffffff] reserved
[    0.000000] NX (Execute Disable) protection: active
[    0.000000] SMBIOS 2.5 present.
[    0.000000] Hypervisor detected: KVM
[    0.000000] e820: last_pfn = 0x3fff0 max_arch_pfn = 0x400000000
[    0.000000] MTRR: Disabled
[    0.000000] x86/PAT: MTRRs disabled, skipping PAT initialization too.
[    0.000000] CPU MTRRs all blank - virtualized system.
[    0.000000] x86/PAT: Configuration [0-7]: WB  WT  UC- UC  WB  WT  UC- UC  
[    0.000000] found SMP MP-table at [mem 0x0009fff0-0x0009ffff] mapped at [ffff88000009fff0]
[    0.000000] Scanning 1 areas for low memory corruption
[    0.000000] RAMDISK: [mem 0x362fa000-0x37174fff]
[    0.000000] ACPI: Early table checksum verification disabled
[    0.000000] ACPI: RSDP 0x00000000000E0000 000024 (v02 VBOX  )
[    0.000000] ACPI: XSDT 0x000000003FFF0030 00003C (v01 VBOX   VBOXXSDT 00000001 ASL  00000061)
[    0.000000] ACPI: FACP 0x000000003FFF00F0 0000F4 (v04 VBOX   VBOXFACP 00000001 ASL  00000061)
[    0.000000] ACPI: DSDT 0x000000003FFF0470 002118 (v01 VBOX   VBOXBIOS 00000002 INTL 20160108)
[    0.000000] ACPI: FACS 0x000000003FFF0200 000040
[    0.000000] ACPI: FACS 0x000000003FFF0200 000040
[    0.000000] ACPI: APIC 0x000000003FFF0240 00005C (v02 VBOX   VBOXAPIC 00000001 ASL  00000061)
[    0.000000] ACPI: SSDT 0x000000003FFF02A0 0001CC (v01 VBOX   VBOXCPUT 00000002 INTL 20160108)
[    0.000000] No NUMA configuration found
[    0.000000] Faking a node at [mem 0x0000000000000000-0x000000003ffeffff]
[    0.000000] NODE_DATA(0) allocated [mem 0x3ffeb000-0x3ffeffff]
[    0.000000] kvm-clock: Using msrs 4b564d01 and 4b564d00
[    0.000000] kvm-clock: cpu 0, msr 0:3ffe3001, primary cpu clock
[    0.000000] kvm-clock: using sched offset of 3582409287 cycles
[    0.000000] clocksource: kvm-clock: mask: 0xffffffffffffffff max_cycles: 0x1cd42e4dffb, max_idle_ns: 881590591483 ns
[    0.000000] Zone ranges:
[    0.000000]   DMA      [mem 0x0000000000001000-0x0000000000ffffff]
[    0.000000]   DMA32    [mem 0x0000000001000000-0x000000003ffeffff]
[    0.000000]   Normal   empty
[    0.000000]   Device   empty
[    0.000000] Movable zone start for each node
[    0.000000] Early memory node ranges
[    0.000000]   node   0: [mem 0x0000000000001000-0x000000000009efff]
[    0.000000]   node   0: [mem 0x0000000000100000-0x000000003ffeffff]
[    0.000000] Initmem setup node 0 [mem 0x0000000000001000-0x000000003ffeffff]
[    0.000000] ACPI: PM-Timer IO Port: 0x4008
[    0.000000] IOAPIC[0]: apic_id 2, version 17, address 0xfec00000, GSI 0-23
[    0.000000] ACPI: INT_SRC_OVR (bus 0 bus_irq 0 global_irq 2 dfl dfl)
[    0.000000] ACPI: INT_SRC_OVR (bus 0 bus_irq 9 global_irq 9 high level)
[    0.000000] Using ACPI (MADT) for SMP configuration information
[    0.000000] smpboot: Allowing 2 CPUs, 0 hotplug CPUs
[    0.000000] PM: Registered nosave memory: [mem 0x00000000-0x00000fff]
[    0.000000] PM: Registered nosave memory: [mem 0x0009f000-0x0009ffff]
[    0.000000] PM: Registered nosave memory: [mem 0x000a0000-0x000effff]
[    0.000000] PM: Registered nosave memory: [mem 0x000f0000-0x000fffff]
[    0.000000] e820: [mem 0x40000000-0xfffbffff] available for PCI devices
[    0.000000] Booting paravirtualized kernel on KVM
[    0.000000] cloksource: refined-jiffies: msk 0xffffffff max_cycles: 0xffffffff, max_idle_ns: 7645519600211568 ns
[    0.000000] setup_percpu: NR_CPUS:512 nr_cpumask_bits:512 nr_cpu_ids:2 nr_node_ids:1
[    0.000000] PERCPU: Embedded 34 pages/cpu @ffff88003fc00000 s99480 r8192 d31592 u1048576
[    0.000000] Built 1 zonelists in Node order, mobility grouping on.  Total pages: 257912
[    0.000000] Policy zone: DMA32
[    0.000000] Kernel command line: BOOT_IMAGE=/boot/vmlinuz-4.4.0-154-generic root=LABEL=cloudimg-rootfs ro console=tty1 console=ttyS0
[    0.000000] PID hash table entries: 4096 (order: 3, 32768 bytes)
[    0.000000] Memory: 997732K/1048120K available (8613K kernel code, 1335K rwdata, 4028K rodata, 1484K init, 1284K bss, 50388K reserved, 0K cma-reserved)
[    0.000000] SLUB: HWalign=64, Order=0-3, MinObjects=0, CPUs=2, Nodes=1
[    0.000000] Kernel/User page tables isolation: enabled
[    0.000000] Hierarchical RCU implementation.
[    0.000000] 	Build-time adjustment of leaf fanout to 64.
[    0.000000] 	RCU restricting CPUs from NR_CPUS=512 to nr_cpu_ids=2.
[    0.000000] RCU: Adjusting geometry for rcu_fanout_leaf=64, nr_cpu_ids=2
[    0.0000000] NR_IRQS:3024 nr_irqs:440 16
[    0.000000] Console: colour VGA+ 80x25
[    0.000000] console [tty1] enabled
[    0.000000] console [ttyS0] enabled
[    0.000000] tsc: Detected 2992.498 MHz processor

[    0.974072] Calibrating delay loop (skipped) preset value.. 5984.99 BogoMIPS (lpj=11969992)
[    0.976796] pid_max: default: 32768 minimum: 301
[    1.045661] ACPI: Core revision 20150930
[    1.048176] ACPI: 2 ACPI AML tables successfully acquired and loaded
[    1.050121] Security Framework initialized
[    1.051384] Yama: becoming mindful.
[    1.056594] AppArmor: AppArmor initialized
[    1.058006] Dentry cache hash table entries: 131072 (order: 8, 1048576 bytes)
[    1.060386] Inode-cache hash table entries: 65536 (order: 7, 524288 bytes)
[    1.062445] Mount-cache hash table entries: 2048 (order: 2, 16384 bytes)
[    1.064223] Mountpoint-cache hash table entries: 2048 (order: 2, 16384 bytes)
[    1.066839] Initializing cgroup subsys io
[    1.068102] Initializing cgroup subsys memory
[    1.069424] Initializing cgroup subsys devices
[    1.070756] Initializing cgroup subsys freezer
[    1.072104] Initializing cgroup subsys net_cls
[    1.073443] Initializing cgroup subsys perf_event
[    1.074814] Initializing cgroup subsys net_prio
[    1.076165] Initializing cgroup subsys hugetlb
[    1.077497] Initializing cgroup subsys pids
[    1.078870] mce: CPU supports 0 MCE banks
[    1.080190] Last level iTLB entries: 4KB 128, 2MB 4, 4MB 4
[    1.081731] Last level dTLB entries: 4KB 256, 2MB 0, 4MB 32, 1GB 0
[    1.083393] Spectre V2 : Mitigation: Full generic retpoline
[    1.084975] Spectre V2 : Spectre v2 / SpectreRSB mitigation: Filling RSB on context switch
[    1.087426] Speculative Store Bypass: Vulnerable
[    1.113474] MDS: Vulnerable: Clear CPU buffers attempted, no microcode
[    1.130173] Freeing SMP alternatives memory: 36K
[    1.139155] ftrace: allocating 32299 entries in 127 pages
[    1.245340] smpboot: APIC(0) Converting physical 0 to logical package 0
[    1.266582] smpboot: Max logical packages: 1
[    1.270141] ..TIMER: vector=0x30 apic1=0 pin1=2 apic2=-1 pin2=-1
[    1.376563] smpboot: CPU0: Intel(R) Core(TM)2 Duo CPU     E8400  @ 3.00GHz (family: 0x6, model: 0x17, stepping: 0xa)
[    1.379765] Performance Events: unsupported p6 CPU model 23 no PMU driver, software events only.
[    1.472013] KVM setup paravirtual spinlock
[    1.474794] x86: Booting SMP configuration:
[    1.476246] .... node  #0, CPUs:      #1
[    1.489567] kvm-clock: cpu 1, msr 0:3ffe3041, secondary cpu clock
[    1.501232] mce: CPU supports 0 MCE banks
[    1.504270] x86: Booted up 1 node, 2 CPUs
[    1.505939] smpboot: Total of 2 processors activated (11969.99 BogoMIPS)
[    1.508374] devtmpfs: initialized
[    1.512309] evm: security.selinux
[    1.513440] evm: security.SMACK64
[    1.514564] evm: security.SMACK64EXEC
[    1.516862] evm: security.SMACK64TRANSMUTE
[    1.518141] evm: security.SMACK64MMAP
[    1.519374] evm: security.ima
[    1.520427] evm: security.capability
[    1.521852] clocksource: jiffies: mask: 0xffffffff max_cycles: 0xffffffff, max_idle_ns: 7645041785100000 ns
[    1.524656] futex hash table entries: 512 (order: 3, 32768 bytes)
[    1.526573] pinctrl core: initialized pinctrl subsystem
[    1.528238] RTC time: 17:09:26, date: 08/08/19
[    1.530035] NET: Registered protocol family 16
[    1.544387] cpuidle: using governor ladder
[    1.556340] cpuidle: using governor menu
[    1.557643] PCCT header not found.
[    1.558816] ACPI: bus type PCI registered
[    1.560091] acpiphp: ACPI Hot Plug PCI Controller Driver version: 0.5
[    1.563074] PCI: Using configuration type 1 for base access
[    1.581198] ACPI: Added _OSI(Module Device)
[    1.582480] ACPI: Added _OSI(Processor Device)
[    1.583805] ACPI: Added _OSI(3.0 _SCP Extensions)
[    1.585263] ACPI: Added _OSI(Processor Aggregator Device)
[    1.587576] ACPI: Executed 1 blocks of module-level executable AML code
[    1.591984] ACPI: Interpreter enabled
[    1.606051] ACPI: (supports S0 S5)
[    1.607186] ACPI: Using IOAPIC for interrupt routing
[    1.608826] PCI: Using host bridge windows from ACPI; if necessary, use "pci=nocrs" and report a bug
[    1.615964] ACPI: PCI Root Bridge [PCI0] (domain 0000 [bus 00-ff])
[    1.650622] acpi PNP0A03:00: _OSC: OS supports [ASPM ClockPM Segments MSI]
[    1.652426] acpi PNP0A03:00: _OSC failed (AE_NOT_FOUND); disabling ASPM
[    1.654180] acpi PNP0A03:00: fail to add MMCONFIG information, can't access extended PCI configuration space under this bridge.
[    1.657572] PCI host bridge to bus 0000:00
[    1.658837] pci_bus 0000:00: root bus resource [io  0x0000-0x0cf7 window]
[    1.665946] pci_bus 0000:00: root bus resource [io  0x0d00-0xffff window]
[    1.667715] pci_bus 0000:00: root bus resource [mem 0x000a0000-0x000bffff window]
[    1.686874] pci_bus 0000:00: root bus resource [mem 0x40000000-0xffdfffff window]
[    1.689199] pci_bus 0000:00: root bus resource [bus 00-ff]
[    1.692693] pci 0000:00:01.1: legacy IDE quirk: reg 0x10: [io  0x01f0-0x01f7]
[    1.694523] pci 0000:00:01.1: legacy IDE quirk: reg 0x14: [io  0x03f6]
[    1.696243] pci 0000:00:01.1: legacy IDE quirk: reg 0x18: [io  0x0170-0x0177]
[    1.698072] pci 0000:00:01.1: legacy IDE quirk: reg 0x1c: [io  0x0376]
[    1.726785] ACPI: PCI Interrupt Link [LNKA] (IRQs 5 9 10 11) *0, disabled.
[    1.735055] ACPI: PCI Interrupt Link [LNKB] (IRQs 5 9 10 *11)
[    1.737320] ACPI: PCI Interrupt Link [LNKC] (IRQs 5 9 *10 11)
[    1.739541] ACPI: PCI Interrupt Link [LNKD] (IRQs 5 *9 10 11)
[    1.741885] ACPI: Enabled 2 GPEs in block 00 to 07
[    1.744288] vgaarb: setting as boot device: PCI:0000:00:02.0
[    1.745847] vgaarb: device added: PCI:0000:00:02.0,decodes=io+mem,owns=io+mem,locks=none
[    1.748273] vgaarb: loaded
[    1.749263] vgaarb: bridge control possible 0000:00:02.0
[    1.753779] SCSI subsystem initialized
[    1.755409] ACPI: bus type USB registered
[    1.756730] usbcore: registered new interface driver usbfs
[    1.777598] usbcore: registered new interface driver hub
[    1.779110] usbcore: registered new device driver usb
[    1.782235] PCI: Using ACPI for IRQ routing
[    1.784117] NetLabel: Initializing
[    1.785251] NetLabel:  domain hash size = 128
[    1.786547] NetLabel:  protocols = UNLABELED CIPSOv4
[    1.787994] NetLabel:  unlabeled traffic allowed by default
[    1.791026] amd_nb: Cannot enumerate AMD northbridges
[    1.792619] clocksource: Switched to clocksource kvm-clock
[    1.822834] AppArmor: AppArmor Filesystem Enabled
[    1.829775] pnp: PnP ACPI init
[    1.831925] pnp: PnP ACPI: found 3 devices
[    1.847444] clocksource: acpi_pm: mask: 0xffffff max_cycles: 0xffffff, max_idle_ns: 2085701024 ns
[    1.850195] NET: Registered protocol family 2
[    1.852007] TCP established hash table entries: 8192 (order: 4, 65536 bytes)
[    1.854064] TCP bind hash table entries: 8192 (order: 5, 131072 bytes)
[    1.855934] TCP: Hash tables configured (established 8192 bind 8192)
[    1.857765] UDP hash table entries: 512 (order: 2, 16384 bytes)
[    1.859459] UDP-Lite hash table entries: 512 (order: 2, 16384 bytes)
[    1.861294] NET: Registered protocol family 1
[    1.862692] pci 0000:00:00.0: Limiting direct PCI/PCI transfers
[    1.864372] pci 0000:00:01.0: Activating ISA DMA hang workarounds
[    1.866295] Unpacking initramfs...
[  2.131701] Freeing initrd memory: 14828K
[    2.192480] clocksource: tsc: mask: 0xffffffffffffffff max_cycles: 0x2b2296bc2b9, max_idle_ns: 440795321505 ns
[    2.195285] platform rtc_cmos: registered platform RTC device (no PNP device found)
[    2.197688] Scanning for low memory corruption every 60 seconds

[    2.200595] audit: initializing netlink subsys (disabled)
[    2.202267] audit: type=2000 audit(1565284170.424:1): initialized
[    2.218499] Initialise system trusted keyring
[    2.221351] HugeTLB registered 2 MB page size, pre-allocated 0 pages
[    2.230719] zbud: loaded
[    2.232160] VFS: Disk quotas dquot_6.6.0
[    2.233618] VFS: Dquot-cache hash table entries: 512 (order 0, 4096 bytes)
[    2.235850] squashfs: version 4.0 (2009/01/31) Phillip Lougher
[    2.238108] fuse init (API version 7.23)
[    2.239702] Key type big_key registered
[    2.240999] Allocating IMA MOK and blacklist keyrings.
[    2.244837] Key type asymmetric registered
[    2.246177] Asymmetric key parser 'x509' registered
[    2.247698] Block layer SCSI generic (bsg) driver version 0.4 loaded (major 249)
[    2.250286] io scheduler noop registered
[    2.251574] io scheduler deadline registered (default)
[    2.253198] io scheduler cfq registered
[    2.254602] pci_hotplug: PCI Hot Plug PCI Core version: 0.5
[    2.256231] pciehp: PCI Express Hot Plug Controller Driver version: 0.4
[    2.259347] ACPI: AC Adapter [AC] (on-line)
[    2.261904] input: Power Button as /devices/LNXSYSTM:00/LNXPWRBN:00/input/input0
[    2.264294] ACPI: Power Button [PWRF]
[    2.265664] input: Sleep Button as /devices/LNXSYSTM:00/LNXSLPBN:00/input/input1
[    2.268053] ACPI: Sleep Button [SLPF]
[    2.269666] GHES: HEST is not enabled!
[    2.272215] Serial: 8250/16550 driver, 32 ports, IRQ sharing enabled
[    2.309020] 00:02: ttyS0 at I/O 0x3f8 (irq = 4, base_baud = 115200) is a 16550A
[    2.316026] Linux agpgart interface v0.103
[    2.322033] loop: module loaded
[    2.324191] scsi host0: ata_piix
[    2.325684] scsi host1: ata_piix
[    2.326889] ata1: PATA max UDMA/33 cmd 0x1f0 ctl 0x3f6 bmdma 0xd000 irq 14
[    2.328814] ata2: PATA max UDMA/33 cmd 0x170 ctl 0x376 bmdma 0xd008 irq 15
[    2.330824] libphy: Fixed MDIO Bus: probed
[    2.332207] tun: Universal TUN/TAP device driver, 1.6
[    2.333782] tun: (C) 1999-2004 Max Krasnyansky <maxk@qualcomm.com>
[    2.335656] PPP generic driver version 2.4.2
[    2.337262] ehci_hcd: USB 2.0 'Enhanced' Host Controller (EHCI) Driver
[    2.339076] ehci-pci: EHCI PCI platform driver
[    2.340490] ehci-platform: EHCI generic platform driver
[    2.343192] ohci_hcd: USB 1.1 'Open' Host Controller (OHCI) Driver
[    2.344983] ohci-pci: OHCI PCI platform driver
[    2.346392] ohci-platform: OHCI generic platform driver
[    2.347954] uhci_hcd: USB Universal Host Controller Interface driver
[    2.350941] i8042: PNP: PS/2 Controller [PNP0303:PS2K,PNP0f03:PS2M] at 0x60,0x64 irq 1,12
[    2.354259] serio: i8042 KBD port at 0x60,0x64 irq 1
[    2.355754] serio: i8042 AUX port at 0x60,0x64 irq 12
[    2.357658] mousedev: PS/2 mouse device common for all mice
[    2.359946] input: AT Translated Set 2 keyboard as /devices/platform/i8042/serio0/input/input2
[    2.365020] rtc_cmos rtc_cmos: rtc core: registered rtc_cmos as rtc0
[    2.365118] rtc_cmos rtc_cmos: alarms up to one day, 114 bytes nvram
[    2.365126] i2c /dev entries driver
[    2.365204] device-mapper: uevent: version 1.0.3
[    2.365284] device-mapper: ioctl: 4.34.0-ioctl (2015-10-28) initialised: dm-devel@redhat.com
[    2.365308] ledtrig-cpu: registered to indicate activity on CPUs
[    2.365740] NET: Registered protocol family 10
[    2.366096] NET: Registered protocol family 17
[    2.366119] Key type dns_resolver registered
[    2.366468] registered taskstats version 1
[    2.366494] Loading compiled-in X.509 certificates
[    2.367485] Loaded X.509 cert 'Build time autogenerated kernel key: 65139e04a67245b562a838c28b5e7032abdd4348'
[    2.367510] zswap: loaded using pool lzo/zbud
[    2.380864] Key type trusted registered
[    2.407946] Key type encrypted registered
[    2.407950] AppArmor: AppArmor sha1 policy hashing enabled
[    2.407966] ima: No TPM chip found, activating TPM-bypass!
[    2.407970] ima: Allocated hash algorithm: sha1
[    2.408002] evm: HMAC attrs: 0x1
[    2.408373]   Magic number: 15:33:188
[    2.431126] rtc_cmos rtc_cmos: setting system clock to 2019-08-08 17:09:27 UTC (1565284167)
[    2.431303] BIOS EDD facility v0.16 2004-Jun-25, 0 devices found
[    2.431304] EDD information not available.
[    2.489417] Freeing unused kernel memory: 1484K
[    2.501048] Write protecting the kernel read-only data: 14336k
[    2.514731] Freeing unused kernel memory: 1616K
[    2.516523] Freeing unused kernel memory: 68K
Loading, please wait...
starting version 229
[    2.649175] random: systemd-udevd: uninitialized urandom read (16 bytes read, 2 bits of entropy available)
[    2.658402] random: systemd-udevd: uninitialized urandom read (16 bytes read, 2 bits of entropy available)
[    2.660550] random: udevadm: uninitialized urandom read (16 bytes read, 2 bits of entropy available)
[    2.660663] random: udevadm: uninitialized urandom read (16 bytes read, 2 bits of entropy available)
[    2.670826] random: systemd-udevd: uninitialized urandom read (16 bytes read, 2 bits of entropy available)
[    2.675113] random: systemd-udevd: uninitialized urandom read (16 bytes read, 2 bits of entropy available)
[    2.708793] random: systemd-udevd: uninitialized urandom read (16 bytes read, 2 bits of entropy available)
[    2.713102] random: systemd-udevd: uninitialized urandom read (16 bytes read, 2 bits of entropy available)
[    2.717217] random: systemd-udevd: uninitialized urandom read (16 bytes read, 2 bits of entropy available)
[    2.725956] random: systemd-udevd: uninitialized urandom read (16 bytes read, 2 bits of entropy available)
[    3.097817] e1000: Intel(R) PRO/1000 Network Driver - version 7.3.21-k8-NAPI
[    3.100859] e1000: Copyright (c) 1999-2006 Intel Corporation.
[    3.114036] Fusion MPT base driver 3.04.20
[    3.115983] Copyright (c) 1999-2008 LSI Corporation
[    3.182629] Fusion MPT SPI Host driver 3.04.20
[    3.306009] input: ImExPS/2 Generic Explorer Mouse as /devices/platform/i8042/serio1/input/input4
[    3.615442] e1000 0000:00:03.0 eth0: (PCI:33MHz:32-bit) 02:1e:e5:6d:71:21
[    3.617618] e1000 0000:00:03.0 eth0: Intel(R) PRO/1000 Network Connection
[    3.624233] e1000 0000:00:03.0 enp0s3: renamed from eth0
[    3.626016] mptbase: ioc0: Initiating bringup
[    3.730120] ioc0: LSI53C1030 A0: Capabilities={Initiator}
[    5.662791] scsi host2: ioc0: LSI53C1030 A0, FwRev=00000000h, Ports=1, MaxQ=256, IRQ=20
[    6.780672] scsi 2:0:0:0: Direct-Access     VBOX     HARDDISK         1.0  PQ: 0 ANSI: 5
[    6.792216] scsi target2:0:0: Beginning Domain Validation
[    6.795748] scsi target2:0:0: Domain Validation skipping write tests
[    6.797446] scsi target2:0:0: Ending Domain Validation
[    6.801191] scsi target2:0:0: asynchronous
[    6.803204] scsi 2:0:1:0: Direct-Access     VBOX     HARDDISK         1.0  PQ: 0 ANSI: 5
[    6.805645] scsi target2:0:1: Beginning Domain Validation
[    6.852311] scsi target2:0:1: Domain Validation skipping write tests
[    6.861128] scsi target2:0:1: Ending Domain Validation
[    6.871250] scsi target2:0:1: asynchronous
[    6.883135] sd 2:0:0:0: [sda] 20971520 512-byte logical blocks: (10.7 GB/10.0 GiB)
[    6.885864] sd 2:0:0:0: Attached scsi generic sg0 type 0
[    6.950845] sd 2:0:0:0: [sda] Write Protect is off
[    6.952695] sd 2:0:0:0: [sda] Incomplete mode parameter data
[    6.970723] sd 2:0:0:0: [sda] Assuming drive cache: write through
[    6.971426] sd 2:0:1:0: Attached scsi generic sg1 type 0
[    6.971936] sd 2:0:1:0: [sdb] 20480 512-byte logical blocks: (10.5 MB/10.0 MiB)
[    6.972144] sd 2:0:1:0: [sdb] Write Protect is off
[    6.972283] sd 2:0:1:0: [sdb] Incomplete mode parameter data
[    6.972284] sd 2:0:1:0: [sdb] Assuming drive cache: write through
[    7.014767]  sda: sda1
[    7.016665] sd 2:0:1:0: [sdb] Attached SCSI disk
[    7.019494] sd 2:0:0:0: [sda] Attached SCSI disk
Begin: Loading essential drivers ... [    9.273275] md: linear personality registered for level -1
[    9.295952] md: multipath personality registered for level -4
[    9.317675] md: raid0 personality registered for level 0
[    9.346090] md: raid1 personality registered for level 1
[    9.459848] raid6: sse2x1   gen()  4757 MB/s
[    9.542382] raid6: sse2x1   xor()  4716 MB/s
[    9.629863] raid6: sse2x2   gen()  5157 MB/s
[    9.789778] raid6: sse2x2   xor()  6239 MB/s
[    9.869774] raid6: sse2x4   gen()  9040 MB/s
[    9.954621] raid6: sse2x4   xor()  6760 MB/s
[    9.970958] raid6: using algorithm sse2x4 gen() 9040 MB/s
[    9.972591] raid6: .... xor() 6760 MB/s, rmw enabled
[    9.974152] raid6: using ssse3x2 recovery algorithm
[    9.979097] xor: measuring software checksum speed
[   10.109776]    prefetch64-sse: 27932.000 MB/sec
[   10.239993]    generic_sse: 25253.000 MB/sec
[   10.260677] xor: using function: prefetch64-sse (27932.000 MB/sec)
[   10.267435] async_tx: api initialized (async)
[   10.302494] md: raid6 personality registered for level 6
[   10.340801] md: raid5 personality registered for level 5
[   10.342381] md: raid4 personality registered for level 4
[   10.395100] md: raid10 personality registered for level 10
done.
Begin: Running /scripts/init-premount ... done.
Begin: Mounting root file system ... Begin: Running /scripts/local-top ... done.
Begin: Running /scripts/local-premount ... [   10.561548] Btrfs loaded
Scanning for Btrfs filesystems
done.
Warning: fsck not present, so skipping root file system
[   10.816947] EXT4-fs (sda1): mounted filesystem with ordered data mode. Opts: (null)
done.
Begin: Running /scripts/local-bottom ... done.
Begin: Running /scripts/init-bottom ... done.
[   11.644864] systemd[1]: systemd 229 running in system mode. (+PAM +AUDIT +SELINUX +IMA +APPARMOR +SMACK +SYSVINIT +UTMP +LIBCRYPTSETUP +GCRYPT +GNUTLS +ACL +XZ -LZ4 +SECCOMP +BLKID +ELFUTILS +KMOD -IDN)
[   11.664861] systemd[1]: Detected virtualization oracle.
[   11.666395] systemd[1]: Detected architecture x86-64.

Welcome to [1mUbuntu 16.04.6 LTS[0m!

[   11.701347] systemd[1]: Set hostname to <ubuntu>.
[   11.743121] systemd[1]: Initializing machine ID from random generator.
[   11.745114] systemd[1]: Installed transient /etc/machine-id file.
[   11.903609] random: nonblocking pool is initialized
[   12.765699] systemd[1]: Listening on LVM2 metadata daemon socket.
[[0;32m  OK  [0m] Listening on LVM2 metadata daemon socket.
[   12.846417] systemd[1]: Created slice System Slice.
[[0;32m  OK  [0m] Created slice System Slice.
[   12.852341] systemd[1]: Set up automount Arbitrary Executable File Formats File System Automount Point.
[[0;32m  OK  [0m] Set up automount Arbitrary Executab...ats File System Automount Point.
[   12.882525] systemd[1]: Started Trigger resolvconf update for networkd DNS.
[[0;32m  OK  [0m] Started Trigger resolvconf update for networkd DNS.
[   12.913089] systemd[1]: Listening on Journal Audit Socket.
[[0;32m  OK  [0m] Listening on Journal Audit Socket.
[   12.918512] systemd[1]: Listening on Syslog Socket.
[[0;32m  OK  [0m] Listening on Syslog Socket.
[   12.922652] systemd[1]: Started Forward Password Requests to Wall Directory Watch.
[[0;32m  OK  [0m] Started Forward Password Requests to Wall Directory Watch.
[   12.928116] systemd[1]: Listening on Journal Socket (/dev/log).
[[0;32m  OK  [0m] Listening on Journal Socket (/dev/log).
[   12.969964] systemd[1]: Listening on Journal Socket.
[[0;32m  OK  [0m] Listening on Journal Socket.
[   13.029235] systemd[1]: Mounting Debug File System...
         Mounting Debug File System...
[   13.039729] systemd[1]: Starting Create list of required static device nodes for the current kernel...
         Starting Create list of required st... nodes for the current kernel...
[   13.093951] systemd[1]: Listening on udev Control Socket.
[[0;32m  OK  [0m] Listening on udev Control Socket.
[   13.153165] systemd[1]: Mounting POSIX Message Queue File System...
         Mounting POSIX Message Queue File System...
[   13.182780] systemd[1]: Reached target Encrypted Volumes.
[[0;32m  OK  [0m] Reached target Encrypted Volumes.
[   13.213612] systemd[1]: Starting Load Kernel Modules...
         Starting Load Kernel Modules...
[   13.263239] systemd[1]: Starting Journal Service...
         Starting Journal Service...
[   13.280801] systemd[1]: Mounting Huge Pages File System...
         Mounting Huge Pages File System...
[   13.307139] systemd[1]: Starting Nameserver information manager...
         Startin[   13.317614] Loading iSCSI transport class v2.0-870.
g Nameserver information manager...
[   13.338663] systemd[1]: Reached target System Time Synchronized.
[[0;32m  OK  [0m] Reached target System Time Synchronized.
[   13.373783] systemd[1]: Starting Set console keymap...
         Starting Set console keymap...
[   13.386626] systemd[1]: Reached target User and Group Name Lookups.
[[0;32m  OK  [0m] Reached target User and Group Name Lookups.
[   13.391936] systemd[1]: Listening on udev Kernel Socket.
[[0;32m  OK  [0m] Listening on [   13.405134] iscsi: registered transport (tcp)
udev Kernel Socket.
[   13.418882] systemd[1]: Created slice User and Session Slice.
[[0;32m  OK  [0m] Created slice User and Session Slice.
[   13.454215] systemd[1]: Starting Uncomplicated firewall...
         Starting Uncomplicated firewall...
[   13.468511] systemd[1]: Reached target Slices.
[[0;32m  OK  [0m] Reached target Slices.
[   13.474053] systemd[1]: Reached target Swap.
[[0;32m  OK  [0m] Reached target Swap.
[   13.481599] systemd[1]: Listening on Device-mapper event daemon FIFOs.
[[0;32m  OK  [0m] Listening on Device-mapper event daemon FIFOs.
[   13.495365] systemd[1]: Starting Monitoring of LVM2 mirrors, snapshots etc. using dmeventd or progress polling...
         Starting Monitoring of LVM2 mirrors... dmeventd or progress polling...
[   13.504587] systemd[1]: Created slice system-serial\x2dgetty.slice.
[[0;32m  OK  [0m] Created slice system-serial\x2dgetty.slice.
[   13.523662] systemd[1]: Listening on LVM2 poll daemon socket.
[[0;32m  OK  [0m] Listening on LVM2 poll daemon socket.
[   13.537198] systemd[1]: Listening on /dev/initctl Compatibility Named Pipe.
[[0;32m  OK  [0m] Listening on /dev/initctl Compatibility Named Pipe.
[   13.574109] systemd[1]: Starting Remount Root and Kernel File Systems...
         Starting Remount Root and Kernel File Systems...
[   13.598752] systemd[1]: Mounted POSIX Message Queue File System.
[[0;32m  OK  [0m] Mounted POSIX Message Queue File System.
[   13.611403] systemd[1]: Mounted Huge Pages File System.
[[0;32m  OK  [0m] Mounted Huge Pages File System.
[   13.624429] systemd[1]: Mounted Debug File System.
[[0;32m  OK  [0m] Mounted Debug File System.
[   13.634697] systemd[1]: Started Create list of required static device nodes for the current kernel.
[[0;32m  OK  [0m] Started Create list of required sta...ce nodes for the current kernel.
[   13.678333] systemd[1]: Started Uncomplicated firewall.
[[0;32m  OK  [0m] Started Uncomplicated firewall.
[   13.691215] systemd[1]: Started Journal Service.
[[0;32m  OK  [0m] Started Journal Service.
[[0;32m  OK  [0[   13.757640] iscsi: registered transport (iser)
m] Started Nameserver information manager.
[   13.809496] EXT4-fs (sda1): re-mounted. Opts: (null)
[[0;32m  OK  [0m] Started Load Kernel Modules.
[[0;32m  OK  [0m] Started Remount Root and Kernel File Systems.
         Starting Load/Save Random Seed...
         Starting udev Coldplug all Devices...
         Starting Apply Kernel Variables...
         Mounting FUSE Control File System...
[[0;32m  OK  [0m] Started LVM2 metadata daemon.
         Starting Flush Journal to Persistent Storage...
         Starting Create Static Device Nodes in /dev...
[[0;32m  OK  [0m] Mounted FUSE Control File System.
[[0;32m  OK  [0m] Started Set console keymap.
[[0;32m  OK  [0m] Started Load/Save Random Seed.
[   14.414189] systemd-journald[358]: Received request to flush runtime journal from PID 1
[[0;32m  OK  [0m] Started Apply Kernel Variables.
[[0;32m  OK  [0m] Started Flush Journal to Persistent Storage.
[[0;32m  OK  [0m] Started Create Static Device Nodes in /dev.
         Starting udev Kernel Device Manager...
[[0;32m  OK  [0m] Started udev Coldplug all Devices.
[[0;32m  OK  [0m] Started udev Kernel Device Manager.
[[0;32m  OK  [0m] Started Dispatch Password Requests to Console Directory Watch.
[[0;32m  OK  [0m] Started Monitoring of LVM2 mirrors,...ng dmeventd or progress polling.
[[0;32m  OK  [0m] Reached target Local File Systems (Pre).
[[0;32m  OK  [0m] Reached target Local File Systems.
         Starting Set console font and keymap...
         Starting Create Volatile Files and Directories...
         Starting Tell Plymouth To Write Out Runtime Data...
         Starting LSB: AppArmor initialization...
         Starting Commit a transient machine-id on disk...
         Starting Initial cloud-init job (pre-networking)...
[[0;32m  OK  [0m] Started Create Volatile Files and Directories.
[[0;32m  OK  [0m] Started Tell Plymouth To Write Out Runtime Data.
[[0;32m  OK  [0m] Started Commit a transient machine-id on disk.
         Starting Update UTMP about System Boot/Shutdown...
[[0;32m  OK  [0m] Started Update UTMP about System Boot/Shutdown.
[[0;32m  OK  [0m] Found device /dev/ttyS0.
[[0;32m  OK  [0m] Listening on Load/Save RF Kill Switch Status /dev/rfkill Watch.
[[0;32m  OK  [0m] Started LSB: AppArmor initialization.
[[0;32m  OK  [0m] Started Set console font and keymap.
[[0;32m  OK  [0m] Created slice system-getty.slice.
[   20.796281] cloud-init[481]: Cloud-init v. 19.1-1-gbaa47854-0ubuntu1~16.04.1 running 'init-local' at Thu, 08 Aug 2019 17:09:46 +0000. Up 19.63 seconds.
[[0;32m  OK  [0m] Started Initial cloud-init job (pre-networking).
[[0;32m  OK  [0m] Reached target Network (Pre).
         Starting Raise network interfaces...
[[0;32m  OK  [0m] Started Raise network interfaces.
[[0;32m  OK  [0m] Reached target Network.
         Starting Initial cloud-init job (metadata service crawler)...
[   26.402699] cloud-init[939]: Cloud-init v. 19.1-1-gbaa47854-0ubuntu1~16.04.1 running 'init' at Thu, 08 Aug 2019 17:09:49 +0000. Up 23.39 seconds.
[   26.419892] cloud-init[939]: ci-info: ++++++++++++++++++++++++++++++++++++++Net device info++++++++++++++++++++++++++++++++++++++
[   26.437403] cloud-init[939]: ci-info: +--------+------+----------------------------+---------------+--------+-------------------+
[   26.453175] cloud-init[939]: ci-info: | Device |  Up  |          Address           |      Mask     | Scope  |     Hw-Address    |
[   26.462986] cloud-init[939]: ci-info: +--------+------+----------------------------+---------------+--------+-------------------+
[   26.467095] cloud-init[939]: ci-info: | enp0s3 | True |         10.0.2.15          | 255.255.255.0 | global | 02:1e:e5:6d:71:21 |
[   26.497568] cloud-init[939]: ci-info: | enp0s3 | True | fe80::1e:e5ff:fe6d:7121/64 |       .       |  link  | 02:1e:e5:6d:71:21 |
[   26.505616] cloud-init[939]: ci-info: |   lo   | True |         127.0.0.1          |   255.0.0.0   |  host  |         .         |
[   26.513706] cloud-init[939]: ci-info: |   lo   | True |          ::1/128           |       .       |  host  |         .         |
[   26.528856] cloud-init[939]: ci-info: +--------+------+----------------------------+---------------+--------+-------------------+
[   26.541996] cloud-init[939]: ci-info: +++++++++++++++++++++++++++Route IPv4 info++++++++++++++++++++++++++++
[   26.546844] cloud-init[939]: ci-info: +-------+-------------+----------+---------------+-----------+-------+
[   26.563540] cloud-init[939]: ci-info: | Route | Destination | Gateway  |    Genmask    | Interface | Flags |
[   26.607930] cloud-init[939]: ci-info: +-------+-------------+----------+---------------+-----------+-------+
[   26.667625] cloud-init[939]: ci-info: |   0   |   0.0.0.0   | 10.0.2.2 |    0.0.0.0    |   enp0s3  |   UG  |
[   26.741968] cloud-init[939]: ci-info: |   1   |   10.0.2.0  | 0.0.0.0  | 255.255.255.0 |   enp0s3  |   U   |
[   26.748216] cloud-init[939]: ci-info: +-------+-------------+----------+---------------+-----------+-------+
[   26.761316] cloud-init[939]: ci-info: +++++++++++++++++++Route IPv6 info+++++++++++++++++++
[   26.769444] cloud-init[939]: ci-info: +-------+-------------+---------+-----------+-------+
[   26.778364] cloud-init[939]: ci-info: | Route | Destination | Gateway | Interface | Flags |
[   26.784578] cloud-init[939]: ci-info: +-------+-------------+---------+-----------+-------+
[   26.790516] cloud-init[939]: ci-info: |   0   |  fe80::/64  |    ::   |   enp0s3  |   U   |
[   26.797449] cloud-init[939]: ci-info: |   4   |   ff00::/8  |    ::   |   enp0s3  |   U   |
[   26.819509] [[0;32m  OK  [0m] Started Initial cloud-init job (metadata service crawler).
cloud-init[939]: ci-info: +-------+-------------+---------+-----------+-------+
[   26.880826] cloud-init[939]: Generating public/private rsa key pair.
[[0;32m  OK  [0m] Reached target Network is Online.
[   26.889167] cloud-init[939]: Your identification has been saved in /etc/ssh/ssh_host_rsa_key.
[   26.911695] cloud-init[939]: Your public key has been saved in /etc/ssh/ssh_host_rsa_key.pub.
         Starting iSCSI initiator daemon (iscsid)...
[   26.915676] cloud-init[939]: [[0;32m  OK  [0m] Reached target Cloud-config availability.
[[0;32m  OK  [0m] Reached target System Initialization.
The key fingerprint is:
[   26.947318] cloud-init[939]: SHA256:OXrS/Jtq7CgbQbUJkxWO6T0pXbrUy47T9ElBnb0j2v4 root@ubuntu-xenial
[   26.950582] cloud-init[939]: The key's randomart image is:
[[0;32m  OK  [0m] Started ACPI Events Check.
[[0;32m  OK  [0m] Reached target Paths.
[   26.984485] cloud-init[939]: +---[RSA 2048]----+
[[0;32m  OK  [0m] Listening on ACPID Listen Socket.
[   27.005884] cloud-init[939]: |    oo+.   . o   |
[   27.017385] cloud-init         Starting LXD - unix socket.
[[0;32m  OK  [0m] Started Daily Cleanup of Temporary Directories.
[[0;32m  OK  [0m] Listening on D-Bus System Message Bus Socket.
[[0;32m  OK  [0m] Listening on UUID daemon activation socket.
         Starting Socket activation for snappy daemon.
[939]: |    .B o  . o .  |
[[0;32m  OK  [0m] Started Daily apt download activities.
[   27.103730] cloud-init[939]: |    + + ..     . |
[   27.148593] cloud-init[939]: |   o o = .. . o  |
[[0;32m  OK  [0m] Started Daily apt upgrade and clean activities.
[   27.193038] cloud-init[939]: |    + B S  + . . |
[   27.193294] cloud-init[939]: |     + B.oo .    |
[   27.193546] cloud-init[939]: |    . ++*o o     |
[   27.193794] cloud-init[939]: |    ...*+.o..    |
[   27.194048] cloud-init[939]: |    .oo++.+. .E  |
[   27.194286] cloud-init[939]: +----[SHA256]-----+
[   27.194600] cloud-init[939]: Generating public/private dsa key pair.
[   27.194840] cloud-init[939]: Your identification has been saved in /etc/ssh/ssh_host_dsa_key.
[   27.195078] cloud-init[939]: Your public key has been saved in /etc/ssh/ssh_host_dsa_key.pub.
[   27.195323] cloud-init[939]: The key fingerprint is:
[   27.195561] cloud-init[939]: SHA256:cbzOuX0E5b/D5rFsNJhOK8K0F332gn76/T7h5JFPdIQ root@ubuntu-xenial
[   27.195804] cloud-init[939]: The key's randomart image is:
[   27.196048] cloud-init[939]: +---[DSA 1024]----+
[   27.196292] cloud-init[939]: |               . |
[   27.196536] cloud-init[939]: |         .    E .|
[   27.196782] cloud-init[939]: |        . o  o . |
[   27.197064] cloud-init[939]: |         o .. . o|
[[0;32m  OK  [0m] Reached target Timers.
[   27.197941] cloud-init[939]: |        S . ..ooo|
[   27.295435] cloud-init[939]: |         + o =.Xo|
[   27.311472] cloud-init[939]: |        o = +oXoB|
[   27.315194] cloud-init[939]: |         + =.o=@=|
[[   27.327191] cloud-init[939]: |          +.===*B|
[0;32m  OK  [0m] Listening on LXD - unix socket.
[[0;32m  OK  [0m] Listening on Socket activation for snappy daemon.
[   27.327898] cloud-init[939]: +----[SHA256]-----+
[   27.375354] cloud-init[939]: Generating public/private ecdsa key pair.
[   27.380810] cloud-init[939]: Your identification has been saved in /etc/ssh/ssh_host_ecdsa_key.
[   27.386910] cloud-init[939]: Your public key has been saved in /etc/ssh/ssh_host_ecdsa_key.pub.
[   27.394740] cloud-init[939]: The key fingerprint is:
[   27.404222] cloud-init[939]: SHA256:hDaRogDvMkI3XaWpH+axb9zJEwl3R2/Z0sNPgE59WGo root@ubuntu-xenial
[   27.413044] cloud-init[939]: The key's randomart image is:
[   27.420950] cloud-init[939]: +---[ECDSA 256]---+
[   27.466243] cloud-init[939]: |o     .o..   o o.|
[   27.466630] cloud-init[939]: |..  o ooo   o +o.|
[[0;32m  OK  [0m] Reached target Sockets.
[   27.466878] cloud-init[939]: | o.+ o+o.  o  E++|
[[0;32m  OK  [0m] Reached target Basic System.
[   27.498278] cloud-init[939]: |..o ...o . ..o.=*|
         Starting LSB: Record successful boot for GRUB...
[   27.626020] cloud-init[939]: |+ .  . +S o o .+o|
[   27.661498] cloud-init[939]: |.o    + +  o    .|
[   27.673774] cloud-init[939]: |       +. o o    |
[   27.681298] cloud-init[939]: |        .o =     |
[   27.689357] cloud-init[939]: |        ..  .    |
[   27.693506] cloud-init[939]: +----[SHA256]-----+
[   27.725315] cloud-init[939]: Generating public/private ed25519 key pair.
         Starting Pollinate to seed the pseudo random number generator...
[   27.736459] cloud-init[939]: Your identification has been saved in /etc/ssh/ssh_host_ed25519_key.
[   27.777302] cloud-init[939]: Your public key has been saved in /etc/ssh/ssh_host_ed25519_key.pub.
[   27.785713] [cloud-init[0;32m  OK  [0m[939]: ] The key fingerprint is:Started Deferred execution scheduler.

[   27.786324] cloud-init[939]: SHA256:xeVDLxwy8sqmlGWP7cXwvL4tBvpoqzx0ChomD4NUIc4 root@ubuntu-xenial
[   27.874531] cloud-init[939]: The key's randomart image is:
         Starting LSB: MD monitoring daemon...
[   27.913027] cloud-init[939]: +--[ED25519 256]--+
[   27.942187] cloud-init[939]: | . ..   . o +    |
[   28.000730] cloud-init[939]: |o ..     + B o   |
[   28.006749]          Starting System Logging Service...
cloud-init[939]: | E.     o = = .  |
[   28.022581] cloud-init[939]: | .     = * = o   |
[   28.060916] cloud-init[939]: |o     o S o =    |
[   28.063503] cloud-init[939]: |= o ...o.... .   |
[   28.073599] cloud-init[939]: | * o o.o ....    |
[   28.076049] cloud-init[939]: |  o  .o o. .o.   |
         Starting /etc/rc.local Compatibility...
[   28.094393]          Starting LXD - container startup/shutdown...
cloud-init[939]: |      o+oo..oo.  |
[   28.163045] [[0;32m  OK  [0m] Started Regular background program processing daemon.
cloud-init[939]: +----[SHA256]-----+
         Starting Accounts Service...
[[0;32m  OK  [0m] Started D-Bus System Message Bus.
[[0;32m  OK  [0m] Started FUSE filesystem for LXC.
[[0;32m  OK  [0m] Started ACPI event daemon.
         Starting Virtualbox guest utils...
         Starting Login Service...
         Starting Snappy daemon...
[[0;32m  OK  [0m] Started System Logging Service.
[[0;32m  OK  [0m] Started iSCSI initiator daemon (iscsid).
[[0;32m  OK  [0m] Started /etc/rc.local Compatibility.
         Starting Authenticate and Authorize Users to Run Privileged Tasks...
         Starting Login to default iSCSI targets...
[[0;32m  OK  [0m] Started Login Service.
[[0;32m  OK  [0m] Started Unattended Upgrades Shutdown.
[[0;32m  OK  [0m] Started LSB: Record successful boot for GRUB.
[[0;32m  OK  [0m] Started LSB: MD monitoring daemon.
[[0;32m  OK  [0m] Started Authenticate and Authorize Users to Run Privileged Tasks.
[[0;32m  OK  [0m] Started Accounts Service.
[[0;32m  OK  [0m] Started Login to default iSCSI targets.
[[0;32m  OK  [0m] Reached target Remote File Systems (Pre).
[[0;32m  OK  [0m] Reached target Remote File Systems.
         Starting LSB: daemon to balance interrupts for SMP systems...
         Starting LSB: Set the CPU Frequency Scaling governor to "ondemand"...
         Starting Permit User Sessions...
         Starting LSB: automatic crash report generation...
[[0;32m  OK  [0m] Started Permit User Sessions.
         Starting Terminate Plymouth Boot Screen...
         Starting Hold until boot process finishes up...
[[0;32m  OK  [0m] Started Hold until boot process finishes up.
[[0;32m  OK  [0m] Started Terminate Plymouth Boot Screen.
[[0;32m  OK  [0m] Started Getty on tty1.
[[0;32m  OK  [0m] Started Serial Getty on ttyS0.
[[0;32m  OK  [0m] Reached target Login Prompts.
         Starting Set console scheme...
[[0;32m  OK  [0m] Started LXD - container startup/shutdown.
[[0;32m  OK  [0m] Started LSB: Set the CPU Frequency Scaling governor to "ondemand".
[[0;32m  OK  [0m] Started LSB: daemon to balance interrupts for SMP systems.
[[0;32m  OK  [0m] Started Set console scheme.
[[0;32m  OK  [0m] Started Virtualbox guest utils.
[[0;32m  OK  [0m] Started LSB: automatic crash report generation.
[[0;32m  OK  [0m] Started Pollinate to seed the pseudo random number generator.
         Starting OpenBSD Secure Shell server...
[[0;32m  OK  [0m] Started OpenBSD Secure Shell server.
[[0;32m  OK  [0m] Started Snappy daemon.
         Starting Wait until snapd is fully seeded...
[[0;32m  OK  [0m] Created slice User Slice of vagrant.
         Starting User Manager for UID 1000...
[[0;32m  OK  [0m] Started Session 1 of user vagrant.
[[0;32m  OK  [0m] Started User Manager for UID 1000.

Ubuntu 16.04.6 LTS ubuntu-xenial ttyS0

ubuntu-xenial login: [   39.256534] cloud-init[1393]: Generating locales (this might take a while)...
[   42.101169] cloud-init[1393]:   en_US.UTF-8... done
[   42.103854] cloud-init[1393]: Generation complete.
[   43.841712] cloud-init[1393]: Cloud-init v. 19.1-1-gbaa47854-0ubuntu1~16.04.1 running 'modules:config' at Thu, 08 Aug 2019 17:10:05 +0000. Up 38.58 seconds.
ci-info: no authorized ssh keys fingerprints found for user ubuntu.
<14>Aug  8 17:10:11 ec2: 
<14>Aug  8 17:10:11 ec2: #############################################################
<14>Aug  8 17:10:11 ec2: -----BEGIN SSH HOST KEY FINGERPRINTS-----
<14>Aug  8 17:10:11 ec2: 1024 SHA256:cbzOuX0E5b/D5rFsNJhOK8K0F332gn76/T7h5JFPdIQ root@ubuntu-xenial (DSA)
<14>Aug  8 17:10:11 ec2: 256 SHA256:hDaRogDvMkI3XaWpH+axb9zJEwl3R2/Z0sNPgE59WGo root@ubuntu-xenial (ECDSA)
<14>Aug  8 17:10:11 ec2: 256 SHA256:xeVDLxwy8sqmlGWP7cXwvL4tBvpoqzx0ChomD4NUIc4 root@ubuntu-xenial (ED25519)
<14>Aug  8 17:10:11 ec2: 2048 SHA256:OXrS/Jtq7CgbQbUJkxWO6T0pXbrUy47T9ElBnb0j2v4 root@ubuntu-xenial (RSA)
<14>Aug  8 17:10:11 ec2: -----END SSH HOST KEY FINGERPRINTS-----
<14>Aug  8 17:10:11 ec2: #############################################################
-----BEGIN SSH HOST KEY KEYS-----
ecdsa-sha2-nistp256 AAAAE2VjZHNhLXNoYTItbmlzdHAyNTYAAAAIbmlzdHAyNTYAAABBBFnc8VqL8c+WdjtmRXjlb7jSxLDnjMbFM8oG+EpfY9YSnS0u8QxsMpuT08jo6q7hP7bopcl6R1iLe4V43U+l/iQ= root@ubuntu-xenial
ssh-ed25519 AAAAC3NzaC1lZDI1NTE5AAAAIDUC9StMOO7+TaXx2GjXLtQefhkYMUrr5eHh6Y2OdkrN root@ubuntu-xenial
ssh-rsa AAAAB3NzaC1yc2EAAAADAQABAAABAQDVw2Ypx42KRNt/K1DdmHch6NrUtpDAyZTNJhmT/5sp9vKHD/T9+lNe7lr4NIKEjnFQqO9ZliFr80HDxpsP9u18gMRHVDW0o80qQXCvnxAn8/IDSrzYxcelVhypFv780SjfDHOfKpsO9Yg+MCpSKLboP+AmhwkF4kQCmhtfWS9et/hGgm+ZQeBL48WQwx8KUhcTrVSrsH93wTgqDN8h6kkASMe5pxj9OTgVWptOk5OmZEngf8Vd6ba7mTCDKm6iQ81He5P8nzqs3e8jwnefTAVW09SAP6E1xo/gZde3rpD3gkJBgphOg1o6UwwUHp38k6Nw/I+k1t+YYAEABOy3u4E/ root@ubuntu-xenial
-----END SSH HOST KEY KEYS-----
[   45.494296] cloud-init[1570]: Cloud-init v. 19.1-1-gbaa47854-0ubuntu1~16.04.1 running 'modules:final' at Thu, 08 Aug 2019 17:10:11 +0000. Up 44.85 seconds.
[   45.495418] cloud-init[1570]: ci-info: no authorized ssh keys fingerprints found for user ubuntu.
[   45.496222] cloud-init[1570]: Cloud-init v. 19.1-1-gbaa47854-0ubuntu1~16.04.1 finished at Thu, 08 Aug 2019 17:10:11 +0000. Datasource DataSourceNoCloud [seed=/dev/sdb][dsmode=net].  Up 45.45 seconds
[[0;32m  OK  [0m] Closed Load/Save RF Kill Switch Status /dev/rfkill Watch.
         Stopping Session 3 of user vagrant.
         Stopping User Manager for UID 1000...
[[0;32m  OK  [0m] Stopped target Timers.
         Stopping ACPI event daemon...
[[0;32m  OK  [0m] Stopped target Cloud-init target.
         Stopping Authenticate and Authorize Users to Run Privileged Tasks...
[[0;32m  OK  [0m] Stopped Execute cloud user/final scripts.
[[0;32m  OK  [0m] Stopped Daily apt upgrade and clean activities.
[[0;32m  OK  [0m] Stopped Apply the settings specified in cloud-config.
[[0;32m  OK  [0m] Stopped target Cloud-config availability.
[[0;32m  OK  [0m] Stopped target Graphical Interface.
         Stopping Accounts Service...
[[0;32m  OK  [0m] Stopped target Multi-User System.
         Stopping Regular background program processing daemon...
         Stopping LXD - container startup/shutdown...
         Stopping Unattended Upgrades Shutdown...
         Stopping FUSE filesystem for LXC...
         Stopping D-Bus System Message Bus...
         Stopping OpenBSD Secure Shell server...
         Stopping LSB: Set the CPU Frequy[[0;32m  OK  [0m] Stopped Daily apt download activities.
[[0;32m  OK  [0m] Stopped target System Time Synchronized.
         Stopping LSB: daemon to balance interrupts for SMP systems...
[[0;32m  OK  [0m] Unmounted /var/lib/lxcfs.
[[0;32m  OK  [0m] Stopped Deferred execution scheduler.
[[0;32m  OK  [0m] Stopped System Logging Service.
[[0;32m  OK  [0m] Stopped Regular background program processing daemon.
[[0;32m  OK  [0m] Stopped Accounts Service.
[[0;32m  OK  [0m] Stopped ACPI event daemon.
[[0;32m  OK  [0m] Stopped Authenticate and Authorize Users to Run Privileged Tasks.
[[0;32m  OK  [0m] Stopped Unattended Upgrades Shutdown.
[[0;32m  OK  [0m] Stopped Getty on tty1.
[[0;32m  OK  [0m] Stopped Serial Getty on ttyS0.
[[0;32m  OK  [0m] Stopped OpenBSD Secure Shell server.
[[0;32m  OK  [0m] Stopped User Manager for UID 1000.
[[0;32m  OK  [0m] Stopped Session 3 of user vagrant.
[[0;32m  OK  [0m] Stopped D-Bus System Message Bus.
[[0;32m  OK  [0m] Stopped FUSE filesystem for LXC.
[[0;32m  OK  [0m] Stopped LXD - container startup/shutdown.
[[0;32m  OK  [0m] Removed slice User Slice of vagrant.
[[0;32m  OK  [0m] Removed slice system-serial\x2dgetty.slice.
         Stopping Permit User Sessions...
[[0;32m  OK  [0m] Removed slice system-getty.slice.
[[0;32m  OK  [0m] Stopped /etc/rc.local Compatibility.
         Stopping Login Service...
[[0;32m  OK  [0m] Stopped LSB: Set the CPU Frequency Scaling governor to "ondemand".
[[0;32m  OK  [0m] Stopped LSB: MD monitoring daemon.
[[0;32m  OK  [0m] Stopped LSB: automatic crash report generation.
[[0;32m  OK  [0m] Stopped LSB: Record successful boot for GRUB.
[[0;32m  OK  [0m] Stopped Virtualbox guest utils.
[[0;32m  OK  [0m] Stopped LSB: daemon to balance interrupts for SMP systems.
[[0;32m  OK  [0m] Stopped Permit User Sessions.
[[0;32m  OK  [0m] Stopped Login Service.
[[0;32m  OK  [0m] Stopped target User and Group Name Lookups.
[[0;32m  OK  [0m] Stopped target Remote File Systems.
[[0;32m  OK  [0m] Stopped target Remote File Systems (Pre).
         Stopping Login to default iSCSI targets...
[[0;32m  OK  [0m] Stopped target Basic System.
[[0;32m  OK  [0m] Stopped target Sockets.
[[0;32m  OK  [0m] Closed Syslog Socket.
[[0;32m  OK  [0m] Closed LXD - unix socket.
[[0;32m  OK  [0m] Closed Socket activation for snappy daemon.
[[0;32m  OK  [0m] Closed UUID daemon activation socket.
[[0;32m  OK  [0m] Closed D-Bus System Message Bus Socket.
[[0;32m  OK  [0m] Closed ACPID Listen Socket.
[[0;32m  OK  [0m] Stopped target Slices.
[[0;32m  OK  [0m] Removed slice User and Session Slice.
[[0;32m  OK  [0m] Stopped target Paths.
[[0;32m  OK  [0m] Stopped ACPI Events Check.
[[0;32m  OK  [0m] Stopped target System Initialization.
[[0;32m  OK  [0m] Stopped Commit a transient machine-id on disk.
[[0;32m  OK  [0m] Stopped Create Volatile Files and Directories.
[[0;32m  OK  [0m] Stopped target Encrypted Volumes.
         Stopping Load/Save Random Seed...
[[0;32m  OK  [0m] Stopped target Swap.
[[0;32m  OK  [0m] Stopped Dispatch Password Requests to Console Directory Watch.
[[0;32m  OK  [0m] Stopped Forward Password Requests to Wall Directory Watch.
[[0;32m  OK  [0m] Stopped Load/Save Random Seed.
[[0;32m  OK  [0m] Stopped Login to default iSCSI targets.
         Stopping iSCSI initiator daemon (iscsid)...
[[0;32m  OK  [0m] Stopped iSCSI initiator daemon (iscsid).
[[0;32m  OK  [0m] Stopped target Network is Online.
[[0;32m  OK  [0m] Stopped Initial cloud-init job (metadata service crawler).
[[0;32m  OK  [0m] Stopped target Network.
         Stopping Raise network interfaces...
[[0;32m  OK  [0m] Stopped Raise network interfaces.
[[0;32m  OK  [0m] Stopped Apply Kernel Variables.
[[0;32m  OK  [0m] Stopped target Network (Pre).
[[0;32m  OK  [0m] Stopped Initial cloud-init job (pre-networking).
[[0;32m  OK  [0m] Stopped Load Kernel Modules.
[[0;32m  OK  [0m] Stopped target Local File Systems.
         Unmounting /run/user/1000...
         Unmounting /vagrant...
[[0;32m  OK  [0m] Unmounted /run/user/1000.
[[0;32m  OK  [0m] Unmounted /vagrant.
[[0;32m  OK  [0m] Reached target Unmount All Filesystems.
[[0;32m  OK  [0m] Stopped target Local File Systems (Pre).
[[0;32m  OK  [0m] Stopped Remount Root and Kernel File Systems.
         Stopping Monitoring of LVM2 mirrors... dmeventd or progress polling...
[[0;32m  OK  [0m] Stopped Create Static Device Nodes in /dev.
[[0;32m  OK  [0m] Reached target Shutdown.
[  109.635883] reboot: Power down
